2024-12-04 08:03:34.402  INFO 17444 --- [restartedMain] com.mindskip.xzs.XzsApplication          : Starting XzsApplication on acerro with PID 17444 (D:\Workshop\week18\xzs-mysql-master\source\xzs\target\classes started by 86190 in D:\Workshop\week18\xzs-mysql-master\source\xzs)
2024-12-04 08:03:34.405  INFO 17444 --- [restartedMain] com.mindskip.xzs.XzsApplication          : The following profiles are active: dev
2024-12-04 08:03:34.464  INFO 17444 --- [restartedMain] .e.DevToolsPropertyDefaultsPostProcessor : Devtools property defaults active! Set 'spring.devtools.add-properties' to 'false' to disable
2024-12-04 08:03:34.464  INFO 17444 --- [restartedMain] .e.DevToolsPropertyDefaultsPostProcessor : For additional web related logging consider setting the 'logging.level.web' property to 'DEBUG'
2024-12-04 08:03:36.789  WARN 17444 --- [restartedMain] io.undertow.websockets.jsr               : UT026010: Buffer pool was not set on WebSocketDeploymentInfo, the default pool will be used
2024-12-04 08:03:36.845  INFO 17444 --- [restartedMain] io.undertow.servlet                      : Initializing Spring embedded WebApplicationContext
2024-12-04 08:03:36.845  INFO 17444 --- [restartedMain] o.s.web.context.ContextLoader            : Root WebApplicationContext: initialization completed in 2381 ms
2024-12-04 08:03:38.149  INFO 17444 --- [restartedMain] o.s.s.web.DefaultSecurityFilterChain     : Creating filter chain: any request, [org.springframework.security.web.context.request.async.WebAsyncManagerIntegrationFilter@3a003ab5, org.springframework.security.web.context.SecurityContextPersistenceFilter@357c745b, org.springframework.security.web.header.HeaderWriterFilter@7c315fa5, org.springframework.web.filter.CorsFilter@6f1206cf, org.springframework.security.web.authentication.logout.LogoutFilter@77f0f8a0, com.mindskip.xzs.configuration.spring.security.RestLoginAuthenticationFilter@10066fab, org.springframework.security.web.authentication.UsernamePasswordAuthenticationFilter@38ce2489, org.springframework.security.web.savedrequest.RequestCacheAwareFilter@122a5c39, org.springframework.security.web.servletapi.SecurityContextHolderAwareRequestFilter@bc73d27, org.springframework.security.web.authentication.rememberme.RememberMeAuthenticationFilter@51bca4e, org.springframework.security.web.authentication.AnonymousAuthenticationFilter@536852da, org.springframework.security.web.session.SessionManagementFilter@62968b7a, org.springframework.security.web.access.ExceptionTranslationFilter@1a8a9136, org.springframework.security.web.access.intercept.FilterSecurityInterceptor@a124ba7]
2024-12-04 08:03:38.640  INFO 17444 --- [restartedMain] o.s.b.d.a.OptionalLiveReloadServer       : LiveReload server is running on port 35729
2024-12-04 08:03:38.723  INFO 17444 --- [restartedMain] org.xnio                                 : XNIO version 3.3.8.Final
2024-12-04 08:03:38.737  INFO 17444 --- [restartedMain] org.xnio.nio                             : XNIO NIO Implementation Version 3.3.8.Final
2024-12-04 08:03:38.833  INFO 17444 --- [restartedMain] o.s.b.w.e.u.UndertowServletWebServer     : Undertow started on port(s) 8000 (http) with context path ''
2024-12-04 08:03:38.837  INFO 17444 --- [restartedMain] com.mindskip.xzs.XzsApplication          : Started XzsApplication in 5.667 seconds (JVM running for 7.682)
2024-12-04 08:04:48.463  INFO 17444 --- [XNIO-1 task-3] io.undertow.servlet                      : Initializing Spring DispatcherServlet 'dispatcherServlet'
2024-12-04 08:04:48.464  INFO 17444 --- [XNIO-1 task-3] o.s.web.servlet.DispatcherServlet        : Initializing Servlet 'dispatcherServlet'
2024-12-04 08:04:48.477  INFO 17444 --- [XNIO-1 task-3] o.s.web.servlet.DispatcherServlet        : Completed initialization in 13 ms
2024-12-04 08:04:52.232  INFO 17444 --- [XNIO-1 task-5] com.zaxxer.hikari.HikariDataSource       : HikariPool-1 - Starting...
2024-12-04 08:04:52.452  INFO 17444 --- [XNIO-1 task-5] com.zaxxer.hikari.HikariDataSource       : HikariPool-1 - Start completed.
2024-12-04 08:04:52.463 DEBUG 17444 --- [XNIO-1 task-5] r.c.m.x.r.UserMapper.getUserByUserName   : ==>  Preparing: select id, user_uuid, user_name, password, real_name, age, sex, birth_day, user_level, phone, role, status, image_path, create_time, modify_time, last_active_time, deleted, wx_open_id from t_user where deleted=0 and user_name=? limit 1 
2024-12-04 08:04:52.503 DEBUG 17444 --- [XNIO-1 task-5] r.c.m.x.r.UserMapper.getUserByUserName   : ==> Parameters: student(String)
2024-12-04 08:04:52.557 DEBUG 17444 --- [XNIO-1 task-5] r.c.m.x.r.UserMapper.getUserByUserName   : <==      Total: 1
2024-12-04 08:04:53.335 DEBUG 17444 --- [XNIO-1 task-5] r.c.m.x.r.UserMapper.getUserByUserName   : ==>  Preparing: select id, user_uuid, user_name, password, real_name, age, sex, birth_day, user_level, phone, role, status, image_path, create_time, modify_time, last_active_time, deleted, wx_open_id from t_user where deleted=0 and user_name=? limit 1 
2024-12-04 08:04:53.336 DEBUG 17444 --- [XNIO-1 task-5] r.c.m.x.r.UserMapper.getUserByUserName   : ==> Parameters: student(String)
2024-12-04 08:04:53.338 DEBUG 17444 --- [XNIO-1 task-5] r.c.m.x.r.UserMapper.getUserByUserName   : <==      Total: 1
2024-12-04 08:04:53.372 DEBUG 17444 --- [XNIO-1 task-5] r.c.m.x.r.U.insertSelective              : ==>  Preparing: insert into t_user_event_log ( user_id, user_name, real_name, content, create_time ) values ( ?, ?, ?, ?, ? ) 
2024-12-04 08:04:53.377 DEBUG 17444 --- [XNIO-1 task-5] r.c.m.x.r.U.insertSelective              : ==> Parameters: 1(Integer), student(String), 学生(String), student 登录了学之思开源考试系统(String), 2024-12-04 08:04:53.338(Timestamp)
2024-12-04 08:04:53.398 DEBUG 17444 --- [XNIO-1 task-5] r.c.m.x.r.U.insertSelective              : <==    Updates: 1
2024-12-04 08:04:53.806 DEBUG 17444 --- [XNIO-1 task-8] r.c.m.x.r.UserMapper.getUserByUserName   : ==>  Preparing: select id, user_uuid, user_name, password, real_name, age, sex, birth_day, user_level, phone, role, status, image_path, create_time, modify_time, last_active_time, deleted, wx_open_id from t_user where deleted=0 and user_name=? limit 1 
2024-12-04 08:04:53.808 DEBUG 17444 --- [XNIO-1 task-6] r.c.m.x.r.UserMapper.getUserByUserName   : ==>  Preparing: select id, user_uuid, user_name, password, real_name, age, sex, birth_day, user_level, phone, role, status, image_path, create_time, modify_time, last_active_time, deleted, wx_open_id from t_user where deleted=0 and user_name=? limit 1 
2024-12-04 08:04:53.808 DEBUG 17444 --- [XNIO-1 task-7] r.c.m.x.r.UserMapper.getUserByUserName   : ==>  Preparing: select id, user_uuid, user_name, password, real_name, age, sex, birth_day, user_level, phone, role, status, image_path, create_time, modify_time, last_active_time, deleted, wx_open_id from t_user where deleted=0 and user_name=? limit 1 
2024-12-04 08:04:53.808 DEBUG 17444 --- [XNIO-1 task-6] r.c.m.x.r.UserMapper.getUserByUserName   : ==> Parameters: student(String)
2024-12-04 08:04:53.808 DEBUG 17444 --- [XNIO-1 task-8] r.c.m.x.r.UserMapper.getUserByUserName   : ==> Parameters: student(String)
2024-12-04 08:04:53.808 DEBUG 17444 --- [XNIO-1 task-7] r.c.m.x.r.UserMapper.getUserByUserName   : ==> Parameters: student(String)
2024-12-04 08:04:53.810 DEBUG 17444 --- [XNIO-1 task-9] r.c.m.x.r.UserMapper.getUserByUserName   : ==>  Preparing: select id, user_uuid, user_name, password, real_name, age, sex, birth_day, user_level, phone, role, status, image_path, create_time, modify_time, last_active_time, deleted, wx_open_id from t_user where deleted=0 and user_name=? limit 1 
2024-12-04 08:04:53.811 DEBUG 17444 --- [XNIO-1 task-9] r.c.m.x.r.UserMapper.getUserByUserName   : ==> Parameters: student(String)
2024-12-04 08:04:53.814 DEBUG 17444 --- [XNIO-1 task-6] r.c.m.x.r.UserMapper.getUserByUserName   : <==      Total: 1
2024-12-04 08:04:53.814 DEBUG 17444 --- [XNIO-1 task-8] r.c.m.x.r.UserMapper.getUserByUserName   : <==      Total: 1
2024-12-04 08:04:53.814 DEBUG 17444 --- [XNIO-1 task-7] r.c.m.x.r.UserMapper.getUserByUserName   : <==      Total: 1
2024-12-04 08:04:53.815 DEBUG 17444 --- [XNIO-1 task-9] r.c.m.x.r.UserMapper.getUserByUserName   : <==      Total: 1
2024-12-04 08:04:53.817 DEBUG 17444 --- [XNIO-1 task-9] r.c.m.x.r.MessageUserMapper.unReadCount  : ==>  Preparing: select count(*) from t_message_user where readed='f' and receive_user_id = ? 
2024-12-04 08:04:53.817 DEBUG 17444 --- [XNIO-1 task-8] r.c.m.x.r.T.getByGradeLevel              : ==>  Preparing: select id, title, grade_level, frame_text_content_id, create_user, create_time, deleted, create_user_name from t_task_exam where deleted=0 and grade_level = ? 
2024-12-04 08:04:53.817 DEBUG 17444 --- [XNIO-1 task-9] r.c.m.x.r.MessageUserMapper.unReadCount  : ==> Parameters: 1(Integer)
2024-12-04 08:04:53.817 DEBUG 17444 --- [XNIO-1 task-8] r.c.m.x.r.T.getByGradeLevel              : ==> Parameters: 1(Integer)
2024-12-04 08:04:53.823 DEBUG 17444 --- [XNIO-1 task-7] r.c.m.x.r.ExamPaperMapper.indexPaper     : ==>  Preparing: SELECT id,name,limit_start_time,limit_end_time FROM t_exam_paper WHERE deleted=0 and paper_type= ? and grade_level=? ORDER BY id desc limit 5 
2024-12-04 08:04:53.824 DEBUG 17444 --- [XNIO-1 task-7] r.c.m.x.r.ExamPaperMapper.indexPaper     : ==> Parameters: 1(Integer), 1(Integer)
2024-12-04 08:04:53.841 DEBUG 17444 --- [XNIO-1 task-9] r.c.m.x.r.MessageUserMapper.unReadCount  : <==      Total: 1
2024-12-04 08:04:53.846 DEBUG 17444 --- [XNIO-1 task-8] r.c.m.x.r.T.getByGradeLevel              : <==      Total: 0
2024-12-04 08:04:53.846 DEBUG 17444 --- [XNIO-1 task-7] r.c.m.x.r.ExamPaperMapper.indexPaper     : <==      Total: 0
2024-12-04 08:04:53.848 DEBUG 17444 --- [XNIO-1 task-7] r.c.m.x.r.ExamPaperMapper.indexPaper     : ==>  Preparing: SELECT id,name,limit_start_time,limit_end_time FROM t_exam_paper WHERE deleted=0 and paper_type= ? and grade_level=? and ? between limit_start_time and limit_end_time ORDER BY id desc limit 5 
2024-12-04 08:04:53.849 DEBUG 17444 --- [XNIO-1 task-7] r.c.m.x.r.ExamPaperMapper.indexPaper     : ==> Parameters: 4(Integer), 1(Integer), 2024-12-04 08:04:53.846(Timestamp)
2024-12-04 08:04:53.850 DEBUG 17444 --- [XNIO-1 task-7] r.c.m.x.r.ExamPaperMapper.indexPaper     : <==      Total: 0
2024-12-04 08:04:57.044 DEBUG 17444 --- [XNIO-1 task-10] r.c.m.x.r.UserMapper.getUserByUserName   : ==>  Preparing: select id, user_uuid, user_name, password, real_name, age, sex, birth_day, user_level, phone, role, status, image_path, create_time, modify_time, last_active_time, deleted, wx_open_id from t_user where deleted=0 and user_name=? limit 1 
2024-12-04 08:04:57.045 DEBUG 17444 --- [XNIO-1 task-10] r.c.m.x.r.UserMapper.getUserByUserName   : ==> Parameters: student(String)
2024-12-04 08:04:57.046 DEBUG 17444 --- [XNIO-1 task-10] r.c.m.x.r.UserMapper.getUserByUserName   : <==      Total: 1
2024-12-04 08:04:57.047 DEBUG 17444 --- [XNIO-1 task-10] r.c.m.x.r.U.getUserEventLogByUserId      : ==>  Preparing: select id, user_id, user_name, real_name, content, create_time from t_user_event_log where user_id=? order by id desc limit 10 
2024-12-04 08:04:57.047 DEBUG 17444 --- [XNIO-1 task-10] r.c.m.x.r.U.getUserEventLogByUserId      : ==> Parameters: 1(Integer)
2024-12-04 08:04:57.052 DEBUG 17444 --- [XNIO-1 task-10] r.c.m.x.r.U.getUserEventLogByUserId      : <==      Total: 10
2024-12-04 08:04:57.360 DEBUG 17444 --- [XNIO-1 task-11] r.c.m.x.r.UserMapper.getUserByUserName   : ==>  Preparing: select id, user_uuid, user_name, password, real_name, age, sex, birth_day, user_level, phone, role, status, image_path, create_time, modify_time, last_active_time, deleted, wx_open_id from t_user where deleted=0 and user_name=? limit 1 
2024-12-04 08:04:57.361 DEBUG 17444 --- [XNIO-1 task-11] r.c.m.x.r.UserMapper.getUserByUserName   : ==> Parameters: student(String)
2024-12-04 08:04:57.362 DEBUG 17444 --- [XNIO-1 task-11] r.c.m.x.r.UserMapper.getUserByUserName   : <==      Total: 1
2024-12-04 08:05:13.745 DEBUG 17444 --- [XNIO-1 task-12] r.c.m.x.r.UserMapper.getUserByUserName   : ==>  Preparing: select id, user_uuid, user_name, password, real_name, age, sex, birth_day, user_level, phone, role, status, image_path, create_time, modify_time, last_active_time, deleted, wx_open_id from t_user where deleted=0 and user_name=? limit 1 
2024-12-04 08:05:13.745 DEBUG 17444 --- [XNIO-1 task-12] r.c.m.x.r.UserMapper.getUserByUserName   : ==> Parameters: student(String)
2024-12-04 08:05:13.746 DEBUG 17444 --- [XNIO-1 task-12] r.c.m.x.r.UserMapper.getUserByUserName   : <==      Total: 1
2024-12-04 08:05:13.747 DEBUG 17444 --- [XNIO-1 task-12] r.c.m.x.r.S.getSubjectByLevel            : ==>  Preparing: select id, name, level, level_name, item_order, deleted from t_subject where level= ? order by item_order 
2024-12-04 08:05:13.749 DEBUG 17444 --- [XNIO-1 task-12] r.c.m.x.r.S.getSubjectByLevel            : ==> Parameters: 1(Integer)
2024-12-04 08:05:13.762 DEBUG 17444 --- [XNIO-1 task-12] r.c.m.x.r.S.getSubjectByLevel            : <==      Total: 2
2024-12-04 08:05:14.297 DEBUG 17444 --- [XNIO-1 task-13] r.c.m.x.r.E.studentPage_COUNT            : ==>  Preparing: SELECT count(0) FROM t_exam_paper WHERE deleted = 0 AND subject_id = ? AND paper_type = ? 
2024-12-04 08:05:14.297 DEBUG 17444 --- [XNIO-1 task-13] r.c.m.x.r.E.studentPage_COUNT            : ==> Parameters: 1(Integer), 1(Integer)
2024-12-04 08:05:14.302 DEBUG 17444 --- [XNIO-1 task-13] r.c.m.x.r.E.studentPage_COUNT            : <==      Total: 1
2024-12-04 08:05:15.782 DEBUG 17444 --- [XNIO-1 task-14] r.c.m.x.r.UserMapper.getUserByUserName   : ==>  Preparing: select id, user_uuid, user_name, password, real_name, age, sex, birth_day, user_level, phone, role, status, image_path, create_time, modify_time, last_active_time, deleted, wx_open_id from t_user where deleted=0 and user_name=? limit 1 
2024-12-04 08:05:15.783 DEBUG 17444 --- [XNIO-1 task-14] r.c.m.x.r.UserMapper.getUserByUserName   : ==> Parameters: student(String)
2024-12-04 08:05:15.785 DEBUG 17444 --- [XNIO-1 task-14] r.c.m.x.r.UserMapper.getUserByUserName   : <==      Total: 1
2024-12-04 08:05:15.786 DEBUG 17444 --- [XNIO-1 task-14] r.c.m.x.r.ExamPaperMapper.indexPaper     : ==>  Preparing: SELECT id,name,limit_start_time,limit_end_time FROM t_exam_paper WHERE deleted=0 and paper_type= ? and grade_level=? ORDER BY id desc limit 5 
2024-12-04 08:05:15.786 DEBUG 17444 --- [XNIO-1 task-14] r.c.m.x.r.ExamPaperMapper.indexPaper     : ==> Parameters: 1(Integer), 1(Integer)
2024-12-04 08:05:15.788 DEBUG 17444 --- [XNIO-1 task-14] r.c.m.x.r.ExamPaperMapper.indexPaper     : <==      Total: 0
2024-12-04 08:05:15.789 DEBUG 17444 --- [XNIO-1 task-14] r.c.m.x.r.ExamPaperMapper.indexPaper     : ==>  Preparing: SELECT id,name,limit_start_time,limit_end_time FROM t_exam_paper WHERE deleted=0 and paper_type= ? and grade_level=? and ? between limit_start_time and limit_end_time ORDER BY id desc limit 5 
2024-12-04 08:05:15.790 DEBUG 17444 --- [XNIO-1 task-14] r.c.m.x.r.ExamPaperMapper.indexPaper     : ==> Parameters: 4(Integer), 1(Integer), 2024-12-04 08:05:15.789(Timestamp)
2024-12-04 08:05:15.791 DEBUG 17444 --- [XNIO-1 task-14] r.c.m.x.r.ExamPaperMapper.indexPaper     : <==      Total: 0
2024-12-04 08:05:16.098 DEBUG 17444 --- [XNIO-1 task-15] r.c.m.x.r.UserMapper.getUserByUserName   : ==>  Preparing: select id, user_uuid, user_name, password, real_name, age, sex, birth_day, user_level, phone, role, status, image_path, create_time, modify_time, last_active_time, deleted, wx_open_id from t_user where deleted=0 and user_name=? limit 1 
2024-12-04 08:05:16.099 DEBUG 17444 --- [XNIO-1 task-15] r.c.m.x.r.UserMapper.getUserByUserName   : ==> Parameters: student(String)
2024-12-04 08:05:16.101 DEBUG 17444 --- [XNIO-1 task-15] r.c.m.x.r.UserMapper.getUserByUserName   : <==      Total: 1
2024-12-04 08:05:16.102 DEBUG 17444 --- [XNIO-1 task-15] r.c.m.x.r.T.getByGradeLevel              : ==>  Preparing: select id, title, grade_level, frame_text_content_id, create_user, create_time, deleted, create_user_name from t_task_exam where deleted=0 and grade_level = ? 
2024-12-04 08:05:16.103 DEBUG 17444 --- [XNIO-1 task-15] r.c.m.x.r.T.getByGradeLevel              : ==> Parameters: 1(Integer)
2024-12-04 08:05:16.104 DEBUG 17444 --- [XNIO-1 task-15] r.c.m.x.r.T.getByGradeLevel              : <==      Total: 0
2024-12-04 08:12:10.009 DEBUG 17444 --- [XNIO-1 task-16] r.c.m.x.r.UserMapper.getUserByUserName   : ==>  Preparing: select id, user_uuid, user_name, password, real_name, age, sex, birth_day, user_level, phone, role, status, image_path, create_time, modify_time, last_active_time, deleted, wx_open_id from t_user where deleted=0 and user_name=? limit 1 
2024-12-04 08:12:10.009 DEBUG 17444 --- [XNIO-1 task-17] r.c.m.x.r.UserMapper.getUserByUserName   : ==>  Preparing: select id, user_uuid, user_name, password, real_name, age, sex, birth_day, user_level, phone, role, status, image_path, create_time, modify_time, last_active_time, deleted, wx_open_id from t_user where deleted=0 and user_name=? limit 1 
2024-12-04 08:12:10.010 DEBUG 17444 --- [XNIO-1 task-16] r.c.m.x.r.UserMapper.getUserByUserName   : ==> Parameters: student(String)
2024-12-04 08:12:10.011 DEBUG 17444 --- [XNIO-1 task-17] r.c.m.x.r.UserMapper.getUserByUserName   : ==> Parameters: student(String)
2024-12-04 08:12:10.012 DEBUG 17444 --- [XNIO-1 task-16] r.c.m.x.r.UserMapper.getUserByUserName   : <==      Total: 1
2024-12-04 08:12:10.012 DEBUG 17444 --- [XNIO-1 task-17] r.c.m.x.r.UserMapper.getUserByUserName   : <==      Total: 1
2024-12-04 08:12:10.012 DEBUG 17444 --- [XNIO-1 task-16] r.c.m.x.r.U.getUserEventLogByUserId      : ==>  Preparing: select id, user_id, user_name, real_name, content, create_time from t_user_event_log where user_id=? order by id desc limit 10 
2024-12-04 08:12:10.012 DEBUG 17444 --- [XNIO-1 task-16] r.c.m.x.r.U.getUserEventLogByUserId      : ==> Parameters: 1(Integer)
2024-12-04 08:12:10.015 DEBUG 17444 --- [XNIO-1 task-16] r.c.m.x.r.U.getUserEventLogByUserId      : <==      Total: 10
2024-12-04 08:14:03.188 DEBUG 17444 --- [XNIO-1 task-19] r.c.m.x.r.UserMapper.getUserByUserName   : ==>  Preparing: select id, user_uuid, user_name, password, real_name, age, sex, birth_day, user_level, phone, role, status, image_path, create_time, modify_time, last_active_time, deleted, wx_open_id from t_user where deleted=0 and user_name=? limit 1 
2024-12-04 08:14:03.191 DEBUG 17444 --- [XNIO-1 task-19] r.c.m.x.r.UserMapper.getUserByUserName   : ==> Parameters: student(String)
2024-12-04 08:14:03.192 DEBUG 17444 --- [XNIO-1 task-18] r.c.m.x.r.UserMapper.getUserByUserName   : ==>  Preparing: select id, user_uuid, user_name, password, real_name, age, sex, birth_day, user_level, phone, role, status, image_path, create_time, modify_time, last_active_time, deleted, wx_open_id from t_user where deleted=0 and user_name=? limit 1 
2024-12-04 08:14:03.193 DEBUG 17444 --- [XNIO-1 task-18] r.c.m.x.r.UserMapper.getUserByUserName   : ==> Parameters: student(String)
2024-12-04 08:14:03.198 DEBUG 17444 --- [XNIO-1 task-18] r.c.m.x.r.UserMapper.getUserByUserName   : <==      Total: 1
2024-12-04 08:14:03.198 DEBUG 17444 --- [XNIO-1 task-19] r.c.m.x.r.UserMapper.getUserByUserName   : <==      Total: 1
2024-12-04 08:14:03.198 DEBUG 17444 --- [XNIO-1 task-18] r.c.m.x.r.MessageUserMapper.unReadCount  : ==>  Preparing: select count(*) from t_message_user where readed='f' and receive_user_id = ? 
2024-12-04 08:14:03.199 DEBUG 17444 --- [XNIO-1 task-18] r.c.m.x.r.MessageUserMapper.unReadCount  : ==> Parameters: 1(Integer)
2024-12-04 08:14:03.200 DEBUG 17444 --- [XNIO-1 task-18] r.c.m.x.r.MessageUserMapper.unReadCount  : <==      Total: 1
2024-12-04 08:14:03.210 DEBUG 17444 --- [XNIO-1 task-21] r.c.m.x.r.UserMapper.getUserByUserName   : ==>  Preparing: select id, user_uuid, user_name, password, real_name, age, sex, birth_day, user_level, phone, role, status, image_path, create_time, modify_time, last_active_time, deleted, wx_open_id from t_user where deleted=0 and user_name=? limit 1 
2024-12-04 08:14:03.210 DEBUG 17444 --- [XNIO-1 task-20] r.c.m.x.r.UserMapper.getUserByUserName   : ==>  Preparing: select id, user_uuid, user_name, password, real_name, age, sex, birth_day, user_level, phone, role, status, image_path, create_time, modify_time, last_active_time, deleted, wx_open_id from t_user where deleted=0 and user_name=? limit 1 
2024-12-04 08:14:03.210 DEBUG 17444 --- [XNIO-1 task-21] r.c.m.x.r.UserMapper.getUserByUserName   : ==> Parameters: student(String)
2024-12-04 08:14:03.215 DEBUG 17444 --- [XNIO-1 task-20] r.c.m.x.r.UserMapper.getUserByUserName   : ==> Parameters: student(String)
2024-12-04 08:14:03.219 DEBUG 17444 --- [XNIO-1 task-20] r.c.m.x.r.UserMapper.getUserByUserName   : <==      Total: 1
2024-12-04 08:14:03.219 DEBUG 17444 --- [XNIO-1 task-21] r.c.m.x.r.UserMapper.getUserByUserName   : <==      Total: 1
2024-12-04 08:14:03.219 DEBUG 17444 --- [XNIO-1 task-21] r.c.m.x.r.T.getByGradeLevel              : ==>  Preparing: select id, title, grade_level, frame_text_content_id, create_user, create_time, deleted, create_user_name from t_task_exam where deleted=0 and grade_level = ? 
2024-12-04 08:14:03.219 DEBUG 17444 --- [XNIO-1 task-20] r.c.m.x.r.ExamPaperMapper.indexPaper     : ==>  Preparing: SELECT id,name,limit_start_time,limit_end_time FROM t_exam_paper WHERE deleted=0 and paper_type= ? and grade_level=? ORDER BY id desc limit 5 
2024-12-04 08:14:03.219 DEBUG 17444 --- [XNIO-1 task-21] r.c.m.x.r.T.getByGradeLevel              : ==> Parameters: 1(Integer)
2024-12-04 08:14:03.219 DEBUG 17444 --- [XNIO-1 task-20] r.c.m.x.r.ExamPaperMapper.indexPaper     : ==> Parameters: 1(Integer), 1(Integer)
2024-12-04 08:14:03.221 DEBUG 17444 --- [XNIO-1 task-21] r.c.m.x.r.T.getByGradeLevel              : <==      Total: 0
2024-12-04 08:14:03.221 DEBUG 17444 --- [XNIO-1 task-20] r.c.m.x.r.ExamPaperMapper.indexPaper     : <==      Total: 0
2024-12-04 08:14:03.221 DEBUG 17444 --- [XNIO-1 task-20] r.c.m.x.r.ExamPaperMapper.indexPaper     : ==>  Preparing: SELECT id,name,limit_start_time,limit_end_time FROM t_exam_paper WHERE deleted=0 and paper_type= ? and grade_level=? and ? between limit_start_time and limit_end_time ORDER BY id desc limit 5 
2024-12-04 08:14:03.221 DEBUG 17444 --- [XNIO-1 task-20] r.c.m.x.r.ExamPaperMapper.indexPaper     : ==> Parameters: 4(Integer), 1(Integer), 2024-12-04 08:14:03.221(Timestamp)
2024-12-04 08:14:03.221 DEBUG 17444 --- [XNIO-1 task-20] r.c.m.x.r.ExamPaperMapper.indexPaper     : <==      Total: 0
2024-12-04 09:07:44.142 DEBUG 17444 --- [XNIO-1 task-28] r.c.m.x.r.UserMapper.getUserByUserName   : ==>  Preparing: select id, user_uuid, user_name, password, real_name, age, sex, birth_day, user_level, phone, role, status, image_path, create_time, modify_time, last_active_time, deleted, wx_open_id from t_user where deleted=0 and user_name=? limit 1 
2024-12-04 09:07:44.147 DEBUG 17444 --- [XNIO-1 task-28] r.c.m.x.r.UserMapper.getUserByUserName   : ==> Parameters: student(String)
2024-12-04 09:07:44.154 DEBUG 17444 --- [XNIO-1 task-28] r.c.m.x.r.UserMapper.getUserByUserName   : <==      Total: 1
2024-12-04 09:07:44.162 DEBUG 17444 --- [XNIO-1 task-28] r.c.m.x.r.UserMapper.getUserByUserName   : ==>  Preparing: select id, user_uuid, user_name, password, real_name, age, sex, birth_day, user_level, phone, role, status, image_path, create_time, modify_time, last_active_time, deleted, wx_open_id from t_user where deleted=0 and user_name=? limit 1 
2024-12-04 09:07:44.162 DEBUG 17444 --- [XNIO-1 task-28] r.c.m.x.r.UserMapper.getUserByUserName   : ==> Parameters: student(String)
2024-12-04 09:07:44.164 DEBUG 17444 --- [XNIO-1 task-28] r.c.m.x.r.UserMapper.getUserByUserName   : <==      Total: 1
2024-12-04 09:07:44.166 DEBUG 17444 --- [XNIO-1 task-28] r.c.m.x.r.U.insertSelective              : ==>  Preparing: insert into t_user_event_log ( user_id, user_name, real_name, content, create_time ) values ( ?, ?, ?, ?, ? ) 
2024-12-04 09:07:44.168 DEBUG 17444 --- [XNIO-1 task-28] r.c.m.x.r.U.insertSelective              : ==> Parameters: 1(Integer), student(String), 学生(String), student 登录了学之思开源考试系统(String), 2024-12-04 09:07:44.164(Timestamp)
2024-12-04 09:07:44.183 DEBUG 17444 --- [XNIO-1 task-28] r.c.m.x.r.U.insertSelective              : <==    Updates: 1
2024-12-04 09:07:44.228 DEBUG 17444 --- [XNIO-1 task-29] r.c.m.x.r.UserMapper.getUserByUserName   : ==>  Preparing: select id, user_uuid, user_name, password, real_name, age, sex, birth_day, user_level, phone, role, status, image_path, create_time, modify_time, last_active_time, deleted, wx_open_id from t_user where deleted=0 and user_name=? limit 1 
2024-12-04 09:07:44.229 DEBUG 17444 --- [XNIO-1 task-29] r.c.m.x.r.UserMapper.getUserByUserName   : ==> Parameters: student(String)
2024-12-04 09:07:44.232 DEBUG 17444 --- [XNIO-1 task-29] r.c.m.x.r.UserMapper.getUserByUserName   : <==      Total: 1
2024-12-04 09:07:44.233 DEBUG 17444 --- [XNIO-1 task-29] r.c.m.x.r.MessageUserMapper.unReadCount  : ==>  Preparing: select count(*) from t_message_user where readed='f' and receive_user_id = ? 
2024-12-04 09:07:44.234 DEBUG 17444 --- [XNIO-1 task-29] r.c.m.x.r.MessageUserMapper.unReadCount  : ==> Parameters: 1(Integer)
2024-12-04 09:07:44.236 DEBUG 17444 --- [XNIO-1 task-29] r.c.m.x.r.MessageUserMapper.unReadCount  : <==      Total: 1
2024-12-04 09:07:44.560 DEBUG 17444 --- [XNIO-1 task-32] r.c.m.x.r.UserMapper.getUserByUserName   : ==>  Preparing: select id, user_uuid, user_name, password, real_name, age, sex, birth_day, user_level, phone, role, status, image_path, create_time, modify_time, last_active_time, deleted, wx_open_id from t_user where deleted=0 and user_name=? limit 1 
2024-12-04 09:07:44.560 DEBUG 17444 --- [XNIO-1 task-31] r.c.m.x.r.UserMapper.getUserByUserName   : ==>  Preparing: select id, user_uuid, user_name, password, real_name, age, sex, birth_day, user_level, phone, role, status, image_path, create_time, modify_time, last_active_time, deleted, wx_open_id from t_user where deleted=0 and user_name=? limit 1 
2024-12-04 09:07:44.560 DEBUG 17444 --- [XNIO-1 task-30] r.c.m.x.r.UserMapper.getUserByUserName   : ==>  Preparing: select id, user_uuid, user_name, password, real_name, age, sex, birth_day, user_level, phone, role, status, image_path, create_time, modify_time, last_active_time, deleted, wx_open_id from t_user where deleted=0 and user_name=? limit 1 
2024-12-04 09:07:44.561 DEBUG 17444 --- [XNIO-1 task-32] r.c.m.x.r.UserMapper.getUserByUserName   : ==> Parameters: student(String)
2024-12-04 09:07:44.561 DEBUG 17444 --- [XNIO-1 task-31] r.c.m.x.r.UserMapper.getUserByUserName   : ==> Parameters: student(String)
2024-12-04 09:07:44.561 DEBUG 17444 --- [XNIO-1 task-30] r.c.m.x.r.UserMapper.getUserByUserName   : ==> Parameters: student(String)
2024-12-04 09:07:44.561 DEBUG 17444 --- [XNIO-1 task-31] r.c.m.x.r.UserMapper.getUserByUserName   : <==      Total: 1
2024-12-04 09:07:44.561 DEBUG 17444 --- [XNIO-1 task-30] r.c.m.x.r.UserMapper.getUserByUserName   : <==      Total: 1
2024-12-04 09:07:44.563 DEBUG 17444 --- [XNIO-1 task-32] r.c.m.x.r.UserMapper.getUserByUserName   : <==      Total: 1
2024-12-04 09:07:44.563 DEBUG 17444 --- [XNIO-1 task-31] r.c.m.x.r.ExamPaperMapper.indexPaper     : ==>  Preparing: SELECT id,name,limit_start_time,limit_end_time FROM t_exam_paper WHERE deleted=0 and paper_type= ? and grade_level=? ORDER BY id desc limit 5 
2024-12-04 09:07:44.564 DEBUG 17444 --- [XNIO-1 task-31] r.c.m.x.r.ExamPaperMapper.indexPaper     : ==> Parameters: 1(Integer), 1(Integer)
2024-12-04 09:07:44.564 DEBUG 17444 --- [XNIO-1 task-32] r.c.m.x.r.T.getByGradeLevel              : ==>  Preparing: select id, title, grade_level, frame_text_content_id, create_user, create_time, deleted, create_user_name from t_task_exam where deleted=0 and grade_level = ? 
2024-12-04 09:07:44.564 DEBUG 17444 --- [XNIO-1 task-32] r.c.m.x.r.T.getByGradeLevel              : ==> Parameters: 1(Integer)
2024-12-04 09:07:44.565 DEBUG 17444 --- [XNIO-1 task-31] r.c.m.x.r.ExamPaperMapper.indexPaper     : <==      Total: 0
2024-12-04 09:07:44.565 DEBUG 17444 --- [XNIO-1 task-32] r.c.m.x.r.T.getByGradeLevel              : <==      Total: 0
2024-12-04 09:07:44.567 DEBUG 17444 --- [XNIO-1 task-31] r.c.m.x.r.ExamPaperMapper.indexPaper     : ==>  Preparing: SELECT id,name,limit_start_time,limit_end_time FROM t_exam_paper WHERE deleted=0 and paper_type= ? and grade_level=? and ? between limit_start_time and limit_end_time ORDER BY id desc limit 5 
2024-12-04 09:07:44.568 DEBUG 17444 --- [XNIO-1 task-31] r.c.m.x.r.ExamPaperMapper.indexPaper     : ==> Parameters: 4(Integer), 1(Integer), 2024-12-04 09:07:44.566(Timestamp)
2024-12-04 09:07:44.570 DEBUG 17444 --- [XNIO-1 task-31] r.c.m.x.r.ExamPaperMapper.indexPaper     : <==      Total: 0
2024-12-04 09:07:46.717 DEBUG 17444 --- [XNIO-1 task-33] r.c.m.x.r.UserMapper.getUserByUserName   : ==>  Preparing: select id, user_uuid, user_name, password, real_name, age, sex, birth_day, user_level, phone, role, status, image_path, create_time, modify_time, last_active_time, deleted, wx_open_id from t_user where deleted=0 and user_name=? limit 1 
2024-12-04 09:07:46.718 DEBUG 17444 --- [XNIO-1 task-33] r.c.m.x.r.UserMapper.getUserByUserName   : ==> Parameters: student(String)
2024-12-04 09:07:46.718 DEBUG 17444 --- [XNIO-1 task-34] r.c.m.x.r.UserMapper.getUserByUserName   : ==>  Preparing: select id, user_uuid, user_name, password, real_name, age, sex, birth_day, user_level, phone, role, status, image_path, create_time, modify_time, last_active_time, deleted, wx_open_id from t_user where deleted=0 and user_name=? limit 1 
2024-12-04 09:07:46.718 DEBUG 17444 --- [XNIO-1 task-34] r.c.m.x.r.UserMapper.getUserByUserName   : ==> Parameters: student(String)
2024-12-04 09:07:46.718 DEBUG 17444 --- [XNIO-1 task-33] r.c.m.x.r.UserMapper.getUserByUserName   : <==      Total: 1
2024-12-04 09:07:46.718 DEBUG 17444 --- [XNIO-1 task-34] r.c.m.x.r.UserMapper.getUserByUserName   : <==      Total: 1
2024-12-04 09:07:46.720 DEBUG 17444 --- [XNIO-1 task-33] r.c.m.x.r.U.getUserEventLogByUserId      : ==>  Preparing: select id, user_id, user_name, real_name, content, create_time from t_user_event_log where user_id=? order by id desc limit 10 
2024-12-04 09:07:46.720 DEBUG 17444 --- [XNIO-1 task-33] r.c.m.x.r.U.getUserEventLogByUserId      : ==> Parameters: 1(Integer)
2024-12-04 09:07:46.722 DEBUG 17444 --- [XNIO-1 task-33] r.c.m.x.r.U.getUserEventLogByUserId      : <==      Total: 10
2024-12-04 09:15:32.081 DEBUG 17444 --- [XNIO-1 task-35] r.c.m.x.r.UserMapper.getUserByUserName   : ==>  Preparing: select id, user_uuid, user_name, password, real_name, age, sex, birth_day, user_level, phone, role, status, image_path, create_time, modify_time, last_active_time, deleted, wx_open_id from t_user where deleted=0 and user_name=? limit 1 
2024-12-04 09:15:32.081 DEBUG 17444 --- [XNIO-1 task-36] r.c.m.x.r.UserMapper.getUserByUserName   : ==>  Preparing: select id, user_uuid, user_name, password, real_name, age, sex, birth_day, user_level, phone, role, status, image_path, create_time, modify_time, last_active_time, deleted, wx_open_id from t_user where deleted=0 and user_name=? limit 1 
2024-12-04 09:15:32.081 DEBUG 17444 --- [XNIO-1 task-35] r.c.m.x.r.UserMapper.getUserByUserName   : ==> Parameters: student(String)
2024-12-04 09:15:32.081 DEBUG 17444 --- [XNIO-1 task-36] r.c.m.x.r.UserMapper.getUserByUserName   : ==> Parameters: student(String)
2024-12-04 09:15:32.082 DEBUG 17444 --- [XNIO-1 task-36] r.c.m.x.r.UserMapper.getUserByUserName   : <==      Total: 1
2024-12-04 09:15:32.082 DEBUG 17444 --- [XNIO-1 task-35] r.c.m.x.r.UserMapper.getUserByUserName   : <==      Total: 1
2024-12-04 09:15:32.082 DEBUG 17444 --- [XNIO-1 task-36] r.c.m.x.r.U.getUserEventLogByUserId      : ==>  Preparing: select id, user_id, user_name, real_name, content, create_time from t_user_event_log where user_id=? order by id desc limit 10 
2024-12-04 09:15:32.082 DEBUG 17444 --- [XNIO-1 task-35] r.c.m.x.r.MessageUserMapper.unReadCount  : ==>  Preparing: select count(*) from t_message_user where readed='f' and receive_user_id = ? 
2024-12-04 09:15:32.083 DEBUG 17444 --- [XNIO-1 task-36] r.c.m.x.r.U.getUserEventLogByUserId      : ==> Parameters: 1(Integer)
2024-12-04 09:15:32.083 DEBUG 17444 --- [XNIO-1 task-35] r.c.m.x.r.MessageUserMapper.unReadCount  : ==> Parameters: 1(Integer)
2024-12-04 09:15:32.083 DEBUG 17444 --- [XNIO-1 task-35] r.c.m.x.r.MessageUserMapper.unReadCount  : <==      Total: 1
2024-12-04 09:15:32.085 DEBUG 17444 --- [XNIO-1 task-36] r.c.m.x.r.U.getUserEventLogByUserId      : <==      Total: 10
2024-12-04 09:15:32.093 DEBUG 17444 --- [XNIO-1 task-37] r.c.m.x.r.UserMapper.getUserByUserName   : ==>  Preparing: select id, user_uuid, user_name, password, real_name, age, sex, birth_day, user_level, phone, role, status, image_path, create_time, modify_time, last_active_time, deleted, wx_open_id from t_user where deleted=0 and user_name=? limit 1 
2024-12-04 09:15:32.093 DEBUG 17444 --- [XNIO-1 task-38] r.c.m.x.r.UserMapper.getUserByUserName   : ==>  Preparing: select id, user_uuid, user_name, password, real_name, age, sex, birth_day, user_level, phone, role, status, image_path, create_time, modify_time, last_active_time, deleted, wx_open_id from t_user where deleted=0 and user_name=? limit 1 
2024-12-04 09:15:32.093 DEBUG 17444 --- [XNIO-1 task-37] r.c.m.x.r.UserMapper.getUserByUserName   : ==> Parameters: student(String)
2024-12-04 09:15:32.093 DEBUG 17444 --- [XNIO-1 task-38] r.c.m.x.r.UserMapper.getUserByUserName   : ==> Parameters: student(String)
2024-12-04 09:15:32.095 DEBUG 17444 --- [XNIO-1 task-37] r.c.m.x.r.UserMapper.getUserByUserName   : <==      Total: 1
2024-12-04 09:15:32.095 DEBUG 17444 --- [XNIO-1 task-38] r.c.m.x.r.UserMapper.getUserByUserName   : <==      Total: 1
2024-12-04 09:20:20.021 DEBUG 17444 --- [XNIO-1 task-40] r.c.m.x.r.UserMapper.getUserByUserName   : ==>  Preparing: select id, user_uuid, user_name, password, real_name, age, sex, birth_day, user_level, phone, role, status, image_path, create_time, modify_time, last_active_time, deleted, wx_open_id from t_user where deleted=0 and user_name=? limit 1 
2024-12-04 09:20:20.021 DEBUG 17444 --- [XNIO-1 task-40] r.c.m.x.r.UserMapper.getUserByUserName   : ==> Parameters: student(String)
2024-12-04 09:20:20.022 DEBUG 17444 --- [XNIO-1 task-40] r.c.m.x.r.UserMapper.getUserByUserName   : <==      Total: 1
2024-12-04 09:20:20.026 DEBUG 17444 --- [XNIO-1 task-40] r.c.m.x.r.UserMapper.getUserByUserName   : ==>  Preparing: select id, user_uuid, user_name, password, real_name, age, sex, birth_day, user_level, phone, role, status, image_path, create_time, modify_time, last_active_time, deleted, wx_open_id from t_user where deleted=0 and user_name=? limit 1 
2024-12-04 09:20:20.026 DEBUG 17444 --- [XNIO-1 task-40] r.c.m.x.r.UserMapper.getUserByUserName   : ==> Parameters: student(String)
2024-12-04 09:20:20.026 DEBUG 17444 --- [XNIO-1 task-40] r.c.m.x.r.UserMapper.getUserByUserName   : <==      Total: 1
2024-12-04 09:20:20.029 DEBUG 17444 --- [XNIO-1 task-40] r.c.m.x.r.U.insertSelective              : ==>  Preparing: insert into t_user_event_log ( user_id, user_name, real_name, content, create_time ) values ( ?, ?, ?, ?, ? ) 
2024-12-04 09:20:20.029 DEBUG 17444 --- [XNIO-1 task-40] r.c.m.x.r.U.insertSelective              : ==> Parameters: 1(Integer), student(String), 学生(String), student 登录了学之思开源考试系统(String), 2024-12-04 09:20:20.026(Timestamp)
2024-12-04 09:20:20.040 DEBUG 17444 --- [XNIO-1 task-40] r.c.m.x.r.U.insertSelective              : <==    Updates: 1
2024-12-04 09:20:25.967 DEBUG 17444 --- [XNIO-1 task-42] r.c.m.x.r.UserMapper.getUserByUserName   : ==>  Preparing: select id, user_uuid, user_name, password, real_name, age, sex, birth_day, user_level, phone, role, status, image_path, create_time, modify_time, last_active_time, deleted, wx_open_id from t_user where deleted=0 and user_name=? limit 1 
2024-12-04 09:20:25.967 DEBUG 17444 --- [XNIO-1 task-42] r.c.m.x.r.UserMapper.getUserByUserName   : ==> Parameters: admin(String)
2024-12-04 09:20:25.967 DEBUG 17444 --- [XNIO-1 task-42] r.c.m.x.r.UserMapper.getUserByUserName   : <==      Total: 1
2024-12-04 09:20:25.973 DEBUG 17444 --- [XNIO-1 task-42] r.c.m.x.r.UserMapper.getUserByUserName   : ==>  Preparing: select id, user_uuid, user_name, password, real_name, age, sex, birth_day, user_level, phone, role, status, image_path, create_time, modify_time, last_active_time, deleted, wx_open_id from t_user where deleted=0 and user_name=? limit 1 
2024-12-04 09:20:25.973 DEBUG 17444 --- [XNIO-1 task-42] r.c.m.x.r.UserMapper.getUserByUserName   : ==> Parameters: admin(String)
2024-12-04 09:20:25.974 DEBUG 17444 --- [XNIO-1 task-42] r.c.m.x.r.UserMapper.getUserByUserName   : <==      Total: 1
2024-12-04 09:20:25.974 DEBUG 17444 --- [XNIO-1 task-42] r.c.m.x.r.U.insertSelective              : ==>  Preparing: insert into t_user_event_log ( user_id, user_name, real_name, content, create_time ) values ( ?, ?, ?, ?, ? ) 
2024-12-04 09:20:25.976 DEBUG 17444 --- [XNIO-1 task-42] r.c.m.x.r.U.insertSelective              : ==> Parameters: 2(Integer), admin(String), 管理员(String), admin 登录了学之思开源考试系统(String), 2024-12-04 09:20:25.974(Timestamp)
2024-12-04 09:20:25.988 DEBUG 17444 --- [XNIO-1 task-42] r.c.m.x.r.U.insertSelective              : <==    Updates: 1
2024-12-04 09:20:26.229 DEBUG 17444 --- [XNIO-1 task-43] r.c.m.x.r.E.selectAllCount               : ==>  Preparing: SELECT count(*) from t_exam_paper where deleted=0 
2024-12-04 09:20:26.229 DEBUG 17444 --- [XNIO-1 task-43] r.c.m.x.r.E.selectAllCount               : ==> Parameters: 
2024-12-04 09:20:26.231 DEBUG 17444 --- [XNIO-1 task-43] r.c.m.x.r.E.selectAllCount               : <==      Total: 1
2024-12-04 09:20:26.232 DEBUG 17444 --- [XNIO-1 task-43] r.c.m.x.r.QuestionMapper.selectAllCount  : ==>  Preparing: SELECT count(*) from t_question where deleted=0 
2024-12-04 09:20:26.232 DEBUG 17444 --- [XNIO-1 task-43] r.c.m.x.r.QuestionMapper.selectAllCount  : ==> Parameters: 
2024-12-04 09:20:26.253 DEBUG 17444 --- [XNIO-1 task-43] r.c.m.x.r.QuestionMapper.selectAllCount  : <==      Total: 1
2024-12-04 09:20:26.254 DEBUG 17444 --- [XNIO-1 task-43] r.c.m.x.r.E.selectAllCount               : ==>  Preparing: SELECT count(*) from t_exam_paper_answer 
2024-12-04 09:20:26.254 DEBUG 17444 --- [XNIO-1 task-43] r.c.m.x.r.E.selectAllCount               : ==> Parameters: 
2024-12-04 09:20:26.270 DEBUG 17444 --- [XNIO-1 task-43] r.c.m.x.r.E.selectAllCount               : <==      Total: 1
2024-12-04 09:20:26.271 DEBUG 17444 --- [XNIO-1 task-43] r.c.m.x.r.E.selectAllCount               : ==>  Preparing: SELECT count(*) from t_exam_paper_question_customer_answer 
2024-12-04 09:20:26.271 DEBUG 17444 --- [XNIO-1 task-43] r.c.m.x.r.E.selectAllCount               : ==> Parameters: 
2024-12-04 09:20:26.286 DEBUG 17444 --- [XNIO-1 task-43] r.c.m.x.r.E.selectAllCount               : <==      Total: 1
2024-12-04 09:20:26.291 DEBUG 17444 --- [XNIO-1 task-43] r.c.m.x.r.U.selectCountByDate            : ==>  Preparing: SELECT create_time as name,COUNT(create_time) as value from ( SELECT DATE_FORMAT(create_time,'%Y-%m-%d') as create_time from t_user_event_log WHERE create_time between ? and ? ) a GROUP BY create_time 
2024-12-04 09:20:26.294 DEBUG 17444 --- [XNIO-1 task-43] r.c.m.x.r.U.selectCountByDate            : ==> Parameters: 2024-12-01 00:00:00.0(Timestamp), 2024-12-31 23:59:59.0(Timestamp)
2024-12-04 09:20:26.298 DEBUG 17444 --- [XNIO-1 task-43] r.c.m.x.r.U.selectCountByDate            : <==      Total: 3
2024-12-04 09:20:26.301 DEBUG 17444 --- [XNIO-1 task-43] r.c.m.x.r.E.selectCountByDate            : ==>  Preparing: SELECT create_time as name,COUNT(create_time) as value from ( SELECT DATE_FORMAT(create_time,'%Y-%m-%d') as create_time from t_exam_paper_question_customer_answer WHERE create_time between ? and ? ) a GROUP BY create_time 
2024-12-04 09:20:26.301 DEBUG 17444 --- [XNIO-1 task-43] r.c.m.x.r.E.selectCountByDate            : ==> Parameters: 2024-12-01 00:00:00.0(Timestamp), 2024-12-31 23:59:59.0(Timestamp)
2024-12-04 09:20:26.302 DEBUG 17444 --- [XNIO-1 task-43] r.c.m.x.r.E.selectCountByDate            : <==      Total: 1
2024-12-04 09:20:30.377 DEBUG 17444 --- [XNIO-1 task-44] r.c.m.x.r.UserMapper.userPage_COUNT      : ==>  Preparing: SELECT count(0) FROM t_user WHERE deleted = 0 AND role = ? 
2024-12-04 09:20:30.377 DEBUG 17444 --- [XNIO-1 task-44] r.c.m.x.r.UserMapper.userPage_COUNT      : ==> Parameters: 1(Integer)
2024-12-04 09:20:30.378 DEBUG 17444 --- [XNIO-1 task-44] r.c.m.x.r.UserMapper.userPage_COUNT      : <==      Total: 1
2024-12-04 09:20:30.384 DEBUG 17444 --- [XNIO-1 task-44] r.c.m.x.repository.UserMapper.userPage   : ==>  Preparing: SELECT id, user_uuid, user_name, password, real_name, age, sex, birth_day, user_level, phone, role, status, image_path, create_time, modify_time, last_active_time, deleted, wx_open_id FROM t_user WHERE deleted = 0 AND role = ? order by id desc LIMIT ? 
2024-12-04 09:20:30.384 DEBUG 17444 --- [XNIO-1 task-44] r.c.m.x.repository.UserMapper.userPage   : ==> Parameters: 1(Integer), 10(Integer)
2024-12-04 09:20:30.385 DEBUG 17444 --- [XNIO-1 task-44] r.c.m.x.repository.UserMapper.userPage   : <==      Total: 1
2024-12-04 09:20:33.195 DEBUG 17444 --- [XNIO-1 task-45] r.c.m.x.r.UserMapper.userPage_COUNT      : ==>  Preparing: SELECT count(0) FROM t_user WHERE deleted = 0 AND role = ? 
2024-12-04 09:20:33.195 DEBUG 17444 --- [XNIO-1 task-45] r.c.m.x.r.UserMapper.userPage_COUNT      : ==> Parameters: 3(Integer)
2024-12-04 09:20:33.195 DEBUG 17444 --- [XNIO-1 task-45] r.c.m.x.r.UserMapper.userPage_COUNT      : <==      Total: 1
2024-12-04 09:20:33.198 DEBUG 17444 --- [XNIO-1 task-45] r.c.m.x.repository.UserMapper.userPage   : ==>  Preparing: SELECT id, user_uuid, user_name, password, real_name, age, sex, birth_day, user_level, phone, role, status, image_path, create_time, modify_time, last_active_time, deleted, wx_open_id FROM t_user WHERE deleted = 0 AND role = ? order by id desc LIMIT ? 
2024-12-04 09:20:33.198 DEBUG 17444 --- [XNIO-1 task-45] r.c.m.x.repository.UserMapper.userPage   : ==> Parameters: 3(Integer), 10(Integer)
2024-12-04 09:20:33.203 DEBUG 17444 --- [XNIO-1 task-45] r.c.m.x.repository.UserMapper.userPage   : <==      Total: 2
2024-12-04 09:20:43.318 DEBUG 17444 --- [XNIO-1 task-46] r.c.m.x.r.SubjectMapper.page_COUNT       : ==>  Preparing: SELECT count(0) FROM t_subject WHERE deleted = 0 
2024-12-04 09:20:43.318 DEBUG 17444 --- [XNIO-1 task-46] r.c.m.x.r.SubjectMapper.page_COUNT       : ==> Parameters: 
2024-12-04 09:20:43.319 DEBUG 17444 --- [XNIO-1 task-46] r.c.m.x.r.SubjectMapper.page_COUNT       : <==      Total: 1
2024-12-04 09:20:49.672 DEBUG 17444 --- [XNIO-1 task-47] r.c.m.x.r.SubjectMapper.allSubject       : ==>  Preparing: select id, name, level, level_name, item_order, deleted from t_subject 
2024-12-04 09:20:49.672 DEBUG 17444 --- [XNIO-1 task-47] r.c.m.x.r.SubjectMapper.allSubject       : ==> Parameters: 
2024-12-04 09:20:49.672 DEBUG 17444 --- [XNIO-1 task-47] r.c.m.x.r.SubjectMapper.allSubject       : <==      Total: 2
2024-12-04 09:20:49.676 DEBUG 17444 --- [XNIO-1 task-48] r.c.m.x.r.E.adminPage_COUNT              : ==>  Preparing: SELECT count(0) FROM t_exam_paper_answer 
2024-12-04 09:20:49.676 DEBUG 17444 --- [XNIO-1 task-48] r.c.m.x.r.E.adminPage_COUNT              : ==> Parameters: 
2024-12-04 09:20:49.681 DEBUG 17444 --- [XNIO-1 task-48] r.c.m.x.r.E.adminPage_COUNT              : <==      Total: 1
2024-12-04 09:20:49.682 DEBUG 17444 --- [XNIO-1 task-48] r.c.m.x.r.E.adminPage                    : ==>  Preparing: SELECT id, exam_paper_id, paper_name, paper_type, subject_id, system_score, user_score, paper_score, question_correct, question_count, do_time, status, create_user, create_time, task_exam_id FROM t_exam_paper_answer order by id desc LIMIT ? 
2024-12-04 09:20:49.682 DEBUG 17444 --- [XNIO-1 task-48] r.c.m.x.r.E.adminPage                    : ==> Parameters: 10(Integer)
2024-12-04 09:20:49.682 DEBUG 17444 --- [XNIO-1 task-48] r.c.m.x.r.E.adminPage                    : <==      Total: 8
2024-12-04 09:20:49.687 DEBUG 17444 --- [XNIO-1 task-48] r.c.m.x.r.S.selectByPrimaryKey           : ==>  Preparing: select id, name, level, level_name, item_order, deleted from t_subject where id = ? 
2024-12-04 09:20:49.687 DEBUG 17444 --- [XNIO-1 task-48] r.c.m.x.r.S.selectByPrimaryKey           : ==> Parameters: 1(Integer)
2024-12-04 09:20:49.687 DEBUG 17444 --- [XNIO-1 task-48] r.c.m.x.r.S.selectByPrimaryKey           : <==      Total: 1
2024-12-04 09:20:49.692 DEBUG 17444 --- [XNIO-1 task-48] r.c.m.x.r.UserMapper.selectByPrimaryKey  : ==>  Preparing: select id, user_uuid, user_name, password, real_name, age, sex, birth_day, user_level, phone, role, status, image_path, create_time, modify_time, last_active_time, deleted, wx_open_id from t_user where id = ? 
2024-12-04 09:20:49.692 DEBUG 17444 --- [XNIO-1 task-48] r.c.m.x.r.UserMapper.selectByPrimaryKey  : ==> Parameters: 1(Integer)
2024-12-04 09:20:49.692 DEBUG 17444 --- [XNIO-1 task-48] r.c.m.x.r.UserMapper.selectByPrimaryKey  : <==      Total: 1
2024-12-04 09:20:49.692 DEBUG 17444 --- [XNIO-1 task-48] r.c.m.x.r.S.selectByPrimaryKey           : ==>  Preparing: select id, name, level, level_name, item_order, deleted from t_subject where id = ? 
2024-12-04 09:20:49.692 DEBUG 17444 --- [XNIO-1 task-48] r.c.m.x.r.S.selectByPrimaryKey           : ==> Parameters: 1(Integer)
2024-12-04 09:20:49.692 DEBUG 17444 --- [XNIO-1 task-48] r.c.m.x.r.S.selectByPrimaryKey           : <==      Total: 1
2024-12-04 09:20:49.692 DEBUG 17444 --- [XNIO-1 task-48] r.c.m.x.r.UserMapper.selectByPrimaryKey  : ==>  Preparing: select id, user_uuid, user_name, password, real_name, age, sex, birth_day, user_level, phone, role, status, image_path, create_time, modify_time, last_active_time, deleted, wx_open_id from t_user where id = ? 
2024-12-04 09:20:49.692 DEBUG 17444 --- [XNIO-1 task-48] r.c.m.x.r.UserMapper.selectByPrimaryKey  : ==> Parameters: 1(Integer)
2024-12-04 09:20:49.696 DEBUG 17444 --- [XNIO-1 task-48] r.c.m.x.r.UserMapper.selectByPrimaryKey  : <==      Total: 1
2024-12-04 09:20:49.696 DEBUG 17444 --- [XNIO-1 task-48] r.c.m.x.r.S.selectByPrimaryKey           : ==>  Preparing: select id, name, level, level_name, item_order, deleted from t_subject where id = ? 
2024-12-04 09:20:49.696 DEBUG 17444 --- [XNIO-1 task-48] r.c.m.x.r.S.selectByPrimaryKey           : ==> Parameters: 1(Integer)
2024-12-04 09:20:49.698 DEBUG 17444 --- [XNIO-1 task-48] r.c.m.x.r.S.selectByPrimaryKey           : <==      Total: 1
2024-12-04 09:20:49.698 DEBUG 17444 --- [XNIO-1 task-48] r.c.m.x.r.UserMapper.selectByPrimaryKey  : ==>  Preparing: select id, user_uuid, user_name, password, real_name, age, sex, birth_day, user_level, phone, role, status, image_path, create_time, modify_time, last_active_time, deleted, wx_open_id from t_user where id = ? 
2024-12-04 09:20:49.698 DEBUG 17444 --- [XNIO-1 task-48] r.c.m.x.r.UserMapper.selectByPrimaryKey  : ==> Parameters: 1(Integer)
2024-12-04 09:20:49.698 DEBUG 17444 --- [XNIO-1 task-48] r.c.m.x.r.UserMapper.selectByPrimaryKey  : <==      Total: 1
2024-12-04 09:20:49.702 DEBUG 17444 --- [XNIO-1 task-48] r.c.m.x.r.S.selectByPrimaryKey           : ==>  Preparing: select id, name, level, level_name, item_order, deleted from t_subject where id = ? 
2024-12-04 09:20:49.702 DEBUG 17444 --- [XNIO-1 task-48] r.c.m.x.r.S.selectByPrimaryKey           : ==> Parameters: 1(Integer)
2024-12-04 09:20:49.703 DEBUG 17444 --- [XNIO-1 task-48] r.c.m.x.r.S.selectByPrimaryKey           : <==      Total: 1
2024-12-04 09:20:49.703 DEBUG 17444 --- [XNIO-1 task-48] r.c.m.x.r.UserMapper.selectByPrimaryKey  : ==>  Preparing: select id, user_uuid, user_name, password, real_name, age, sex, birth_day, user_level, phone, role, status, image_path, create_time, modify_time, last_active_time, deleted, wx_open_id from t_user where id = ? 
2024-12-04 09:20:49.703 DEBUG 17444 --- [XNIO-1 task-48] r.c.m.x.r.UserMapper.selectByPrimaryKey  : ==> Parameters: 1(Integer)
2024-12-04 09:20:49.703 DEBUG 17444 --- [XNIO-1 task-48] r.c.m.x.r.UserMapper.selectByPrimaryKey  : <==      Total: 1
2024-12-04 09:20:49.703 DEBUG 17444 --- [XNIO-1 task-48] r.c.m.x.r.S.selectByPrimaryKey           : ==>  Preparing: select id, name, level, level_name, item_order, deleted from t_subject where id = ? 
2024-12-04 09:20:49.703 DEBUG 17444 --- [XNIO-1 task-48] r.c.m.x.r.S.selectByPrimaryKey           : ==> Parameters: 1(Integer)
2024-12-04 09:20:49.703 DEBUG 17444 --- [XNIO-1 task-48] r.c.m.x.r.S.selectByPrimaryKey           : <==      Total: 1
2024-12-04 09:20:49.703 DEBUG 17444 --- [XNIO-1 task-48] r.c.m.x.r.UserMapper.selectByPrimaryKey  : ==>  Preparing: select id, user_uuid, user_name, password, real_name, age, sex, birth_day, user_level, phone, role, status, image_path, create_time, modify_time, last_active_time, deleted, wx_open_id from t_user where id = ? 
2024-12-04 09:20:49.703 DEBUG 17444 --- [XNIO-1 task-48] r.c.m.x.r.UserMapper.selectByPrimaryKey  : ==> Parameters: 2(Integer)
2024-12-04 09:20:49.703 DEBUG 17444 --- [XNIO-1 task-48] r.c.m.x.r.UserMapper.selectByPrimaryKey  : <==      Total: 1
2024-12-04 09:20:49.703 DEBUG 17444 --- [XNIO-1 task-48] r.c.m.x.r.S.selectByPrimaryKey           : ==>  Preparing: select id, name, level, level_name, item_order, deleted from t_subject where id = ? 
2024-12-04 09:20:49.703 DEBUG 17444 --- [XNIO-1 task-48] r.c.m.x.r.S.selectByPrimaryKey           : ==> Parameters: 1(Integer)
2024-12-04 09:20:49.703 DEBUG 17444 --- [XNIO-1 task-48] r.c.m.x.r.S.selectByPrimaryKey           : <==      Total: 1
2024-12-04 09:20:49.703 DEBUG 17444 --- [XNIO-1 task-48] r.c.m.x.r.UserMapper.selectByPrimaryKey  : ==>  Preparing: select id, user_uuid, user_name, password, real_name, age, sex, birth_day, user_level, phone, role, status, image_path, create_time, modify_time, last_active_time, deleted, wx_open_id from t_user where id = ? 
2024-12-04 09:20:49.703 DEBUG 17444 --- [XNIO-1 task-48] r.c.m.x.r.UserMapper.selectByPrimaryKey  : ==> Parameters: 3(Integer)
2024-12-04 09:20:49.710 DEBUG 17444 --- [XNIO-1 task-48] r.c.m.x.r.UserMapper.selectByPrimaryKey  : <==      Total: 1
2024-12-04 09:20:49.710 DEBUG 17444 --- [XNIO-1 task-48] r.c.m.x.r.S.selectByPrimaryKey           : ==>  Preparing: select id, name, level, level_name, item_order, deleted from t_subject where id = ? 
2024-12-04 09:20:49.711 DEBUG 17444 --- [XNIO-1 task-48] r.c.m.x.r.S.selectByPrimaryKey           : ==> Parameters: 1(Integer)
2024-12-04 09:20:49.711 DEBUG 17444 --- [XNIO-1 task-48] r.c.m.x.r.S.selectByPrimaryKey           : <==      Total: 1
2024-12-04 09:20:49.711 DEBUG 17444 --- [XNIO-1 task-48] r.c.m.x.r.UserMapper.selectByPrimaryKey  : ==>  Preparing: select id, user_uuid, user_name, password, real_name, age, sex, birth_day, user_level, phone, role, status, image_path, create_time, modify_time, last_active_time, deleted, wx_open_id from t_user where id = ? 
2024-12-04 09:20:49.711 DEBUG 17444 --- [XNIO-1 task-48] r.c.m.x.r.UserMapper.selectByPrimaryKey  : ==> Parameters: 3(Integer)
2024-12-04 09:20:49.713 DEBUG 17444 --- [XNIO-1 task-48] r.c.m.x.r.UserMapper.selectByPrimaryKey  : <==      Total: 1
2024-12-04 09:20:49.713 DEBUG 17444 --- [XNIO-1 task-48] r.c.m.x.r.S.selectByPrimaryKey           : ==>  Preparing: select id, name, level, level_name, item_order, deleted from t_subject where id = ? 
2024-12-04 09:20:49.713 DEBUG 17444 --- [XNIO-1 task-48] r.c.m.x.r.S.selectByPrimaryKey           : ==> Parameters: 1(Integer)
2024-12-04 09:20:49.713 DEBUG 17444 --- [XNIO-1 task-48] r.c.m.x.r.S.selectByPrimaryKey           : <==      Total: 1
2024-12-04 09:20:49.713 DEBUG 17444 --- [XNIO-1 task-48] r.c.m.x.r.UserMapper.selectByPrimaryKey  : ==>  Preparing: select id, user_uuid, user_name, password, real_name, age, sex, birth_day, user_level, phone, role, status, image_path, create_time, modify_time, last_active_time, deleted, wx_open_id from t_user where id = ? 
2024-12-04 09:20:49.713 DEBUG 17444 --- [XNIO-1 task-48] r.c.m.x.r.UserMapper.selectByPrimaryKey  : ==> Parameters: 3(Integer)
2024-12-04 09:20:49.716 DEBUG 17444 --- [XNIO-1 task-48] r.c.m.x.r.UserMapper.selectByPrimaryKey  : <==      Total: 1
2024-12-04 09:22:38.949 DEBUG 17444 --- [XNIO-1 task-49] r.c.m.x.r.SubjectMapper.allSubject       : ==>  Preparing: select id, name, level, level_name, item_order, deleted from t_subject 
2024-12-04 09:22:38.949 DEBUG 17444 --- [XNIO-1 task-49] r.c.m.x.r.SubjectMapper.allSubject       : ==> Parameters: 
2024-12-04 09:22:38.950 DEBUG 17444 --- [XNIO-1 task-49] r.c.m.x.r.SubjectMapper.allSubject       : <==      Total: 2
2024-12-04 09:22:38.951 DEBUG 17444 --- [XNIO-1 task-50] r.c.m.x.r.QuestionMapper.page_COUNT      : ==>  Preparing: SELECT count(0) FROM t_question WHERE deleted = 0 
2024-12-04 09:22:38.951 DEBUG 17444 --- [XNIO-1 task-50] r.c.m.x.r.QuestionMapper.page_COUNT      : ==> Parameters: 
2024-12-04 09:22:38.955 DEBUG 17444 --- [XNIO-1 task-50] r.c.m.x.r.QuestionMapper.page_COUNT      : <==      Total: 1
2024-12-04 09:22:38.955 DEBUG 17444 --- [XNIO-1 task-50] r.c.m.x.repository.QuestionMapper.page   : ==>  Preparing: SELECT id, question_type, subject_id, score, grade_level, difficult, correct, info_text_content_id, create_user, status, create_time, deleted FROM t_question WHERE deleted = 0 order by id desc LIMIT ? 
2024-12-04 09:22:38.955 DEBUG 17444 --- [XNIO-1 task-50] r.c.m.x.repository.QuestionMapper.page   : ==> Parameters: 10(Integer)
2024-12-04 09:22:38.955 DEBUG 17444 --- [XNIO-1 task-50] r.c.m.x.repository.QuestionMapper.page   : <==      Total: 1
2024-12-04 09:22:38.959 DEBUG 17444 --- [XNIO-1 task-50] r.c.m.x.r.T.selectByPrimaryKey           : ==>  Preparing: select id, content, create_time from t_text_content where id = ? 
2024-12-04 09:22:38.959 DEBUG 17444 --- [XNIO-1 task-50] r.c.m.x.r.T.selectByPrimaryKey           : ==> Parameters: 1(Integer)
2024-12-04 09:22:38.986 DEBUG 17444 --- [XNIO-1 task-50] r.c.m.x.r.T.selectByPrimaryKey           : <==      Total: 1
2024-12-04 09:23:00.762 DEBUG 17444 --- [XNIO-1 task-51] r.c.m.x.r.SubjectMapper.page_COUNT       : ==>  Preparing: SELECT count(0) FROM t_subject WHERE deleted = 0 
2024-12-04 09:23:00.762 DEBUG 17444 --- [XNIO-1 task-51] r.c.m.x.r.SubjectMapper.page_COUNT       : ==> Parameters: 
2024-12-04 09:23:00.763 DEBUG 17444 --- [XNIO-1 task-51] r.c.m.x.r.SubjectMapper.page_COUNT       : <==      Total: 1
2024-12-04 09:23:09.146 DEBUG 17444 --- [XNIO-1 task-53] r.c.m.x.r.SubjectMapper.allSubject       : ==>  Preparing: select id, name, level, level_name, item_order, deleted from t_subject 
2024-12-04 09:23:09.148 DEBUG 17444 --- [XNIO-1 task-53] r.c.m.x.r.SubjectMapper.allSubject       : ==> Parameters: 
2024-12-04 09:23:09.148 DEBUG 17444 --- [XNIO-1 task-52] r.c.m.x.r.QuestionMapper.page_COUNT      : ==>  Preparing: SELECT count(0) FROM t_question WHERE deleted = 0 
2024-12-04 09:23:09.148 DEBUG 17444 --- [XNIO-1 task-52] r.c.m.x.r.QuestionMapper.page_COUNT      : ==> Parameters: 
2024-12-04 09:23:09.148 DEBUG 17444 --- [XNIO-1 task-52] r.c.m.x.r.QuestionMapper.page_COUNT      : <==      Total: 1
2024-12-04 09:23:09.148 DEBUG 17444 --- [XNIO-1 task-53] r.c.m.x.r.SubjectMapper.allSubject       : <==      Total: 2
2024-12-04 09:23:09.148 DEBUG 17444 --- [XNIO-1 task-52] r.c.m.x.repository.QuestionMapper.page   : ==>  Preparing: SELECT id, question_type, subject_id, score, grade_level, difficult, correct, info_text_content_id, create_user, status, create_time, deleted FROM t_question WHERE deleted = 0 order by id desc LIMIT ? 
2024-12-04 09:23:09.148 DEBUG 17444 --- [XNIO-1 task-52] r.c.m.x.repository.QuestionMapper.page   : ==> Parameters: 10(Integer)
2024-12-04 09:23:09.148 DEBUG 17444 --- [XNIO-1 task-52] r.c.m.x.repository.QuestionMapper.page   : <==      Total: 1
2024-12-04 09:23:09.152 DEBUG 17444 --- [XNIO-1 task-52] r.c.m.x.r.T.selectByPrimaryKey           : ==>  Preparing: select id, content, create_time from t_text_content where id = ? 
2024-12-04 09:23:09.152 DEBUG 17444 --- [XNIO-1 task-52] r.c.m.x.r.T.selectByPrimaryKey           : ==> Parameters: 1(Integer)
2024-12-04 09:23:09.153 DEBUG 17444 --- [XNIO-1 task-52] r.c.m.x.r.T.selectByPrimaryKey           : <==      Total: 1
2024-12-04 09:23:16.114 DEBUG 17444 --- [XNIO-1 task-54] r.c.m.x.r.E.selectAllCount               : ==>  Preparing: SELECT count(*) from t_exam_paper where deleted=0 
2024-12-04 09:23:16.114 DEBUG 17444 --- [XNIO-1 task-54] r.c.m.x.r.E.selectAllCount               : ==> Parameters: 
2024-12-04 09:23:16.115 DEBUG 17444 --- [XNIO-1 task-54] r.c.m.x.r.E.selectAllCount               : <==      Total: 1
2024-12-04 09:23:16.115 DEBUG 17444 --- [XNIO-1 task-54] r.c.m.x.r.QuestionMapper.selectAllCount  : ==>  Preparing: SELECT count(*) from t_question where deleted=0 
2024-12-04 09:23:16.115 DEBUG 17444 --- [XNIO-1 task-54] r.c.m.x.r.QuestionMapper.selectAllCount  : ==> Parameters: 
2024-12-04 09:23:16.115 DEBUG 17444 --- [XNIO-1 task-54] r.c.m.x.r.QuestionMapper.selectAllCount  : <==      Total: 1
2024-12-04 09:23:16.115 DEBUG 17444 --- [XNIO-1 task-54] r.c.m.x.r.E.selectAllCount               : ==>  Preparing: SELECT count(*) from t_exam_paper_answer 
2024-12-04 09:23:16.115 DEBUG 17444 --- [XNIO-1 task-54] r.c.m.x.r.E.selectAllCount               : ==> Parameters: 
2024-12-04 09:23:16.119 DEBUG 17444 --- [XNIO-1 task-54] r.c.m.x.r.E.selectAllCount               : <==      Total: 1
2024-12-04 09:23:16.119 DEBUG 17444 --- [XNIO-1 task-54] r.c.m.x.r.E.selectAllCount               : ==>  Preparing: SELECT count(*) from t_exam_paper_question_customer_answer 
2024-12-04 09:23:16.119 DEBUG 17444 --- [XNIO-1 task-54] r.c.m.x.r.E.selectAllCount               : ==> Parameters: 
2024-12-04 09:23:16.120 DEBUG 17444 --- [XNIO-1 task-54] r.c.m.x.r.E.selectAllCount               : <==      Total: 1
2024-12-04 09:23:16.120 DEBUG 17444 --- [XNIO-1 task-54] r.c.m.x.r.U.selectCountByDate            : ==>  Preparing: SELECT create_time as name,COUNT(create_time) as value from ( SELECT DATE_FORMAT(create_time,'%Y-%m-%d') as create_time from t_user_event_log WHERE create_time between ? and ? ) a GROUP BY create_time 
2024-12-04 09:23:16.122 DEBUG 17444 --- [XNIO-1 task-54] r.c.m.x.r.U.selectCountByDate            : ==> Parameters: 2024-12-01 00:00:00.0(Timestamp), 2024-12-31 23:59:59.0(Timestamp)
2024-12-04 09:23:16.122 DEBUG 17444 --- [XNIO-1 task-54] r.c.m.x.r.U.selectCountByDate            : <==      Total: 3
2024-12-04 09:23:16.123 DEBUG 17444 --- [XNIO-1 task-54] r.c.m.x.r.E.selectCountByDate            : ==>  Preparing: SELECT create_time as name,COUNT(create_time) as value from ( SELECT DATE_FORMAT(create_time,'%Y-%m-%d') as create_time from t_exam_paper_question_customer_answer WHERE create_time between ? and ? ) a GROUP BY create_time 
2024-12-04 09:23:16.124 DEBUG 17444 --- [XNIO-1 task-54] r.c.m.x.r.E.selectCountByDate            : ==> Parameters: 2024-12-01 00:00:00.0(Timestamp), 2024-12-31 23:59:59.0(Timestamp)
2024-12-04 09:23:16.124 DEBUG 17444 --- [XNIO-1 task-54] r.c.m.x.r.E.selectCountByDate            : <==      Total: 1
2024-12-04 09:23:17.996 DEBUG 17444 --- [XNIO-1 task-55] r.c.m.x.r.SubjectMapper.page_COUNT       : ==>  Preparing: SELECT count(0) FROM t_subject WHERE deleted = 0 
2024-12-04 09:23:17.996 DEBUG 17444 --- [XNIO-1 task-55] r.c.m.x.r.SubjectMapper.page_COUNT       : ==> Parameters: 
2024-12-04 09:23:17.998 DEBUG 17444 --- [XNIO-1 task-55] r.c.m.x.r.SubjectMapper.page_COUNT       : <==      Total: 1
2024-12-04 09:23:19.056 DEBUG 17444 --- [XNIO-1 task-56] r.c.m.x.r.SubjectMapper.page_COUNT       : ==>  Preparing: SELECT count(0) FROM t_subject WHERE deleted = 0 
2024-12-04 09:23:19.056 DEBUG 17444 --- [XNIO-1 task-56] r.c.m.x.r.SubjectMapper.page_COUNT       : ==> Parameters: 
2024-12-04 09:23:19.056 DEBUG 17444 --- [XNIO-1 task-56] r.c.m.x.r.SubjectMapper.page_COUNT       : <==      Total: 1
2024-12-04 09:49:11.469 DEBUG 17444 --- [XNIO-1 task-58] r.c.m.x.r.SubjectMapper.page_COUNT       : ==>  Preparing: SELECT count(0) FROM t_subject WHERE deleted = 0 
2024-12-04 09:49:11.470 DEBUG 17444 --- [XNIO-1 task-58] r.c.m.x.r.SubjectMapper.page_COUNT       : ==> Parameters: 
2024-12-04 09:49:11.471 DEBUG 17444 --- [XNIO-1 task-58] r.c.m.x.r.SubjectMapper.page_COUNT       : <==      Total: 1
2024-12-04 09:51:44.566 DEBUG 17444 --- [XNIO-1 task-59] r.c.m.x.r.SubjectMapper.page_COUNT       : ==>  Preparing: SELECT count(0) FROM t_subject WHERE deleted = 0 
2024-12-04 09:51:44.566 DEBUG 17444 --- [XNIO-1 task-59] r.c.m.x.r.SubjectMapper.page_COUNT       : ==> Parameters: 
2024-12-04 09:51:44.568 DEBUG 17444 --- [XNIO-1 task-59] r.c.m.x.r.SubjectMapper.page_COUNT       : <==      Total: 1
2024-12-04 09:51:48.251 DEBUG 17444 --- [XNIO-1 task-60] r.c.m.x.r.SubjectMapper.page_COUNT       : ==>  Preparing: SELECT count(0) FROM t_subject WHERE deleted = 0 
2024-12-04 09:51:48.251 DEBUG 17444 --- [XNIO-1 task-60] r.c.m.x.r.SubjectMapper.page_COUNT       : ==> Parameters: 
2024-12-04 09:51:48.252 DEBUG 17444 --- [XNIO-1 task-60] r.c.m.x.r.SubjectMapper.page_COUNT       : <==      Total: 1
2024-12-04 09:52:17.208 DEBUG 17444 --- [XNIO-1 task-61] r.c.m.x.r.SubjectMapper.page_COUNT       : ==>  Preparing: SELECT count(0) FROM t_subject WHERE deleted = 0 
2024-12-04 09:52:17.210 DEBUG 17444 --- [XNIO-1 task-61] r.c.m.x.r.SubjectMapper.page_COUNT       : ==> Parameters: 
2024-12-04 09:52:17.211 DEBUG 17444 --- [XNIO-1 task-61] r.c.m.x.r.SubjectMapper.page_COUNT       : <==      Total: 1
2024-12-04 09:52:20.174 DEBUG 17444 --- [XNIO-1 task-62] r.c.m.x.r.SubjectMapper.page_COUNT       : ==>  Preparing: SELECT count(0) FROM t_subject WHERE deleted = 0 
2024-12-04 09:52:20.174 DEBUG 17444 --- [XNIO-1 task-62] r.c.m.x.r.SubjectMapper.page_COUNT       : ==> Parameters: 
2024-12-04 09:52:20.174 DEBUG 17444 --- [XNIO-1 task-62] r.c.m.x.r.SubjectMapper.page_COUNT       : <==      Total: 1
2024-12-04 09:52:26.447 DEBUG 17444 --- [XNIO-1 task-63] r.c.m.x.r.SubjectMapper.page_COUNT       : ==>  Preparing: SELECT count(0) FROM t_subject WHERE deleted = 0 
2024-12-04 09:52:26.447 DEBUG 17444 --- [XNIO-1 task-63] r.c.m.x.r.SubjectMapper.page_COUNT       : ==> Parameters: 
2024-12-04 09:52:26.449 DEBUG 17444 --- [XNIO-1 task-63] r.c.m.x.r.SubjectMapper.page_COUNT       : <==      Total: 1
2024-12-04 09:54:20.511 DEBUG 17444 --- [XNIO-1 task-65] r.c.m.x.r.SubjectMapper.page_COUNT       : ==>  Preparing: SELECT count(0) FROM t_subject WHERE deleted = 0 
2024-12-04 09:54:20.511 DEBUG 17444 --- [XNIO-1 task-65] r.c.m.x.r.SubjectMapper.page_COUNT       : ==> Parameters: 
2024-12-04 09:54:20.511 DEBUG 17444 --- [XNIO-1 task-65] r.c.m.x.r.SubjectMapper.page_COUNT       : <==      Total: 1
2024-12-04 09:56:44.401 DEBUG 17444 --- [XNIO-1 task-66] r.c.m.x.r.SubjectMapper.page_COUNT       : ==>  Preparing: SELECT count(0) FROM t_subject WHERE deleted = 0 
2024-12-04 09:56:44.401 DEBUG 17444 --- [XNIO-1 task-66] r.c.m.x.r.SubjectMapper.page_COUNT       : ==> Parameters: 
2024-12-04 09:56:44.402 DEBUG 17444 --- [XNIO-1 task-66] r.c.m.x.r.SubjectMapper.page_COUNT       : <==      Total: 1
2024-12-04 09:56:49.894 DEBUG 17444 --- [XNIO-1 task-67] r.c.m.x.r.SubjectMapper.page_COUNT       : ==>  Preparing: SELECT count(0) FROM t_subject WHERE deleted = 0 AND level = ? 
2024-12-04 09:56:49.895 DEBUG 17444 --- [XNIO-1 task-67] r.c.m.x.r.SubjectMapper.page_COUNT       : ==> Parameters: 2(Integer)
2024-12-04 09:56:49.896 DEBUG 17444 --- [XNIO-1 task-67] r.c.m.x.r.SubjectMapper.page_COUNT       : <==      Total: 1
2024-12-04 09:56:51.008 DEBUG 17444 --- [XNIO-1 task-68] r.c.m.x.r.SubjectMapper.page_COUNT       : ==>  Preparing: SELECT count(0) FROM t_subject WHERE deleted = 0 AND level = ? 
2024-12-04 09:56:51.008 DEBUG 17444 --- [XNIO-1 task-68] r.c.m.x.r.SubjectMapper.page_COUNT       : ==> Parameters: 2(Integer)
2024-12-04 09:56:51.008 DEBUG 17444 --- [XNIO-1 task-68] r.c.m.x.r.SubjectMapper.page_COUNT       : <==      Total: 1
2024-12-04 10:02:52.885 DEBUG 17444 --- [XNIO-1 task-69] r.c.m.x.r.SubjectMapper.page_COUNT       : ==>  Preparing: SELECT count(0) FROM t_subject WHERE deleted = 0 
2024-12-04 10:02:52.885 DEBUG 17444 --- [XNIO-1 task-69] r.c.m.x.r.SubjectMapper.page_COUNT       : ==> Parameters: 
2024-12-04 10:02:52.887 DEBUG 17444 --- [XNIO-1 task-69] r.c.m.x.r.SubjectMapper.page_COUNT       : <==      Total: 1
2024-12-04 10:05:58.405 DEBUG 17444 --- [XNIO-1 task-70] r.c.m.x.r.SubjectMapper.page_COUNT       : ==>  Preparing: SELECT count(0) FROM t_subject WHERE deleted = 0 
2024-12-04 10:05:58.405 DEBUG 17444 --- [XNIO-1 task-70] r.c.m.x.r.SubjectMapper.page_COUNT       : ==> Parameters: 
2024-12-04 10:05:58.409 DEBUG 17444 --- [XNIO-1 task-70] r.c.m.x.r.SubjectMapper.page_COUNT       : <==      Total: 1
2024-12-04 10:06:00.082 DEBUG 17444 --- [XNIO-1 task-71] r.c.m.x.r.SubjectMapper.page_COUNT       : ==>  Preparing: SELECT count(0) FROM t_subject WHERE deleted = 0 
2024-12-04 10:06:00.082 DEBUG 17444 --- [XNIO-1 task-71] r.c.m.x.r.SubjectMapper.page_COUNT       : ==> Parameters: 
2024-12-04 10:06:00.083 DEBUG 17444 --- [XNIO-1 task-71] r.c.m.x.r.SubjectMapper.page_COUNT       : <==      Total: 1
2024-12-04 10:36:33.468 DEBUG 17444 --- [XNIO-1 task-75] r.c.m.x.r.UserMapper.getUserByUserName   : ==>  Preparing: select id, user_uuid, user_name, password, real_name, age, sex, birth_day, user_level, phone, role, status, image_path, create_time, modify_time, last_active_time, deleted, wx_open_id from t_user where deleted=0 and user_name=? limit 1 
2024-12-04 10:36:33.468 DEBUG 17444 --- [XNIO-1 task-75] r.c.m.x.r.UserMapper.getUserByUserName   : ==> Parameters: student(String)
2024-12-04 10:36:33.471 DEBUG 17444 --- [XNIO-1 task-75] r.c.m.x.r.UserMapper.getUserByUserName   : <==      Total: 1
2024-12-04 10:36:33.471 DEBUG 17444 --- [XNIO-1 task-75] r.c.m.x.r.UserMapper.getUserByUserName   : ==>  Preparing: select id, user_uuid, user_name, password, real_name, age, sex, birth_day, user_level, phone, role, status, image_path, create_time, modify_time, last_active_time, deleted, wx_open_id from t_user where deleted=0 and user_name=? limit 1 
2024-12-04 10:36:33.471 DEBUG 17444 --- [XNIO-1 task-75] r.c.m.x.r.UserMapper.getUserByUserName   : ==> Parameters: student(String)
2024-12-04 10:36:33.471 DEBUG 17444 --- [XNIO-1 task-75] r.c.m.x.r.UserMapper.getUserByUserName   : <==      Total: 1
2024-12-04 10:36:33.478 DEBUG 17444 --- [XNIO-1 task-75] r.c.m.x.r.U.insertSelective              : ==>  Preparing: insert into t_user_event_log ( user_id, user_name, real_name, content, create_time ) values ( ?, ?, ?, ?, ? ) 
2024-12-04 10:36:33.479 DEBUG 17444 --- [XNIO-1 task-75] r.c.m.x.r.U.insertSelective              : ==> Parameters: 1(Integer), student(String), 学生(String), student 登录了学之思开源考试系统(String), 2024-12-04 10:36:33.471(Timestamp)
2024-12-04 10:36:33.493 DEBUG 17444 --- [XNIO-1 task-75] r.c.m.x.r.U.insertSelective              : <==    Updates: 1
2024-12-04 10:36:42.575 DEBUG 17444 --- [XNIO-1 task-77] r.c.m.x.r.UserMapper.getUserByUserName   : ==>  Preparing: select id, user_uuid, user_name, password, real_name, age, sex, birth_day, user_level, phone, role, status, image_path, create_time, modify_time, last_active_time, deleted, wx_open_id from t_user where deleted=0 and user_name=? limit 1 
2024-12-04 10:36:42.575 DEBUG 17444 --- [XNIO-1 task-77] r.c.m.x.r.UserMapper.getUserByUserName   : ==> Parameters: admin(String)
2024-12-04 10:36:42.576 DEBUG 17444 --- [XNIO-1 task-77] r.c.m.x.r.UserMapper.getUserByUserName   : <==      Total: 1
2024-12-04 10:36:42.582 DEBUG 17444 --- [XNIO-1 task-77] r.c.m.x.r.UserMapper.getUserByUserName   : ==>  Preparing: select id, user_uuid, user_name, password, real_name, age, sex, birth_day, user_level, phone, role, status, image_path, create_time, modify_time, last_active_time, deleted, wx_open_id from t_user where deleted=0 and user_name=? limit 1 
2024-12-04 10:36:42.582 DEBUG 17444 --- [XNIO-1 task-77] r.c.m.x.r.UserMapper.getUserByUserName   : ==> Parameters: admin(String)
2024-12-04 10:36:42.583 DEBUG 17444 --- [XNIO-1 task-77] r.c.m.x.r.UserMapper.getUserByUserName   : <==      Total: 1
2024-12-04 10:36:42.585 DEBUG 17444 --- [XNIO-1 task-77] r.c.m.x.r.U.insertSelective              : ==>  Preparing: insert into t_user_event_log ( user_id, user_name, real_name, content, create_time ) values ( ?, ?, ?, ?, ? ) 
2024-12-04 10:36:42.587 DEBUG 17444 --- [XNIO-1 task-77] r.c.m.x.r.U.insertSelective              : ==> Parameters: 2(Integer), admin(String), 管理员(String), admin 登录了学之思开源考试系统(String), 2024-12-04 10:36:42.583(Timestamp)
2024-12-04 10:36:42.596 DEBUG 17444 --- [XNIO-1 task-77] r.c.m.x.r.U.insertSelective              : <==    Updates: 1
2024-12-04 10:36:42.655 DEBUG 17444 --- [XNIO-1 task-78] r.c.m.x.r.E.selectAllCount               : ==>  Preparing: SELECT count(*) from t_exam_paper where deleted=0 
2024-12-04 10:36:42.656 DEBUG 17444 --- [XNIO-1 task-78] r.c.m.x.r.E.selectAllCount               : ==> Parameters: 
2024-12-04 10:36:42.657 DEBUG 17444 --- [XNIO-1 task-78] r.c.m.x.r.E.selectAllCount               : <==      Total: 1
2024-12-04 10:36:42.658 DEBUG 17444 --- [XNIO-1 task-78] r.c.m.x.r.QuestionMapper.selectAllCount  : ==>  Preparing: SELECT count(*) from t_question where deleted=0 
2024-12-04 10:36:42.659 DEBUG 17444 --- [XNIO-1 task-78] r.c.m.x.r.QuestionMapper.selectAllCount  : ==> Parameters: 
2024-12-04 10:36:42.659 DEBUG 17444 --- [XNIO-1 task-78] r.c.m.x.r.QuestionMapper.selectAllCount  : <==      Total: 1
2024-12-04 10:36:42.661 DEBUG 17444 --- [XNIO-1 task-78] r.c.m.x.r.E.selectAllCount               : ==>  Preparing: SELECT count(*) from t_exam_paper_answer 
2024-12-04 10:36:42.662 DEBUG 17444 --- [XNIO-1 task-78] r.c.m.x.r.E.selectAllCount               : ==> Parameters: 
2024-12-04 10:36:42.666 DEBUG 17444 --- [XNIO-1 task-78] r.c.m.x.r.E.selectAllCount               : <==      Total: 1
2024-12-04 10:36:42.666 DEBUG 17444 --- [XNIO-1 task-78] r.c.m.x.r.E.selectAllCount               : ==>  Preparing: SELECT count(*) from t_exam_paper_question_customer_answer 
2024-12-04 10:36:42.666 DEBUG 17444 --- [XNIO-1 task-78] r.c.m.x.r.E.selectAllCount               : ==> Parameters: 
2024-12-04 10:36:42.670 DEBUG 17444 --- [XNIO-1 task-78] r.c.m.x.r.E.selectAllCount               : <==      Total: 1
2024-12-04 10:36:42.672 DEBUG 17444 --- [XNIO-1 task-78] r.c.m.x.r.U.selectCountByDate            : ==>  Preparing: SELECT create_time as name,COUNT(create_time) as value from ( SELECT DATE_FORMAT(create_time,'%Y-%m-%d') as create_time from t_user_event_log WHERE create_time between ? and ? ) a GROUP BY create_time 
2024-12-04 10:36:42.672 DEBUG 17444 --- [XNIO-1 task-78] r.c.m.x.r.U.selectCountByDate            : ==> Parameters: 2024-12-01 00:00:00.0(Timestamp), 2024-12-31 23:59:59.0(Timestamp)
2024-12-04 10:36:42.674 DEBUG 17444 --- [XNIO-1 task-78] r.c.m.x.r.U.selectCountByDate            : <==      Total: 3
2024-12-04 10:36:42.674 DEBUG 17444 --- [XNIO-1 task-78] r.c.m.x.r.E.selectCountByDate            : ==>  Preparing: SELECT create_time as name,COUNT(create_time) as value from ( SELECT DATE_FORMAT(create_time,'%Y-%m-%d') as create_time from t_exam_paper_question_customer_answer WHERE create_time between ? and ? ) a GROUP BY create_time 
2024-12-04 10:36:42.674 DEBUG 17444 --- [XNIO-1 task-78] r.c.m.x.r.E.selectCountByDate            : ==> Parameters: 2024-12-01 00:00:00.0(Timestamp), 2024-12-31 23:59:59.0(Timestamp)
2024-12-04 10:36:42.676 DEBUG 17444 --- [XNIO-1 task-78] r.c.m.x.r.E.selectCountByDate            : <==      Total: 1
2024-12-04 10:39:48.598 DEBUG 17444 --- [XNIO-1 task-79] r.c.m.x.r.SubjectMapper.page_COUNT       : ==>  Preparing: SELECT count(0) FROM t_subject WHERE deleted = 0 
2024-12-04 10:39:48.598 DEBUG 17444 --- [XNIO-1 task-79] r.c.m.x.r.SubjectMapper.page_COUNT       : ==> Parameters: 
2024-12-04 10:39:48.599 DEBUG 17444 --- [XNIO-1 task-79] r.c.m.x.r.SubjectMapper.page_COUNT       : <==      Total: 1
2024-12-04 10:42:53.977 DEBUG 17444 --- [XNIO-1 task-80] r.c.m.x.r.E.selectAllCount               : ==>  Preparing: SELECT count(*) from t_exam_paper where deleted=0 
2024-12-04 10:42:53.977 DEBUG 17444 --- [XNIO-1 task-80] r.c.m.x.r.E.selectAllCount               : ==> Parameters: 
2024-12-04 10:42:53.977 DEBUG 17444 --- [XNIO-1 task-80] r.c.m.x.r.E.selectAllCount               : <==      Total: 1
2024-12-04 10:42:53.979 DEBUG 17444 --- [XNIO-1 task-80] r.c.m.x.r.QuestionMapper.selectAllCount  : ==>  Preparing: SELECT count(*) from t_question where deleted=0 
2024-12-04 10:42:53.979 DEBUG 17444 --- [XNIO-1 task-80] r.c.m.x.r.QuestionMapper.selectAllCount  : ==> Parameters: 
2024-12-04 10:42:53.980 DEBUG 17444 --- [XNIO-1 task-80] r.c.m.x.r.QuestionMapper.selectAllCount  : <==      Total: 1
2024-12-04 10:42:53.982 DEBUG 17444 --- [XNIO-1 task-80] r.c.m.x.r.E.selectAllCount               : ==>  Preparing: SELECT count(*) from t_exam_paper_answer 
2024-12-04 10:42:53.982 DEBUG 17444 --- [XNIO-1 task-80] r.c.m.x.r.E.selectAllCount               : ==> Parameters: 
2024-12-04 10:42:53.985 DEBUG 17444 --- [XNIO-1 task-80] r.c.m.x.r.E.selectAllCount               : <==      Total: 1
2024-12-04 10:42:53.986 DEBUG 17444 --- [XNIO-1 task-80] r.c.m.x.r.E.selectAllCount               : ==>  Preparing: SELECT count(*) from t_exam_paper_question_customer_answer 
2024-12-04 10:42:53.986 DEBUG 17444 --- [XNIO-1 task-80] r.c.m.x.r.E.selectAllCount               : ==> Parameters: 
2024-12-04 10:42:53.987 DEBUG 17444 --- [XNIO-1 task-80] r.c.m.x.r.E.selectAllCount               : <==      Total: 1
2024-12-04 10:42:53.990 DEBUG 17444 --- [XNIO-1 task-80] r.c.m.x.r.U.selectCountByDate            : ==>  Preparing: SELECT create_time as name,COUNT(create_time) as value from ( SELECT DATE_FORMAT(create_time,'%Y-%m-%d') as create_time from t_user_event_log WHERE create_time between ? and ? ) a GROUP BY create_time 
2024-12-04 10:42:53.990 DEBUG 17444 --- [XNIO-1 task-80] r.c.m.x.r.U.selectCountByDate            : ==> Parameters: 2024-12-01 00:00:00.0(Timestamp), 2024-12-31 23:59:59.0(Timestamp)
2024-12-04 10:42:53.991 DEBUG 17444 --- [XNIO-1 task-80] r.c.m.x.r.U.selectCountByDate            : <==      Total: 3
2024-12-04 10:42:53.991 DEBUG 17444 --- [XNIO-1 task-80] r.c.m.x.r.E.selectCountByDate            : ==>  Preparing: SELECT create_time as name,COUNT(create_time) as value from ( SELECT DATE_FORMAT(create_time,'%Y-%m-%d') as create_time from t_exam_paper_question_customer_answer WHERE create_time between ? and ? ) a GROUP BY create_time 
2024-12-04 10:42:53.991 DEBUG 17444 --- [XNIO-1 task-80] r.c.m.x.r.E.selectCountByDate            : ==> Parameters: 2024-12-01 00:00:00.0(Timestamp), 2024-12-31 23:59:59.0(Timestamp)
2024-12-04 10:42:53.995 DEBUG 17444 --- [XNIO-1 task-80] r.c.m.x.r.E.selectCountByDate            : <==      Total: 1
2024-12-04 10:43:24.924 DEBUG 17444 --- [XNIO-1 task-81] r.c.m.x.r.SubjectMapper.page_COUNT       : ==>  Preparing: SELECT count(0) FROM t_subject WHERE deleted = 0 
2024-12-04 10:43:24.924 DEBUG 17444 --- [XNIO-1 task-81] r.c.m.x.r.SubjectMapper.page_COUNT       : ==> Parameters: 
2024-12-04 10:43:24.924 DEBUG 17444 --- [XNIO-1 task-81] r.c.m.x.r.SubjectMapper.page_COUNT       : <==      Total: 1
2024-12-04 10:43:28.179 DEBUG 17444 --- [XNIO-1 task-82] r.c.m.x.r.SubjectMapper.page_COUNT       : ==>  Preparing: SELECT count(0) FROM t_subject WHERE deleted = 0 
2024-12-04 10:43:28.180 DEBUG 17444 --- [XNIO-1 task-82] r.c.m.x.r.SubjectMapper.page_COUNT       : ==> Parameters: 
2024-12-04 10:43:28.180 DEBUG 17444 --- [XNIO-1 task-82] r.c.m.x.r.SubjectMapper.page_COUNT       : <==      Total: 1
2024-12-04 10:43:39.145 DEBUG 17444 --- [XNIO-1 task-83] r.c.m.x.r.SubjectMapper.page_COUNT       : ==>  Preparing: SELECT count(0) FROM t_subject WHERE deleted = 0 
2024-12-04 10:43:39.145 DEBUG 17444 --- [XNIO-1 task-83] r.c.m.x.r.SubjectMapper.page_COUNT       : ==> Parameters: 
2024-12-04 10:43:39.146 DEBUG 17444 --- [XNIO-1 task-83] r.c.m.x.r.SubjectMapper.page_COUNT       : <==      Total: 1
2024-12-04 10:45:10.290 DEBUG 17444 --- [XNIO-1 task-84] r.c.m.x.r.SubjectMapper.page_COUNT       : ==>  Preparing: SELECT count(0) FROM t_subject WHERE deleted = 0 
2024-12-04 10:45:10.291 DEBUG 17444 --- [XNIO-1 task-84] r.c.m.x.r.SubjectMapper.page_COUNT       : ==> Parameters: 
2024-12-04 10:45:10.291 DEBUG 17444 --- [XNIO-1 task-84] r.c.m.x.r.SubjectMapper.page_COUNT       : <==      Total: 1
2024-12-04 11:12:07.887 DEBUG 17444 --- [XNIO-1 task-88] r.c.m.x.r.SubjectMapper.page_COUNT       : ==>  Preparing: SELECT count(0) FROM t_subject WHERE deleted = 0 
2024-12-04 11:12:07.887 DEBUG 17444 --- [XNIO-1 task-88] r.c.m.x.r.SubjectMapper.page_COUNT       : ==> Parameters: 
2024-12-04 11:12:07.888 DEBUG 17444 --- [XNIO-1 task-88] r.c.m.x.r.SubjectMapper.page_COUNT       : <==      Total: 1
2024-12-04 11:12:12.315 DEBUG 17444 --- [XNIO-1 task-89] r.c.m.x.r.SubjectMapper.insertSelective  : ==>  Preparing: insert into t_subject ( name, level, level_name, deleted ) values ( ?, ?, ?, ? ) 
2024-12-04 11:12:12.318 DEBUG 17444 --- [XNIO-1 task-89] r.c.m.x.r.SubjectMapper.insertSelective  : ==> Parameters: 123(String), 1(Integer), 软件技术(String), false(Boolean)
2024-12-04 11:12:12.348 DEBUG 17444 --- [XNIO-1 task-89] r.c.m.x.r.SubjectMapper.insertSelective  : <==    Updates: 1
2024-12-04 11:12:13.210 DEBUG 17444 --- [XNIO-1 task-90] r.c.m.x.r.SubjectMapper.page_COUNT       : ==>  Preparing: SELECT count(0) FROM t_subject WHERE deleted = 0 
2024-12-04 11:12:13.210 DEBUG 17444 --- [XNIO-1 task-90] r.c.m.x.r.SubjectMapper.page_COUNT       : ==> Parameters: 
2024-12-04 11:12:13.210 DEBUG 17444 --- [XNIO-1 task-90] r.c.m.x.r.SubjectMapper.page_COUNT       : <==      Total: 1
2024-12-04 11:12:13.212 DEBUG 17444 --- [XNIO-1 task-90] r.c.m.xzs.repository.SubjectMapper.page  : ==>  Preparing: SELECT id, name, level, level_name, item_order, deleted FROM t_subject WHERE deleted = 0 order by id desc LIMIT ? 
2024-12-04 11:12:13.212 DEBUG 17444 --- [XNIO-1 task-90] r.c.m.xzs.repository.SubjectMapper.page  : ==> Parameters: 10(Integer)
2024-12-04 11:12:13.215 DEBUG 17444 --- [XNIO-1 task-90] r.c.m.xzs.repository.SubjectMapper.page  : <==      Total: 1
2024-12-04 11:12:17.868 DEBUG 17444 --- [XNIO-1 task-91] r.c.m.x.r.S.selectByPrimaryKey           : ==>  Preparing: select id, name, level, level_name, item_order, deleted from t_subject where id = ? 
2024-12-04 11:12:17.869 DEBUG 17444 --- [XNIO-1 task-91] r.c.m.x.r.S.selectByPrimaryKey           : ==> Parameters: 3(Integer)
2024-12-04 11:12:17.869 DEBUG 17444 --- [XNIO-1 task-91] r.c.m.x.r.S.selectByPrimaryKey           : <==      Total: 1
2024-12-04 11:12:19.865 DEBUG 17444 --- [XNIO-1 task-92] r.c.m.x.r.SubjectMapper.page_COUNT       : ==>  Preparing: SELECT count(0) FROM t_subject WHERE deleted = 0 
2024-12-04 11:12:19.865 DEBUG 17444 --- [XNIO-1 task-92] r.c.m.x.r.SubjectMapper.page_COUNT       : ==> Parameters: 
2024-12-04 11:12:19.865 DEBUG 17444 --- [XNIO-1 task-92] r.c.m.x.r.SubjectMapper.page_COUNT       : <==      Total: 1
2024-12-04 11:12:19.866 DEBUG 17444 --- [XNIO-1 task-92] r.c.m.xzs.repository.SubjectMapper.page  : ==>  Preparing: SELECT id, name, level, level_name, item_order, deleted FROM t_subject WHERE deleted = 0 order by id desc LIMIT ? 
2024-12-04 11:12:19.866 DEBUG 17444 --- [XNIO-1 task-92] r.c.m.xzs.repository.SubjectMapper.page  : ==> Parameters: 10(Integer)
2024-12-04 11:12:19.867 DEBUG 17444 --- [XNIO-1 task-92] r.c.m.xzs.repository.SubjectMapper.page  : <==      Total: 1
2024-12-04 11:12:24.238 DEBUG 17444 --- [XNIO-1 task-93] r.c.m.x.r.SubjectMapper.insertSelective  : ==>  Preparing: insert into t_subject ( name, level, level_name, deleted ) values ( ?, ?, ?, ? ) 
2024-12-04 11:12:24.240 DEBUG 17444 --- [XNIO-1 task-93] r.c.m.x.r.SubjectMapper.insertSelective  : ==> Parameters: 456(String), 1(Integer), 软件技术(String), false(Boolean)
2024-12-04 11:12:24.269 DEBUG 17444 --- [XNIO-1 task-93] r.c.m.x.r.SubjectMapper.insertSelective  : <==    Updates: 1
2024-12-04 11:12:25.127 DEBUG 17444 --- [XNIO-1 task-94] r.c.m.x.r.SubjectMapper.page_COUNT       : ==>  Preparing: SELECT count(0) FROM t_subject WHERE deleted = 0 
2024-12-04 11:12:25.127 DEBUG 17444 --- [XNIO-1 task-94] r.c.m.x.r.SubjectMapper.page_COUNT       : ==> Parameters: 
2024-12-04 11:12:25.127 DEBUG 17444 --- [XNIO-1 task-94] r.c.m.x.r.SubjectMapper.page_COUNT       : <==      Total: 1
2024-12-04 11:12:25.129 DEBUG 17444 --- [XNIO-1 task-94] r.c.m.xzs.repository.SubjectMapper.page  : ==>  Preparing: SELECT id, name, level, level_name, item_order, deleted FROM t_subject WHERE deleted = 0 order by id desc LIMIT ? 
2024-12-04 11:12:25.129 DEBUG 17444 --- [XNIO-1 task-94] r.c.m.xzs.repository.SubjectMapper.page  : ==> Parameters: 10(Integer)
2024-12-04 11:12:25.129 DEBUG 17444 --- [XNIO-1 task-94] r.c.m.xzs.repository.SubjectMapper.page  : <==      Total: 2
2024-12-04 11:12:30.642 DEBUG 17444 --- [XNIO-1 task-95] r.c.m.x.r.SubjectMapper.insertSelective  : ==>  Preparing: insert into t_subject ( name, level, level_name, deleted ) values ( ?, ?, ?, ? ) 
2024-12-04 11:12:30.643 DEBUG 17444 --- [XNIO-1 task-95] r.c.m.x.r.SubjectMapper.insertSelective  : ==> Parameters: 789(String), 1(Integer), 软件技术(String), false(Boolean)
2024-12-04 11:12:30.675 DEBUG 17444 --- [XNIO-1 task-95] r.c.m.x.r.SubjectMapper.insertSelective  : <==    Updates: 1
2024-12-04 11:12:31.526 DEBUG 17444 --- [XNIO-1 task-96] r.c.m.x.r.SubjectMapper.page_COUNT       : ==>  Preparing: SELECT count(0) FROM t_subject WHERE deleted = 0 
2024-12-04 11:12:31.526 DEBUG 17444 --- [XNIO-1 task-96] r.c.m.x.r.SubjectMapper.page_COUNT       : ==> Parameters: 
2024-12-04 11:12:31.526 DEBUG 17444 --- [XNIO-1 task-96] r.c.m.x.r.SubjectMapper.page_COUNT       : <==      Total: 1
2024-12-04 11:12:31.526 DEBUG 17444 --- [XNIO-1 task-96] r.c.m.xzs.repository.SubjectMapper.page  : ==>  Preparing: SELECT id, name, level, level_name, item_order, deleted FROM t_subject WHERE deleted = 0 order by id desc LIMIT ? 
2024-12-04 11:12:31.528 DEBUG 17444 --- [XNIO-1 task-96] r.c.m.xzs.repository.SubjectMapper.page  : ==> Parameters: 10(Integer)
2024-12-04 11:12:31.528 DEBUG 17444 --- [XNIO-1 task-96] r.c.m.xzs.repository.SubjectMapper.page  : <==      Total: 3
2024-12-04 11:20:49.638 DEBUG 17444 --- [XNIO-1 task-100] r.c.m.x.r.SubjectMapper.page_COUNT       : ==>  Preparing: SELECT count(0) FROM t_subject WHERE deleted = 0 
2024-12-04 11:20:49.638 DEBUG 17444 --- [XNIO-1 task-100] r.c.m.x.r.SubjectMapper.page_COUNT       : ==> Parameters: 
2024-12-04 11:20:49.640 DEBUG 17444 --- [XNIO-1 task-100] r.c.m.x.r.SubjectMapper.page_COUNT       : <==      Total: 1
2024-12-04 11:20:49.641 DEBUG 17444 --- [XNIO-1 task-100] r.c.m.xzs.repository.SubjectMapper.page  : ==>  Preparing: SELECT id, name, level, level_name, item_order, deleted FROM t_subject WHERE deleted = 0 order by id desc LIMIT ? 
2024-12-04 11:20:49.641 DEBUG 17444 --- [XNIO-1 task-100] r.c.m.xzs.repository.SubjectMapper.page  : ==> Parameters: 10(Integer)
2024-12-04 11:20:49.642 DEBUG 17444 --- [XNIO-1 task-100] r.c.m.xzs.repository.SubjectMapper.page  : <==      Total: 3
2024-12-04 11:21:41.240 DEBUG 17444 --- [XNIO-1 task-103] r.c.m.x.r.E.selectAllCount               : ==>  Preparing: SELECT count(*) from t_exam_paper where deleted=0 
2024-12-04 11:21:41.240 DEBUG 17444 --- [XNIO-1 task-103] r.c.m.x.r.E.selectAllCount               : ==> Parameters: 
2024-12-04 11:21:41.242 DEBUG 17444 --- [XNIO-1 task-103] r.c.m.x.r.E.selectAllCount               : <==      Total: 1
2024-12-04 11:21:41.242 DEBUG 17444 --- [XNIO-1 task-103] r.c.m.x.r.QuestionMapper.selectAllCount  : ==>  Preparing: SELECT count(*) from t_question where deleted=0 
2024-12-04 11:21:41.242 DEBUG 17444 --- [XNIO-1 task-103] r.c.m.x.r.QuestionMapper.selectAllCount  : ==> Parameters: 
2024-12-04 11:21:41.242 DEBUG 17444 --- [XNIO-1 task-103] r.c.m.x.r.QuestionMapper.selectAllCount  : <==      Total: 1
2024-12-04 11:21:41.242 DEBUG 17444 --- [XNIO-1 task-103] r.c.m.x.r.E.selectAllCount               : ==>  Preparing: SELECT count(*) from t_exam_paper_answer 
2024-12-04 11:21:41.242 DEBUG 17444 --- [XNIO-1 task-103] r.c.m.x.r.E.selectAllCount               : ==> Parameters: 
2024-12-04 11:21:41.246 DEBUG 17444 --- [XNIO-1 task-103] r.c.m.x.r.E.selectAllCount               : <==      Total: 1
2024-12-04 11:21:41.247 DEBUG 17444 --- [XNIO-1 task-103] r.c.m.x.r.E.selectAllCount               : ==>  Preparing: SELECT count(*) from t_exam_paper_question_customer_answer 
2024-12-04 11:21:41.247 DEBUG 17444 --- [XNIO-1 task-103] r.c.m.x.r.E.selectAllCount               : ==> Parameters: 
2024-12-04 11:21:41.249 DEBUG 17444 --- [XNIO-1 task-103] r.c.m.x.r.E.selectAllCount               : <==      Total: 1
2024-12-04 11:21:41.250 DEBUG 17444 --- [XNIO-1 task-103] r.c.m.x.r.U.selectCountByDate            : ==>  Preparing: SELECT create_time as name,COUNT(create_time) as value from ( SELECT DATE_FORMAT(create_time,'%Y-%m-%d') as create_time from t_user_event_log WHERE create_time between ? and ? ) a GROUP BY create_time 
2024-12-04 11:21:41.250 DEBUG 17444 --- [XNIO-1 task-103] r.c.m.x.r.U.selectCountByDate            : ==> Parameters: 2024-12-01 00:00:00.0(Timestamp), 2024-12-31 23:59:59.0(Timestamp)
2024-12-04 11:21:41.252 DEBUG 17444 --- [XNIO-1 task-103] r.c.m.x.r.U.selectCountByDate            : <==      Total: 3
2024-12-04 11:21:41.252 DEBUG 17444 --- [XNIO-1 task-103] r.c.m.x.r.E.selectCountByDate            : ==>  Preparing: SELECT create_time as name,COUNT(create_time) as value from ( SELECT DATE_FORMAT(create_time,'%Y-%m-%d') as create_time from t_exam_paper_question_customer_answer WHERE create_time between ? and ? ) a GROUP BY create_time 
2024-12-04 11:21:41.252 DEBUG 17444 --- [XNIO-1 task-103] r.c.m.x.r.E.selectCountByDate            : ==> Parameters: 2024-12-01 00:00:00.0(Timestamp), 2024-12-31 23:59:59.0(Timestamp)
2024-12-04 11:21:41.254 DEBUG 17444 --- [XNIO-1 task-103] r.c.m.x.r.E.selectCountByDate            : <==      Total: 1
2024-12-04 12:55:41.855  WARN 17444 --- [HikariPool-1 housekeeper] com.zaxxer.hikari.pool.HikariPool        : HikariPool-1 - Thread starvation or clock leap detected (housekeeper delta=1h25m47s188ms636µs800ns).
2024-12-04 13:00:28.331 DEBUG 17444 --- [XNIO-1 task-114] r.c.m.x.r.SubjectMapper.page_COUNT       : ==>  Preparing: SELECT count(0) FROM t_subject WHERE deleted = 0 
2024-12-04 13:00:28.332 DEBUG 17444 --- [XNIO-1 task-114] r.c.m.x.r.SubjectMapper.page_COUNT       : ==> Parameters: 
2024-12-04 13:00:28.333 DEBUG 17444 --- [XNIO-1 task-114] r.c.m.x.r.SubjectMapper.page_COUNT       : <==      Total: 1
2024-12-04 13:00:28.334 DEBUG 17444 --- [XNIO-1 task-114] r.c.m.xzs.repository.SubjectMapper.page  : ==>  Preparing: SELECT id, name, level, level_name, item_order, deleted FROM t_subject WHERE deleted = 0 order by id desc LIMIT ? 
2024-12-04 13:00:28.334 DEBUG 17444 --- [XNIO-1 task-114] r.c.m.xzs.repository.SubjectMapper.page  : ==> Parameters: 10(Integer)
2024-12-04 13:00:28.335 DEBUG 17444 --- [XNIO-1 task-114] r.c.m.xzs.repository.SubjectMapper.page  : <==      Total: 3
2024-12-04 13:24:38.214 DEBUG 17444 --- [XNIO-1 task-126] r.c.m.x.r.E.selectAllCount               : ==>  Preparing: SELECT count(*) from t_exam_paper where deleted=0 
2024-12-04 13:24:38.214 DEBUG 17444 --- [XNIO-1 task-126] r.c.m.x.r.E.selectAllCount               : ==> Parameters: 
2024-12-04 13:24:38.218 DEBUG 17444 --- [XNIO-1 task-126] r.c.m.x.r.E.selectAllCount               : <==      Total: 1
2024-12-04 13:24:38.219 DEBUG 17444 --- [XNIO-1 task-126] r.c.m.x.r.QuestionMapper.selectAllCount  : ==>  Preparing: SELECT count(*) from t_question where deleted=0 
2024-12-04 13:24:38.219 DEBUG 17444 --- [XNIO-1 task-126] r.c.m.x.r.QuestionMapper.selectAllCount  : ==> Parameters: 
2024-12-04 13:24:38.220 DEBUG 17444 --- [XNIO-1 task-126] r.c.m.x.r.QuestionMapper.selectAllCount  : <==      Total: 1
2024-12-04 13:24:38.220 DEBUG 17444 --- [XNIO-1 task-126] r.c.m.x.r.E.selectAllCount               : ==>  Preparing: SELECT count(*) from t_exam_paper_answer 
2024-12-04 13:24:38.220 DEBUG 17444 --- [XNIO-1 task-126] r.c.m.x.r.E.selectAllCount               : ==> Parameters: 
2024-12-04 13:24:38.223 DEBUG 17444 --- [XNIO-1 task-126] r.c.m.x.r.E.selectAllCount               : <==      Total: 1
2024-12-04 13:24:38.224 DEBUG 17444 --- [XNIO-1 task-126] r.c.m.x.r.E.selectAllCount               : ==>  Preparing: SELECT count(*) from t_exam_paper_question_customer_answer 
2024-12-04 13:24:38.224 DEBUG 17444 --- [XNIO-1 task-126] r.c.m.x.r.E.selectAllCount               : ==> Parameters: 
2024-12-04 13:24:38.227 DEBUG 17444 --- [XNIO-1 task-126] r.c.m.x.r.E.selectAllCount               : <==      Total: 1
2024-12-04 13:24:38.227 DEBUG 17444 --- [XNIO-1 task-126] r.c.m.x.r.U.selectCountByDate            : ==>  Preparing: SELECT create_time as name,COUNT(create_time) as value from ( SELECT DATE_FORMAT(create_time,'%Y-%m-%d') as create_time from t_user_event_log WHERE create_time between ? and ? ) a GROUP BY create_time 
2024-12-04 13:24:38.228 DEBUG 17444 --- [XNIO-1 task-126] r.c.m.x.r.U.selectCountByDate            : ==> Parameters: 2024-12-01 00:00:00.0(Timestamp), 2024-12-31 23:59:59.0(Timestamp)
2024-12-04 13:24:38.230 DEBUG 17444 --- [XNIO-1 task-126] r.c.m.x.r.U.selectCountByDate            : <==      Total: 3
2024-12-04 13:24:38.231 DEBUG 17444 --- [XNIO-1 task-126] r.c.m.x.r.E.selectCountByDate            : ==>  Preparing: SELECT create_time as name,COUNT(create_time) as value from ( SELECT DATE_FORMAT(create_time,'%Y-%m-%d') as create_time from t_exam_paper_question_customer_answer WHERE create_time between ? and ? ) a GROUP BY create_time 
2024-12-04 13:24:38.231 DEBUG 17444 --- [XNIO-1 task-126] r.c.m.x.r.E.selectCountByDate            : ==> Parameters: 2024-12-01 00:00:00.0(Timestamp), 2024-12-31 23:59:59.0(Timestamp)
2024-12-04 13:24:38.231 DEBUG 17444 --- [XNIO-1 task-126] r.c.m.x.r.E.selectCountByDate            : <==      Total: 1
