2024-12-10 13:30:55.281  INFO 31208 --- [restartedMain] com.mindskip.xzs.XzsApplication          : Starting XzsApplication on acerro with PID 31208 (D:\Workshop\week19\hdt\week18\xzs-mysql-master\source\xzs\target\classes started by 86190 in D:\Workshop\week19\hdt\week18\xzs-mysql-master\source\xzs)
2024-12-10 13:30:55.283  INFO 31208 --- [restartedMain] com.mindskip.xzs.XzsApplication          : The following profiles are active: dev
2024-12-10 13:30:55.327  INFO 31208 --- [restartedMain] .e.DevToolsPropertyDefaultsPostProcessor : Devtools property defaults active! Set 'spring.devtools.add-properties' to 'false' to disable
2024-12-10 13:30:55.327  INFO 31208 --- [restartedMain] .e.DevToolsPropertyDefaultsPostProcessor : For additional web related logging consider setting the 'logging.level.web' property to 'DEBUG'
2024-12-10 13:30:57.216  WARN 31208 --- [restartedMain] io.undertow.websockets.jsr               : UT026010: Buffer pool was not set on WebSocketDeploymentInfo, the default pool will be used
2024-12-10 13:30:57.243  INFO 31208 --- [restartedMain] io.undertow.servlet                      : Initializing Spring embedded WebApplicationContext
2024-12-10 13:30:57.243  INFO 31208 --- [restartedMain] o.s.web.context.ContextLoader            : Root WebApplicationContext: initialization completed in 1915 ms
2024-12-10 13:30:58.274  INFO 31208 --- [restartedMain] o.s.s.web.DefaultSecurityFilterChain     : Creating filter chain: any request, [org.springframework.security.web.context.request.async.WebAsyncManagerIntegrationFilter@265f5ca9, org.springframework.security.web.context.SecurityContextPersistenceFilter@47ad9c38, org.springframework.security.web.header.HeaderWriterFilter@78efb3b5, org.springframework.web.filter.CorsFilter@3b105731, org.springframework.security.web.authentication.logout.LogoutFilter@316b7d8f, com.mindskip.xzs.configuration.spring.security.RestLoginAuthenticationFilter@51dd1876, org.springframework.security.web.authentication.UsernamePasswordAuthenticationFilter@6c28cbc9, org.springframework.security.web.savedrequest.RequestCacheAwareFilter@3366979e, org.springframework.security.web.servletapi.SecurityContextHolderAwareRequestFilter@5a4e748a, org.springframework.security.web.authentication.rememberme.RememberMeAuthenticationFilter@4ef1ada, org.springframework.security.web.authentication.AnonymousAuthenticationFilter@62d3eb96, org.springframework.security.web.session.SessionManagementFilter@60d1c474, org.springframework.security.web.access.ExceptionTranslationFilter@1e483a5b, org.springframework.security.web.access.intercept.FilterSecurityInterceptor@5cd70f54]
2024-12-10 13:30:58.643  INFO 31208 --- [restartedMain] o.s.b.d.a.OptionalLiveReloadServer       : LiveReload server is running on port 35729
2024-12-10 13:30:58.700  INFO 31208 --- [restartedMain] org.xnio                                 : XNIO version 3.3.8.Final
2024-12-10 13:30:58.712  INFO 31208 --- [restartedMain] org.xnio.nio                             : XNIO NIO Implementation Version 3.3.8.Final
2024-12-10 13:30:58.782  INFO 31208 --- [restartedMain] o.s.b.w.e.u.UndertowServletWebServer     : Undertow started on port(s) 8000 (http) with context path ''
2024-12-10 13:30:58.787  INFO 31208 --- [restartedMain] com.mindskip.xzs.XzsApplication          : Started XzsApplication in 4.142 seconds (JVM running for 5.95)
2024-12-10 13:31:42.514  INFO 31208 --- [XNIO-1 task-1] io.undertow.servlet                      : Initializing Spring DispatcherServlet 'dispatcherServlet'
2024-12-10 13:31:42.515  INFO 31208 --- [XNIO-1 task-1] o.s.web.servlet.DispatcherServlet        : Initializing Servlet 'dispatcherServlet'
2024-12-10 13:31:42.523  INFO 31208 --- [XNIO-1 task-1] o.s.web.servlet.DispatcherServlet        : Completed initialization in 7 ms
2024-12-10 13:31:45.868  INFO 31208 --- [XNIO-1 task-2] com.zaxxer.hikari.HikariDataSource       : HikariPool-1 - Starting...
2024-12-10 13:31:46.069  INFO 31208 --- [XNIO-1 task-2] com.zaxxer.hikari.HikariDataSource       : HikariPool-1 - Start completed.
2024-12-10 13:31:46.080 DEBUG 31208 --- [XNIO-1 task-2] r.c.m.x.r.UserMapper.getUserByUserName   : ==>  Preparing: select id, user_uuid, user_name, password, real_name, age, sex, birth_day, user_level, phone, role, status, image_path, create_time, modify_time, last_active_time, deleted, wx_open_id from t_user where deleted=0 and user_name=? limit 1 
2024-12-10 13:31:46.110 DEBUG 31208 --- [XNIO-1 task-2] r.c.m.x.r.UserMapper.getUserByUserName   : ==> Parameters: admin(String)
2024-12-10 13:31:46.172 DEBUG 31208 --- [XNIO-1 task-2] r.c.m.x.r.UserMapper.getUserByUserName   : <==      Total: 1
2024-12-10 13:31:46.838 DEBUG 31208 --- [XNIO-1 task-2] r.c.m.x.r.UserMapper.getUserByUserName   : ==>  Preparing: select id, user_uuid, user_name, password, real_name, age, sex, birth_day, user_level, phone, role, status, image_path, create_time, modify_time, last_active_time, deleted, wx_open_id from t_user where deleted=0 and user_name=? limit 1 
2024-12-10 13:31:46.840 DEBUG 31208 --- [XNIO-1 task-2] r.c.m.x.r.UserMapper.getUserByUserName   : ==> Parameters: admin(String)
2024-12-10 13:31:46.842 DEBUG 31208 --- [XNIO-1 task-2] r.c.m.x.r.UserMapper.getUserByUserName   : <==      Total: 1
2024-12-10 13:31:46.863 DEBUG 31208 --- [XNIO-1 task-2] r.c.m.x.r.U.insertSelective              : ==>  Preparing: insert into t_user_event_log ( user_id, user_name, real_name, content, create_time ) values ( ?, ?, ?, ?, ? ) 
2024-12-10 13:31:46.867 DEBUG 31208 --- [XNIO-1 task-2] r.c.m.x.r.U.insertSelective              : ==> Parameters: 2(Integer), admin(String), 管理员(String), admin 登录了学之思开源考试系统(String), 2024-12-10 13:31:46.842(Timestamp)
2024-12-10 13:31:46.897 DEBUG 31208 --- [XNIO-1 task-2] r.c.m.x.r.U.insertSelective              : <==    Updates: 1
2024-12-10 13:31:46.989 DEBUG 31208 --- [XNIO-1 task-3] r.c.m.x.r.E.selectAllCount               : ==>  Preparing: SELECT count(*) from t_exam_paper where deleted=0 
2024-12-10 13:31:46.990 DEBUG 31208 --- [XNIO-1 task-3] r.c.m.x.r.E.selectAllCount               : ==> Parameters: 
2024-12-10 13:31:47.007 DEBUG 31208 --- [XNIO-1 task-3] r.c.m.x.r.E.selectAllCount               : <==      Total: 1
2024-12-10 13:31:47.008 DEBUG 31208 --- [XNIO-1 task-3] r.c.m.x.r.QuestionMapper.selectAllCount  : ==>  Preparing: SELECT count(*) from t_question where deleted=0 
2024-12-10 13:31:47.009 DEBUG 31208 --- [XNIO-1 task-3] r.c.m.x.r.QuestionMapper.selectAllCount  : ==> Parameters: 
2024-12-10 13:31:47.027 DEBUG 31208 --- [XNIO-1 task-3] r.c.m.x.r.QuestionMapper.selectAllCount  : <==      Total: 1
2024-12-10 13:31:47.028 DEBUG 31208 --- [XNIO-1 task-3] r.c.m.x.r.E.selectAllCount               : ==>  Preparing: SELECT count(*) from t_exam_paper_answer 
2024-12-10 13:31:47.028 DEBUG 31208 --- [XNIO-1 task-3] r.c.m.x.r.E.selectAllCount               : ==> Parameters: 
2024-12-10 13:31:47.045 DEBUG 31208 --- [XNIO-1 task-3] r.c.m.x.r.E.selectAllCount               : <==      Total: 1
2024-12-10 13:31:47.046 DEBUG 31208 --- [XNIO-1 task-3] r.c.m.x.r.E.selectAllCount               : ==>  Preparing: SELECT count(*) from t_exam_paper_question_customer_answer 
2024-12-10 13:31:47.046 DEBUG 31208 --- [XNIO-1 task-3] r.c.m.x.r.E.selectAllCount               : ==> Parameters: 
2024-12-10 13:31:47.066 DEBUG 31208 --- [XNIO-1 task-3] r.c.m.x.r.E.selectAllCount               : <==      Total: 1
2024-12-10 13:31:47.072 DEBUG 31208 --- [XNIO-1 task-3] r.c.m.x.r.U.selectCountByDate            : ==>  Preparing: SELECT create_time as name,COUNT(create_time) as value from ( SELECT DATE_FORMAT(create_time,'%Y-%m-%d') as create_time from t_user_event_log WHERE create_time between ? and ? ) a GROUP BY create_time 
2024-12-10 13:31:47.073 DEBUG 31208 --- [XNIO-1 task-3] r.c.m.x.r.U.selectCountByDate            : ==> Parameters: 2024-12-01 00:00:00.0(Timestamp), 2024-12-31 23:59:59.0(Timestamp)
2024-12-10 13:31:47.078 DEBUG 31208 --- [XNIO-1 task-3] r.c.m.x.r.U.selectCountByDate            : <==      Total: 6
2024-12-10 13:31:47.083 DEBUG 31208 --- [XNIO-1 task-3] r.c.m.x.r.E.selectCountByDate            : ==>  Preparing: SELECT create_time as name,COUNT(create_time) as value from ( SELECT DATE_FORMAT(create_time,'%Y-%m-%d') as create_time from t_exam_paper_question_customer_answer WHERE create_time between ? and ? ) a GROUP BY create_time 
2024-12-10 13:31:47.083 DEBUG 31208 --- [XNIO-1 task-3] r.c.m.x.r.E.selectCountByDate            : ==> Parameters: 2024-12-01 00:00:00.0(Timestamp), 2024-12-31 23:59:59.0(Timestamp)
2024-12-10 13:31:47.084 DEBUG 31208 --- [XNIO-1 task-3] r.c.m.x.r.E.selectCountByDate            : <==      Total: 2
2024-12-10 18:18:30.212  WARN 31208 --- [HikariPool-1 housekeeper] com.zaxxer.hikari.pool.HikariPool        : HikariPool-1 - Thread starvation or clock leap detected (housekeeper delta=3h43m43s542ms40µs800ns).
2024-12-10 19:11:18.905  INFO 31208 --- [Thread-13] com.zaxxer.hikari.HikariDataSource       : HikariPool-1 - Shutdown initiated...
2024-12-10 19:11:18.912  INFO 31208 --- [Thread-13] com.zaxxer.hikari.HikariDataSource       : HikariPool-1 - Shutdown completed.
2024-12-10 19:11:18.918  INFO 31208 --- [Thread-13] io.undertow.servlet                      : Destroying Spring FrameworkServlet 'dispatcherServlet'
2024-12-10 19:11:19.203  INFO 31208 --- [restartedMain] com.mindskip.xzs.XzsApplication          : Starting XzsApplication on acerro with PID 31208 (D:\Workshop\week19\hdt\week18\xzs-mysql-master\source\xzs\target\classes started by 86190 in D:\Workshop\week19\hdt\week18\xzs-mysql-master\source\xzs)
2024-12-10 19:11:19.203  INFO 31208 --- [restartedMain] com.mindskip.xzs.XzsApplication          : The following profiles are active: dev
2024-12-10 19:11:20.002  WARN 31208 --- [restartedMain] io.undertow.websockets.jsr               : UT026010: Buffer pool was not set on WebSocketDeploymentInfo, the default pool will be used
2024-12-10 19:11:20.004  INFO 31208 --- [restartedMain] io.undertow.servlet                      : Initializing Spring embedded WebApplicationContext
2024-12-10 19:11:20.004  INFO 31208 --- [restartedMain] o.s.web.context.ContextLoader            : Root WebApplicationContext: initialization completed in 794 ms
2024-12-10 19:11:20.458  INFO 31208 --- [restartedMain] o.s.s.web.DefaultSecurityFilterChain     : Creating filter chain: any request, [org.springframework.security.web.context.request.async.WebAsyncManagerIntegrationFilter@56e2568, org.springframework.security.web.context.SecurityContextPersistenceFilter@601c67bb, org.springframework.security.web.header.HeaderWriterFilter@4f51d747, org.springframework.web.filter.CorsFilter@72ef4210, org.springframework.security.web.authentication.logout.LogoutFilter@3215ed5f, com.mindskip.xzs.configuration.spring.security.RestLoginAuthenticationFilter@33445463, org.springframework.security.web.authentication.UsernamePasswordAuthenticationFilter@1f6eb7d4, org.springframework.security.web.savedrequest.RequestCacheAwareFilter@746b7548, org.springframework.security.web.servletapi.SecurityContextHolderAwareRequestFilter@35c16f6d, org.springframework.security.web.authentication.rememberme.RememberMeAuthenticationFilter@5b534a33, org.springframework.security.web.authentication.AnonymousAuthenticationFilter@18559b8e, org.springframework.security.web.session.SessionManagementFilter@6ead2fcd, org.springframework.security.web.access.ExceptionTranslationFilter@684f859d, org.springframework.security.web.access.intercept.FilterSecurityInterceptor@36f831c4]
2024-12-10 19:11:20.676  INFO 31208 --- [restartedMain] o.s.b.d.a.OptionalLiveReloadServer       : LiveReload server is running on port 35729
2024-12-10 19:11:20.719  INFO 31208 --- [restartedMain] o.s.b.w.e.u.UndertowServletWebServer     : Undertow started on port(s) 8000 (http) with context path ''
2024-12-10 19:11:20.720  INFO 31208 --- [restartedMain] com.mindskip.xzs.XzsApplication          : Started XzsApplication in 1.563 seconds (JVM running for 20428.365)
2024-12-10 19:11:20.723  INFO 31208 --- [restartedMain] .ConditionEvaluationDeltaLoggingListener : Condition evaluation unchanged
2024-12-10 19:11:26.073  INFO 31208 --- [restartedMain] com.mindskip.xzs.XzsApplication          : Starting XzsApplication on acerro with PID 31208 (D:\Workshop\week19\hdt\week18\xzs-mysql-master\source\xzs\target\classes started by 86190 in D:\Workshop\week19\hdt\week18\xzs-mysql-master\source\xzs)
2024-12-10 19:11:26.073  INFO 31208 --- [restartedMain] com.mindskip.xzs.XzsApplication          : The following profiles are active: dev
2024-12-10 19:11:26.824  WARN 31208 --- [restartedMain] io.undertow.websockets.jsr               : UT026010: Buffer pool was not set on WebSocketDeploymentInfo, the default pool will be used
2024-12-10 19:11:26.826  INFO 31208 --- [restartedMain] io.undertow.servlet                      : Initializing Spring embedded WebApplicationContext
2024-12-10 19:11:26.826  INFO 31208 --- [restartedMain] o.s.web.context.ContextLoader            : Root WebApplicationContext: initialization completed in 747 ms
2024-12-10 19:11:27.210  INFO 31208 --- [restartedMain] o.s.s.web.DefaultSecurityFilterChain     : Creating filter chain: any request, [org.springframework.security.web.context.request.async.WebAsyncManagerIntegrationFilter@7cc15c74, org.springframework.security.web.context.SecurityContextPersistenceFilter@44a8f8c8, org.springframework.security.web.header.HeaderWriterFilter@61baf669, org.springframework.web.filter.CorsFilter@72e567ed, org.springframework.security.web.authentication.logout.LogoutFilter@78743ced, com.mindskip.xzs.configuration.spring.security.RestLoginAuthenticationFilter@84fb44c, org.springframework.security.web.authentication.UsernamePasswordAuthenticationFilter@1cec2364, org.springframework.security.web.savedrequest.RequestCacheAwareFilter@31bc3b1f, org.springframework.security.web.servletapi.SecurityContextHolderAwareRequestFilter@7839aff, org.springframework.security.web.authentication.rememberme.RememberMeAuthenticationFilter@2eabd74f, org.springframework.security.web.authentication.AnonymousAuthenticationFilter@f6f8dd6, org.springframework.security.web.session.SessionManagementFilter@97ededc, org.springframework.security.web.access.ExceptionTranslationFilter@46b67af8, org.springframework.security.web.access.intercept.FilterSecurityInterceptor@7d9e669f]
2024-12-10 19:11:27.423  INFO 31208 --- [restartedMain] o.s.b.d.a.OptionalLiveReloadServer       : LiveReload server is running on port 35729
2024-12-10 19:11:27.457  INFO 31208 --- [restartedMain] o.s.b.w.e.u.UndertowServletWebServer     : Undertow started on port(s) 8000 (http) with context path ''
2024-12-10 19:11:27.457  INFO 31208 --- [restartedMain] com.mindskip.xzs.XzsApplication          : Started XzsApplication in 1.416 seconds (JVM running for 20435.103)
2024-12-10 19:11:27.461  INFO 31208 --- [restartedMain] .ConditionEvaluationDeltaLoggingListener : Condition evaluation unchanged
2024-12-10 19:14:19.075  INFO 31208 --- [restartedMain] com.mindskip.xzs.XzsApplication          : Starting XzsApplication on acerro with PID 31208 (D:\Workshop\week19\hdt\week18\xzs-mysql-master\source\xzs\target\classes started by 86190 in D:\Workshop\week19\hdt\week18\xzs-mysql-master\source\xzs)
2024-12-10 19:14:19.075  INFO 31208 --- [restartedMain] com.mindskip.xzs.XzsApplication          : The following profiles are active: dev
2024-12-10 19:14:19.879  WARN 31208 --- [restartedMain] io.undertow.websockets.jsr               : UT026010: Buffer pool was not set on WebSocketDeploymentInfo, the default pool will be used
2024-12-10 19:14:19.879  INFO 31208 --- [restartedMain] io.undertow.servlet                      : Initializing Spring embedded WebApplicationContext
2024-12-10 19:14:19.879  INFO 31208 --- [restartedMain] o.s.web.context.ContextLoader            : Root WebApplicationContext: initialization completed in 800 ms
2024-12-10 19:14:20.267  INFO 31208 --- [restartedMain] o.s.s.web.DefaultSecurityFilterChain     : Creating filter chain: any request, [org.springframework.security.web.context.request.async.WebAsyncManagerIntegrationFilter@dec3acb, org.springframework.security.web.context.SecurityContextPersistenceFilter@267bb33d, org.springframework.security.web.header.HeaderWriterFilter@70d1a8b5, org.springframework.web.filter.CorsFilter@6cbbcabb, org.springframework.security.web.authentication.logout.LogoutFilter@1e45a6f3, com.mindskip.xzs.configuration.spring.security.RestLoginAuthenticationFilter@64d9b60, org.springframework.security.web.authentication.UsernamePasswordAuthenticationFilter@3707da7e, org.springframework.security.web.savedrequest.RequestCacheAwareFilter@5f6ad88f, org.springframework.security.web.servletapi.SecurityContextHolderAwareRequestFilter@228357d7, org.springframework.security.web.authentication.rememberme.RememberMeAuthenticationFilter@6199abd2, org.springframework.security.web.authentication.AnonymousAuthenticationFilter@65662978, org.springframework.security.web.session.SessionManagementFilter@1245c7eb, org.springframework.security.web.access.ExceptionTranslationFilter@6353476a, org.springframework.security.web.access.intercept.FilterSecurityInterceptor@110e071a]
2024-12-10 19:14:20.486  INFO 31208 --- [restartedMain] o.s.b.d.a.OptionalLiveReloadServer       : LiveReload server is running on port 35729
2024-12-10 19:14:20.524  INFO 31208 --- [restartedMain] o.s.b.w.e.u.UndertowServletWebServer     : Undertow started on port(s) 8000 (http) with context path ''
2024-12-10 19:14:20.524  INFO 31208 --- [restartedMain] com.mindskip.xzs.XzsApplication          : Started XzsApplication in 1.485 seconds (JVM running for 20608.169)
2024-12-10 19:14:20.526  INFO 31208 --- [restartedMain] .ConditionEvaluationDeltaLoggingListener : Condition evaluation unchanged
2024-12-10 19:16:08.634  INFO 31208 --- [restartedMain] com.mindskip.xzs.XzsApplication          : Starting XzsApplication on acerro with PID 31208 (D:\Workshop\week19\hdt\week18\xzs-mysql-master\source\xzs\target\classes started by 86190 in D:\Workshop\week19\hdt\week18\xzs-mysql-master\source\xzs)
2024-12-10 19:16:08.635  INFO 31208 --- [restartedMain] com.mindskip.xzs.XzsApplication          : The following profiles are active: dev
2024-12-10 19:16:09.311  WARN 31208 --- [restartedMain] io.undertow.websockets.jsr               : UT026010: Buffer pool was not set on WebSocketDeploymentInfo, the default pool will be used
2024-12-10 19:16:09.311  INFO 31208 --- [restartedMain] io.undertow.servlet                      : Initializing Spring embedded WebApplicationContext
2024-12-10 19:16:09.311  INFO 31208 --- [restartedMain] o.s.web.context.ContextLoader            : Root WebApplicationContext: initialization completed in 673 ms
2024-12-10 19:16:09.672  INFO 31208 --- [restartedMain] o.s.s.web.DefaultSecurityFilterChain     : Creating filter chain: any request, [org.springframework.security.web.context.request.async.WebAsyncManagerIntegrationFilter@72352d50, org.springframework.security.web.context.SecurityContextPersistenceFilter@3ec7a08b, org.springframework.security.web.header.HeaderWriterFilter@1ccb0eac, org.springframework.web.filter.CorsFilter@3c000732, org.springframework.security.web.authentication.logout.LogoutFilter@53bd0acd, com.mindskip.xzs.configuration.spring.security.RestLoginAuthenticationFilter@7f3f3968, org.springframework.security.web.authentication.UsernamePasswordAuthenticationFilter@2c8c3cd6, org.springframework.security.web.savedrequest.RequestCacheAwareFilter@635ef178, org.springframework.security.web.servletapi.SecurityContextHolderAwareRequestFilter@27243dd1, org.springframework.security.web.authentication.rememberme.RememberMeAuthenticationFilter@35c0ab3a, org.springframework.security.web.authentication.AnonymousAuthenticationFilter@71a7f6e8, org.springframework.security.web.session.SessionManagementFilter@139cee26, org.springframework.security.web.access.ExceptionTranslationFilter@5391caa9, org.springframework.security.web.access.intercept.FilterSecurityInterceptor@6ec407fb]
2024-12-10 19:16:09.851  INFO 31208 --- [restartedMain] o.s.b.d.a.OptionalLiveReloadServer       : LiveReload server is running on port 35729
2024-12-10 19:16:09.881  INFO 31208 --- [restartedMain] o.s.b.w.e.u.UndertowServletWebServer     : Undertow started on port(s) 8000 (http) with context path ''
2024-12-10 19:16:09.881  INFO 31208 --- [restartedMain] com.mindskip.xzs.XzsApplication          : Started XzsApplication in 1.28 seconds (JVM running for 20717.526)
2024-12-10 19:16:09.883  INFO 31208 --- [restartedMain] .ConditionEvaluationDeltaLoggingListener : Condition evaluation unchanged
2024-12-10 19:18:58.015  INFO 31208 --- [restartedMain] com.mindskip.xzs.XzsApplication          : Starting XzsApplication on acerro with PID 31208 (D:\Workshop\week19\hdt\week18\xzs-mysql-master\source\xzs\target\classes started by 86190 in D:\Workshop\week19\hdt\week18\xzs-mysql-master\source\xzs)
2024-12-10 19:18:58.015  INFO 31208 --- [restartedMain] com.mindskip.xzs.XzsApplication          : The following profiles are active: dev
2024-12-10 19:18:58.724  WARN 31208 --- [restartedMain] io.undertow.websockets.jsr               : UT026010: Buffer pool was not set on WebSocketDeploymentInfo, the default pool will be used
2024-12-10 19:18:58.726  INFO 31208 --- [restartedMain] io.undertow.servlet                      : Initializing Spring embedded WebApplicationContext
2024-12-10 19:18:58.726  INFO 31208 --- [restartedMain] o.s.web.context.ContextLoader            : Root WebApplicationContext: initialization completed in 705 ms
2024-12-10 19:18:59.101  INFO 31208 --- [restartedMain] o.s.s.web.DefaultSecurityFilterChain     : Creating filter chain: any request, [org.springframework.security.web.context.request.async.WebAsyncManagerIntegrationFilter@7b591777, org.springframework.security.web.context.SecurityContextPersistenceFilter@3376c20b, org.springframework.security.web.header.HeaderWriterFilter@5f9d8999, org.springframework.web.filter.CorsFilter@243d5725, org.springframework.security.web.authentication.logout.LogoutFilter@7b84a4d9, com.mindskip.xzs.configuration.spring.security.RestLoginAuthenticationFilter@37597d87, org.springframework.security.web.authentication.UsernamePasswordAuthenticationFilter@2946e1f2, org.springframework.security.web.savedrequest.RequestCacheAwareFilter@497b65f7, org.springframework.security.web.servletapi.SecurityContextHolderAwareRequestFilter@7a99fc00, org.springframework.security.web.authentication.rememberme.RememberMeAuthenticationFilter@4405dad8, org.springframework.security.web.authentication.AnonymousAuthenticationFilter@3a6a6b21, org.springframework.security.web.session.SessionManagementFilter@3786c341, org.springframework.security.web.access.ExceptionTranslationFilter@55c5f644, org.springframework.security.web.access.intercept.FilterSecurityInterceptor@17d91c4d]
2024-12-10 19:18:59.303  INFO 31208 --- [restartedMain] o.s.b.d.a.OptionalLiveReloadServer       : LiveReload server is running on port 35729
2024-12-10 19:18:59.335  INFO 31208 --- [restartedMain] o.s.b.w.e.u.UndertowServletWebServer     : Undertow started on port(s) 8000 (http) with context path ''
2024-12-10 19:18:59.336  INFO 31208 --- [restartedMain] com.mindskip.xzs.XzsApplication          : Started XzsApplication in 1.36 seconds (JVM running for 20886.981)
2024-12-10 19:18:59.338  INFO 31208 --- [restartedMain] .ConditionEvaluationDeltaLoggingListener : Condition evaluation unchanged
2024-12-10 19:20:23.006  INFO 31208 --- [restartedMain] com.mindskip.xzs.XzsApplication          : Starting XzsApplication on acerro with PID 31208 (D:\Workshop\week19\hdt\week18\xzs-mysql-master\source\xzs\target\classes started by 86190 in D:\Workshop\week19\hdt\week18\xzs-mysql-master\source\xzs)
2024-12-10 19:20:23.006  INFO 31208 --- [restartedMain] com.mindskip.xzs.XzsApplication          : The following profiles are active: dev
2024-12-10 19:20:23.708  WARN 31208 --- [restartedMain] io.undertow.websockets.jsr               : UT026010: Buffer pool was not set on WebSocketDeploymentInfo, the default pool will be used
2024-12-10 19:20:23.709  INFO 31208 --- [restartedMain] io.undertow.servlet                      : Initializing Spring embedded WebApplicationContext
2024-12-10 19:20:23.709  INFO 31208 --- [restartedMain] o.s.web.context.ContextLoader            : Root WebApplicationContext: initialization completed in 699 ms
2024-12-10 19:20:24.186  INFO 31208 --- [restartedMain] o.s.s.web.DefaultSecurityFilterChain     : Creating filter chain: any request, [org.springframework.security.web.context.request.async.WebAsyncManagerIntegrationFilter@24211244, org.springframework.security.web.context.SecurityContextPersistenceFilter@523db757, org.springframework.security.web.header.HeaderWriterFilter@7315b154, org.springframework.web.filter.CorsFilter@1d549988, org.springframework.security.web.authentication.logout.LogoutFilter@1ec7173e, com.mindskip.xzs.configuration.spring.security.RestLoginAuthenticationFilter@340a9e29, org.springframework.security.web.authentication.UsernamePasswordAuthenticationFilter@110e9bc4, org.springframework.security.web.savedrequest.RequestCacheAwareFilter@7874ef66, org.springframework.security.web.servletapi.SecurityContextHolderAwareRequestFilter@26357e2d, org.springframework.security.web.authentication.rememberme.RememberMeAuthenticationFilter@5d0c1c7c, org.springframework.security.web.authentication.AnonymousAuthenticationFilter@78e1f15d, org.springframework.security.web.session.SessionManagementFilter@15f5b7f2, org.springframework.security.web.access.ExceptionTranslationFilter@46ad89c7, org.springframework.security.web.access.intercept.FilterSecurityInterceptor@3d909b8b]
2024-12-10 19:20:24.363  INFO 31208 --- [restartedMain] o.s.b.d.a.OptionalLiveReloadServer       : LiveReload server is running on port 35729
2024-12-10 19:20:24.400  INFO 31208 --- [restartedMain] o.s.b.w.e.u.UndertowServletWebServer     : Undertow started on port(s) 8000 (http) with context path ''
2024-12-10 19:20:24.401  INFO 31208 --- [restartedMain] com.mindskip.xzs.XzsApplication          : Started XzsApplication in 1.44 seconds (JVM running for 20972.046)
2024-12-10 19:20:24.402  INFO 31208 --- [restartedMain] .ConditionEvaluationDeltaLoggingListener : Condition evaluation unchanged
2024-12-10 19:21:28.489  INFO 31208 --- [restartedMain] com.mindskip.xzs.XzsApplication          : Starting XzsApplication on acerro with PID 31208 (D:\Workshop\week19\hdt\week18\xzs-mysql-master\source\xzs\target\classes started by 86190 in D:\Workshop\week19\hdt\week18\xzs-mysql-master\source\xzs)
2024-12-10 19:21:28.489  INFO 31208 --- [restartedMain] com.mindskip.xzs.XzsApplication          : The following profiles are active: dev
2024-12-10 19:21:29.248  WARN 31208 --- [restartedMain] io.undertow.websockets.jsr               : UT026010: Buffer pool was not set on WebSocketDeploymentInfo, the default pool will be used
2024-12-10 19:21:29.248  INFO 31208 --- [restartedMain] io.undertow.servlet                      : Initializing Spring embedded WebApplicationContext
2024-12-10 19:21:29.249  INFO 31208 --- [restartedMain] o.s.web.context.ContextLoader            : Root WebApplicationContext: initialization completed in 754 ms
2024-12-10 19:21:29.643  INFO 31208 --- [restartedMain] o.s.s.web.DefaultSecurityFilterChain     : Creating filter chain: any request, [org.springframework.security.web.context.request.async.WebAsyncManagerIntegrationFilter@310a5f03, org.springframework.security.web.context.SecurityContextPersistenceFilter@3663c124, org.springframework.security.web.header.HeaderWriterFilter@751ac1cb, org.springframework.web.filter.CorsFilter@3a9e9e3, org.springframework.security.web.authentication.logout.LogoutFilter@6500088f, com.mindskip.xzs.configuration.spring.security.RestLoginAuthenticationFilter@1c3e6584, org.springframework.security.web.authentication.UsernamePasswordAuthenticationFilter@631a5c1a, org.springframework.security.web.savedrequest.RequestCacheAwareFilter@41e12edf, org.springframework.security.web.servletapi.SecurityContextHolderAwareRequestFilter@6256bbb1, org.springframework.security.web.authentication.rememberme.RememberMeAuthenticationFilter@ccd49c5, org.springframework.security.web.authentication.AnonymousAuthenticationFilter@32628f00, org.springframework.security.web.session.SessionManagementFilter@a21be1a, org.springframework.security.web.access.ExceptionTranslationFilter@7150c4ab, org.springframework.security.web.access.intercept.FilterSecurityInterceptor@671aa160]
2024-12-10 19:21:29.865  INFO 31208 --- [restartedMain] o.s.b.d.a.OptionalLiveReloadServer       : LiveReload server is running on port 35729
2024-12-10 19:21:29.911  INFO 31208 --- [restartedMain] o.s.b.w.e.u.UndertowServletWebServer     : Undertow started on port(s) 8000 (http) with context path ''
2024-12-10 19:21:29.911  INFO 31208 --- [restartedMain] com.mindskip.xzs.XzsApplication          : Started XzsApplication in 1.459 seconds (JVM running for 21037.557)
2024-12-10 19:21:29.915  INFO 31208 --- [restartedMain] .ConditionEvaluationDeltaLoggingListener : Condition evaluation unchanged
2024-12-10 19:25:08.337  INFO 31208 --- [restartedMain] com.mindskip.xzs.XzsApplication          : Starting XzsApplication on acerro with PID 31208 (D:\Workshop\week19\hdt\week18\xzs-mysql-master\source\xzs\target\classes started by 86190 in D:\Workshop\week19\hdt\week18\xzs-mysql-master\source\xzs)
2024-12-10 19:25:08.338  INFO 31208 --- [restartedMain] com.mindskip.xzs.XzsApplication          : The following profiles are active: dev
2024-12-10 19:25:09.020  WARN 31208 --- [restartedMain] io.undertow.websockets.jsr               : UT026010: Buffer pool was not set on WebSocketDeploymentInfo, the default pool will be used
2024-12-10 19:25:09.022  INFO 31208 --- [restartedMain] io.undertow.servlet                      : Initializing Spring embedded WebApplicationContext
2024-12-10 19:25:09.022  INFO 31208 --- [restartedMain] o.s.web.context.ContextLoader            : Root WebApplicationContext: initialization completed in 680 ms
2024-12-10 19:25:09.316  INFO 31208 --- [restartedMain] o.s.s.web.DefaultSecurityFilterChain     : Creating filter chain: any request, [org.springframework.security.web.context.request.async.WebAsyncManagerIntegrationFilter@2fda2972, org.springframework.security.web.context.SecurityContextPersistenceFilter@feb7428, org.springframework.security.web.header.HeaderWriterFilter@6b106ce0, org.springframework.web.filter.CorsFilter@765761f5, org.springframework.security.web.authentication.logout.LogoutFilter@26af8eb, com.mindskip.xzs.configuration.spring.security.RestLoginAuthenticationFilter@68d40708, org.springframework.security.web.authentication.UsernamePasswordAuthenticationFilter@61a178aa, org.springframework.security.web.savedrequest.RequestCacheAwareFilter@11eeeb75, org.springframework.security.web.servletapi.SecurityContextHolderAwareRequestFilter@7971e2c4, org.springframework.security.web.authentication.rememberme.RememberMeAuthenticationFilter@d66d22d, org.springframework.security.web.authentication.AnonymousAuthenticationFilter@1c5933bd, org.springframework.security.web.session.SessionManagementFilter@25cbd574, org.springframework.security.web.access.ExceptionTranslationFilter@2ff62da5, org.springframework.security.web.access.intercept.FilterSecurityInterceptor@db21f5]
2024-12-10 19:25:09.493  INFO 31208 --- [restartedMain] o.s.b.d.a.OptionalLiveReloadServer       : LiveReload server is running on port 35729
2024-12-10 19:25:09.519  INFO 31208 --- [restartedMain] o.s.b.w.e.u.UndertowServletWebServer     : Undertow started on port(s) 8000 (http) with context path ''
2024-12-10 19:25:09.520  INFO 31208 --- [restartedMain] com.mindskip.xzs.XzsApplication          : Started XzsApplication in 1.214 seconds (JVM running for 21257.164)
2024-12-10 19:25:09.531  INFO 31208 --- [restartedMain] .ConditionEvaluationDeltaLoggingListener : Condition evaluation unchanged
2024-12-10 19:25:18.416  INFO 31208 --- [restartedMain] com.mindskip.xzs.XzsApplication          : Starting XzsApplication on acerro with PID 31208 (D:\Workshop\week19\hdt\week18\xzs-mysql-master\source\xzs\target\classes started by 86190 in D:\Workshop\week19\hdt\week18\xzs-mysql-master\source\xzs)
2024-12-10 19:25:18.417  INFO 31208 --- [restartedMain] com.mindskip.xzs.XzsApplication          : The following profiles are active: dev
2024-12-10 19:25:19.117  WARN 31208 --- [restartedMain] io.undertow.websockets.jsr               : UT026010: Buffer pool was not set on WebSocketDeploymentInfo, the default pool will be used
2024-12-10 19:25:19.118  INFO 31208 --- [restartedMain] io.undertow.servlet                      : Initializing Spring embedded WebApplicationContext
2024-12-10 19:25:19.118  INFO 31208 --- [restartedMain] o.s.web.context.ContextLoader            : Root WebApplicationContext: initialization completed in 696 ms
2024-12-10 19:25:19.486  INFO 31208 --- [restartedMain] o.s.s.web.DefaultSecurityFilterChain     : Creating filter chain: any request, [org.springframework.security.web.context.request.async.WebAsyncManagerIntegrationFilter@815fc7d, org.springframework.security.web.context.SecurityContextPersistenceFilter@321c2839, org.springframework.security.web.header.HeaderWriterFilter@27fc1eba, org.springframework.web.filter.CorsFilter@6463193f, org.springframework.security.web.authentication.logout.LogoutFilter@7b6369c2, com.mindskip.xzs.configuration.spring.security.RestLoginAuthenticationFilter@aa54368, org.springframework.security.web.authentication.UsernamePasswordAuthenticationFilter@4c9af668, org.springframework.security.web.savedrequest.RequestCacheAwareFilter@4da65e9e, org.springframework.security.web.servletapi.SecurityContextHolderAwareRequestFilter@ae8805e, org.springframework.security.web.authentication.rememberme.RememberMeAuthenticationFilter@1be784b2, org.springframework.security.web.authentication.AnonymousAuthenticationFilter@7f518a6d, org.springframework.security.web.session.SessionManagementFilter@112c1ac3, org.springframework.security.web.access.ExceptionTranslationFilter@22abbdd1, org.springframework.security.web.access.intercept.FilterSecurityInterceptor@146f0ebe]
2024-12-10 19:25:19.697  INFO 31208 --- [restartedMain] o.s.b.d.a.OptionalLiveReloadServer       : LiveReload server is running on port 35729
2024-12-10 19:25:19.725  INFO 31208 --- [restartedMain] o.s.b.w.e.u.UndertowServletWebServer     : Undertow started on port(s) 8000 (http) with context path ''
2024-12-10 19:25:19.725  INFO 31208 --- [restartedMain] com.mindskip.xzs.XzsApplication          : Started XzsApplication in 1.344 seconds (JVM running for 21267.37)
2024-12-10 19:25:19.728  INFO 31208 --- [restartedMain] .ConditionEvaluationDeltaLoggingListener : Condition evaluation unchanged
2024-12-10 19:26:02.079  INFO 31208 --- [restartedMain] com.mindskip.xzs.XzsApplication          : Starting XzsApplication on acerro with PID 31208 (D:\Workshop\week19\hdt\week18\xzs-mysql-master\source\xzs\target\classes started by 86190 in D:\Workshop\week19\hdt\week18\xzs-mysql-master\source\xzs)
2024-12-10 19:26:02.079  INFO 31208 --- [restartedMain] com.mindskip.xzs.XzsApplication          : The following profiles are active: dev
2024-12-10 19:26:02.759  WARN 31208 --- [restartedMain] io.undertow.websockets.jsr               : UT026010: Buffer pool was not set on WebSocketDeploymentInfo, the default pool will be used
2024-12-10 19:26:02.760  INFO 31208 --- [restartedMain] io.undertow.servlet                      : Initializing Spring embedded WebApplicationContext
2024-12-10 19:26:02.760  INFO 31208 --- [restartedMain] o.s.web.context.ContextLoader            : Root WebApplicationContext: initialization completed in 678 ms
2024-12-10 19:26:03.083  INFO 31208 --- [restartedMain] o.s.s.web.DefaultSecurityFilterChain     : Creating filter chain: any request, [org.springframework.security.web.context.request.async.WebAsyncManagerIntegrationFilter@418ab6b5, org.springframework.security.web.context.SecurityContextPersistenceFilter@2090f469, org.springframework.security.web.header.HeaderWriterFilter@2fefdbbb, org.springframework.web.filter.CorsFilter@46c76ffd, org.springframework.security.web.authentication.logout.LogoutFilter@2cc79c51, com.mindskip.xzs.configuration.spring.security.RestLoginAuthenticationFilter@42ee1c5, org.springframework.security.web.authentication.UsernamePasswordAuthenticationFilter@7544f753, org.springframework.security.web.savedrequest.RequestCacheAwareFilter@ffc0a67, org.springframework.security.web.servletapi.SecurityContextHolderAwareRequestFilter@5e9f3a20, org.springframework.security.web.authentication.rememberme.RememberMeAuthenticationFilter@74dabd48, org.springframework.security.web.authentication.AnonymousAuthenticationFilter@146bf619, org.springframework.security.web.session.SessionManagementFilter@6f53af25, org.springframework.security.web.access.ExceptionTranslationFilter@5bce91a5, org.springframework.security.web.access.intercept.FilterSecurityInterceptor@2b158be2]
2024-12-10 19:26:03.258  INFO 31208 --- [restartedMain] o.s.b.d.a.OptionalLiveReloadServer       : LiveReload server is running on port 35729
2024-12-10 19:26:03.285  INFO 31208 --- [restartedMain] o.s.b.w.e.u.UndertowServletWebServer     : Undertow started on port(s) 8000 (http) with context path ''
2024-12-10 19:26:03.287  INFO 31208 --- [restartedMain] com.mindskip.xzs.XzsApplication          : Started XzsApplication in 1.238 seconds (JVM running for 21310.931)
2024-12-10 19:26:03.288  INFO 31208 --- [restartedMain] .ConditionEvaluationDeltaLoggingListener : Condition evaluation unchanged
2024-12-10 19:27:35.096  INFO 31208 --- [restartedMain] com.mindskip.xzs.XzsApplication          : Starting XzsApplication on acerro with PID 31208 (D:\Workshop\week19\hdt\week18\xzs-mysql-master\source\xzs\target\classes started by 86190 in D:\Workshop\week19\hdt\week18\xzs-mysql-master\source\xzs)
2024-12-10 19:27:35.096  INFO 31208 --- [restartedMain] com.mindskip.xzs.XzsApplication          : The following profiles are active: dev
2024-12-10 19:27:35.799  WARN 31208 --- [restartedMain] io.undertow.websockets.jsr               : UT026010: Buffer pool was not set on WebSocketDeploymentInfo, the default pool will be used
2024-12-10 19:27:35.800  INFO 31208 --- [restartedMain] io.undertow.servlet                      : Initializing Spring embedded WebApplicationContext
2024-12-10 19:27:35.800  INFO 31208 --- [restartedMain] o.s.web.context.ContextLoader            : Root WebApplicationContext: initialization completed in 700 ms
2024-12-10 19:27:36.147  WARN 31208 --- [restartedMain] ConfigServletWebServerApplicationContext : Exception encountered during context initialization - cancelling refresh attempt: org.springframework.beans.factory.UnsatisfiedDependencyException: Error creating bean with name 'courseServiceImpl' defined in file [D:\Workshop\week19\hdt\week18\xzs-mysql-master\source\xzs\target\classes\com\mindskip\xzs\service\impl\CourseServiceImpl.class]: Unsatisfied dependency expressed through constructor parameter 0; nested exception is org.springframework.beans.factory.BeanCreationException: Error creating bean with name 'courseMapper': FactoryBean threw exception on object creation; nested exception is java.lang.Error: Unresolved compilation problems: 
	Syntax error, insert "}" to complete Block
	Syntax error, insert ";" to complete FieldDeclaration
	Syntax error, insert ";" to complete MethodDeclaration
	Syntax error on token "}", delete this token

2024-12-10 19:27:36.151  INFO 31208 --- [restartedMain] ConditionEvaluationReportLoggingListener : 

Error starting ApplicationContext. To display the conditions report re-run your application with 'debug' enabled.
2024-12-10 19:27:36.182 ERROR 31208 --- [restartedMain] o.s.boot.SpringApplication               : Application run failed

org.springframework.beans.factory.UnsatisfiedDependencyException: Error creating bean with name 'courseServiceImpl' defined in file [D:\Workshop\week19\hdt\week18\xzs-mysql-master\source\xzs\target\classes\com\mindskip\xzs\service\impl\CourseServiceImpl.class]: Unsatisfied dependency expressed through constructor parameter 0; nested exception is org.springframework.beans.factory.BeanCreationException: Error creating bean with name 'courseMapper': FactoryBean threw exception on object creation; nested exception is java.lang.Error: Unresolved compilation problems: 
	Syntax error, insert "}" to complete Block
	Syntax error, insert ";" to complete FieldDeclaration
	Syntax error, insert ";" to complete MethodDeclaration
	Syntax error on token "}", delete this token

	at org.springframework.beans.factory.support.ConstructorResolver.createArgumentArray(ConstructorResolver.java:769)
	at org.springframework.beans.factory.support.ConstructorResolver.autowireConstructor(ConstructorResolver.java:218)
	at org.springframework.beans.factory.support.AbstractAutowireCapableBeanFactory.autowireConstructor(AbstractAutowireCapableBeanFactory.java:1341)
	at org.springframework.beans.factory.support.AbstractAutowireCapableBeanFactory.createBeanInstance(AbstractAutowireCapableBeanFactory.java:1187)
	at org.springframework.beans.factory.support.AbstractAutowireCapableBeanFactory.doCreateBean(AbstractAutowireCapableBeanFactory.java:555)
	at org.springframework.beans.factory.support.AbstractAutowireCapableBeanFactory.createBean(AbstractAutowireCapableBeanFactory.java:515)
	at org.springframework.beans.factory.support.AbstractBeanFactory.lambda$doGetBean$0(AbstractBeanFactory.java:320)
	at org.springframework.beans.factory.support.DefaultSingletonBeanRegistry.getSingleton(DefaultSingletonBeanRegistry.java:222)
	at org.springframework.beans.factory.support.AbstractBeanFactory.doGetBean(AbstractBeanFactory.java:318)
	at org.springframework.beans.factory.support.AbstractBeanFactory.getBean(AbstractBeanFactory.java:199)
	at org.springframework.beans.factory.support.DefaultListableBeanFactory.preInstantiateSingletons(DefaultListableBeanFactory.java:845)
	at org.springframework.context.support.AbstractApplicationContext.finishBeanFactoryInitialization(AbstractApplicationContext.java:877)
	at org.springframework.context.support.AbstractApplicationContext.refresh(AbstractApplicationContext.java:549)
	at org.springframework.boot.web.servlet.context.ServletWebServerApplicationContext.refresh(ServletWebServerApplicationContext.java:140)
	at org.springframework.boot.SpringApplication.refresh(SpringApplication.java:742)
	at org.springframework.boot.SpringApplication.refreshContext(SpringApplication.java:389)
	at org.springframework.boot.SpringApplication.run(SpringApplication.java:311)
	at org.springframework.boot.SpringApplication.run(SpringApplication.java:1213)
	at org.springframework.boot.SpringApplication.run(SpringApplication.java:1202)
	at com.mindskip.xzs.XzsApplication.main(XzsApplication.java:26)
	at sun.reflect.NativeMethodAccessorImpl.invoke0(Native Method)
	at sun.reflect.NativeMethodAccessorImpl.invoke(NativeMethodAccessorImpl.java:62)
	at sun.reflect.DelegatingMethodAccessorImpl.invoke(DelegatingMethodAccessorImpl.java:43)
	at java.lang.reflect.Method.invoke(Method.java:498)
	at org.springframework.boot.devtools.restart.RestartLauncher.run(RestartLauncher.java:49)
Caused by: org.springframework.beans.factory.BeanCreationException: Error creating bean with name 'courseMapper': FactoryBean threw exception on object creation; nested exception is java.lang.Error: Unresolved compilation problems: 
	Syntax error, insert "}" to complete Block
	Syntax error, insert ";" to complete FieldDeclaration
	Syntax error, insert ";" to complete MethodDeclaration
	Syntax error on token "}", delete this token

	at org.springframework.beans.factory.support.FactoryBeanRegistrySupport.doGetObjectFromFactoryBean(FactoryBeanRegistrySupport.java:178)
	at org.springframework.beans.factory.support.FactoryBeanRegistrySupport.getObjectFromFactoryBean(FactoryBeanRegistrySupport.java:101)
	at org.springframework.beans.factory.support.AbstractBeanFactory.getObjectForBeanInstance(AbstractBeanFactory.java:1674)
	at org.springframework.beans.factory.support.AbstractAutowireCapableBeanFactory.getObjectForBeanInstance(AbstractAutowireCapableBeanFactory.java:1249)
	at org.springframework.beans.factory.support.AbstractBeanFactory.doGetBean(AbstractBeanFactory.java:330)
	at org.springframework.beans.factory.support.AbstractBeanFactory.getBean(AbstractBeanFactory.java:199)
	at org.springframework.beans.factory.config.DependencyDescriptor.resolveCandidate(DependencyDescriptor.java:277)
	at org.springframework.beans.factory.support.DefaultListableBeanFactory.doResolveDependency(DefaultListableBeanFactory.java:1251)
	at org.springframework.beans.factory.support.DefaultListableBeanFactory.resolveDependency(DefaultListableBeanFactory.java:1171)
	at org.springframework.beans.factory.support.ConstructorResolver.resolveAutowiredArgument(ConstructorResolver.java:857)
	at org.springframework.beans.factory.support.ConstructorResolver.createArgumentArray(ConstructorResolver.java:760)
	... 24 common frames omitted
Caused by: java.lang.Error: Unresolved compilation problems: 
	Syntax error, insert "}" to complete Block
	Syntax error, insert ";" to complete FieldDeclaration
	Syntax error, insert ";" to complete MethodDeclaration
	Syntax error on token "}", delete this token

	at com.mindskip.xzs.repository.CourseMapper.<clinit>(CourseMapper.java:9)
	at java.lang.Class.forName0(Native Method)
	at java.lang.Class.forName(Class.java:264)
	at com.sun.proxy.$Proxy350.<clinit>(Unknown Source)
	at sun.reflect.NativeConstructorAccessorImpl.newInstance0(Native Method)
	at sun.reflect.NativeConstructorAccessorImpl.newInstance(NativeConstructorAccessorImpl.java:62)
	at sun.reflect.DelegatingConstructorAccessorImpl.newInstance(DelegatingConstructorAccessorImpl.java:45)
	at java.lang.reflect.Constructor.newInstance(Constructor.java:423)
	at java.lang.reflect.Proxy.newProxyInstance(Proxy.java:739)
	at org.apache.ibatis.binding.MapperProxyFactory.newInstance(MapperProxyFactory.java:47)
	at org.apache.ibatis.binding.MapperProxyFactory.newInstance(MapperProxyFactory.java:52)
	at org.apache.ibatis.binding.MapperRegistry.getMapper(MapperRegistry.java:50)
	at org.apache.ibatis.session.Configuration.getMapper(Configuration.java:779)
	at org.mybatis.spring.SqlSessionTemplate.getMapper(SqlSessionTemplate.java:311)
	at org.mybatis.spring.mapper.MapperFactoryBean.getObject(MapperFactoryBean.java:95)
	at org.springframework.beans.factory.support.FactoryBeanRegistrySupport.doGetObjectFromFactoryBean(FactoryBeanRegistrySupport.java:171)
	... 34 common frames omitted

2024-12-10 19:29:05.978  INFO 31208 --- [restartedMain] com.mindskip.xzs.XzsApplication          : Starting XzsApplication on acerro with PID 31208 (D:\Workshop\week19\hdt\week18\xzs-mysql-master\source\xzs\target\classes started by 86190 in D:\Workshop\week19\hdt\week18\xzs-mysql-master\source\xzs)
2024-12-10 19:29:05.978  INFO 31208 --- [restartedMain] com.mindskip.xzs.XzsApplication          : The following profiles are active: dev
2024-12-10 19:29:06.656  WARN 31208 --- [restartedMain] io.undertow.websockets.jsr               : UT026010: Buffer pool was not set on WebSocketDeploymentInfo, the default pool will be used
2024-12-10 19:29:06.657  INFO 31208 --- [restartedMain] io.undertow.servlet                      : Initializing Spring embedded WebApplicationContext
2024-12-10 19:29:06.658  INFO 31208 --- [restartedMain] o.s.web.context.ContextLoader            : Root WebApplicationContext: initialization completed in 676 ms
2024-12-10 19:29:06.976  INFO 31208 --- [restartedMain] o.s.s.web.DefaultSecurityFilterChain     : Creating filter chain: any request, [org.springframework.security.web.context.request.async.WebAsyncManagerIntegrationFilter@220db263, org.springframework.security.web.context.SecurityContextPersistenceFilter@52df0320, org.springframework.security.web.header.HeaderWriterFilter@5bd64571, org.springframework.web.filter.CorsFilter@2cc085d4, org.springframework.security.web.authentication.logout.LogoutFilter@d075c09, com.mindskip.xzs.configuration.spring.security.RestLoginAuthenticationFilter@531f28e9, org.springframework.security.web.authentication.UsernamePasswordAuthenticationFilter@704310d2, org.springframework.security.web.savedrequest.RequestCacheAwareFilter@3a169781, org.springframework.security.web.servletapi.SecurityContextHolderAwareRequestFilter@5302a07f, org.springframework.security.web.authentication.rememberme.RememberMeAuthenticationFilter@6ac47978, org.springframework.security.web.authentication.AnonymousAuthenticationFilter@446dd51e, org.springframework.security.web.session.SessionManagementFilter@4df2652b, org.springframework.security.web.access.ExceptionTranslationFilter@101f17c5, org.springframework.security.web.access.intercept.FilterSecurityInterceptor@14435016]
2024-12-10 19:29:07.179  INFO 31208 --- [restartedMain] o.s.b.d.a.OptionalLiveReloadServer       : LiveReload server is running on port 35729
2024-12-10 19:29:07.215  INFO 31208 --- [restartedMain] o.s.b.w.e.u.UndertowServletWebServer     : Undertow started on port(s) 8000 (http) with context path ''
2024-12-10 19:29:07.216  INFO 31208 --- [restartedMain] com.mindskip.xzs.XzsApplication          : Started XzsApplication in 1.27 seconds (JVM running for 21494.861)
2024-12-10 19:29:07.217  INFO 31208 --- [restartedMain] .ConditionEvaluationDeltaLoggingListener : Condition evaluation unchanged
2024-12-10 19:29:18.465  INFO 31208 --- [restartedMain] com.mindskip.xzs.XzsApplication          : Starting XzsApplication on acerro with PID 31208 (D:\Workshop\week19\hdt\week18\xzs-mysql-master\source\xzs\target\classes started by 86190 in D:\Workshop\week19\hdt\week18\xzs-mysql-master\source\xzs)
2024-12-10 19:29:18.466  INFO 31208 --- [restartedMain] com.mindskip.xzs.XzsApplication          : The following profiles are active: dev
2024-12-10 19:29:19.076  WARN 31208 --- [restartedMain] io.undertow.websockets.jsr               : UT026010: Buffer pool was not set on WebSocketDeploymentInfo, the default pool will be used
2024-12-10 19:29:19.077  INFO 31208 --- [restartedMain] io.undertow.servlet                      : Initializing Spring embedded WebApplicationContext
2024-12-10 19:29:19.077  INFO 31208 --- [restartedMain] o.s.web.context.ContextLoader            : Root WebApplicationContext: initialization completed in 607 ms
2024-12-10 19:29:19.367  INFO 31208 --- [restartedMain] o.s.s.web.DefaultSecurityFilterChain     : Creating filter chain: any request, [org.springframework.security.web.context.request.async.WebAsyncManagerIntegrationFilter@36f98b05, org.springframework.security.web.context.SecurityContextPersistenceFilter@1d51325a, org.springframework.security.web.header.HeaderWriterFilter@44b06175, org.springframework.web.filter.CorsFilter@4141a24, org.springframework.security.web.authentication.logout.LogoutFilter@190d71bd, com.mindskip.xzs.configuration.spring.security.RestLoginAuthenticationFilter@3649e71c, org.springframework.security.web.authentication.UsernamePasswordAuthenticationFilter@2e56ba39, org.springframework.security.web.savedrequest.RequestCacheAwareFilter@18d0df32, org.springframework.security.web.servletapi.SecurityContextHolderAwareRequestFilter@5facbe94, org.springframework.security.web.authentication.rememberme.RememberMeAuthenticationFilter@3a4f673e, org.springframework.security.web.authentication.AnonymousAuthenticationFilter@1f88efed, org.springframework.security.web.session.SessionManagementFilter@24bc5b7f, org.springframework.security.web.access.ExceptionTranslationFilter@851bab8, org.springframework.security.web.access.intercept.FilterSecurityInterceptor@651af8b6]
2024-12-10 19:29:19.576  INFO 31208 --- [restartedMain] o.s.b.d.a.OptionalLiveReloadServer       : LiveReload server is running on port 35729
2024-12-10 19:29:19.612  INFO 31208 --- [restartedMain] o.s.b.w.e.u.UndertowServletWebServer     : Undertow started on port(s) 8000 (http) with context path ''
2024-12-10 19:29:19.612  INFO 31208 --- [restartedMain] com.mindskip.xzs.XzsApplication          : Started XzsApplication in 1.179 seconds (JVM running for 21507.256)
2024-12-10 19:29:19.614  INFO 31208 --- [restartedMain] .ConditionEvaluationDeltaLoggingListener : Condition evaluation unchanged
2024-12-10 19:31:31.312  INFO 31208 --- [restartedMain] com.mindskip.xzs.XzsApplication          : Starting XzsApplication on acerro with PID 31208 (D:\Workshop\week19\hdt\week18\xzs-mysql-master\source\xzs\target\classes started by 86190 in D:\Workshop\week19\hdt\week18\xzs-mysql-master\source\xzs)
2024-12-10 19:31:31.313  INFO 31208 --- [restartedMain] com.mindskip.xzs.XzsApplication          : The following profiles are active: dev
2024-12-10 19:31:31.989  WARN 31208 --- [restartedMain] io.undertow.websockets.jsr               : UT026010: Buffer pool was not set on WebSocketDeploymentInfo, the default pool will be used
2024-12-10 19:31:31.990  INFO 31208 --- [restartedMain] io.undertow.servlet                      : Initializing Spring embedded WebApplicationContext
2024-12-10 19:31:31.990  INFO 31208 --- [restartedMain] o.s.web.context.ContextLoader            : Root WebApplicationContext: initialization completed in 674 ms
2024-12-10 19:31:32.302  WARN 31208 --- [restartedMain] ConfigServletWebServerApplicationContext : Exception encountered during context initialization - cancelling refresh attempt: org.springframework.beans.factory.UnsatisfiedDependencyException: Error creating bean with name 'courseServiceImpl' defined in file [D:\Workshop\week19\hdt\week18\xzs-mysql-master\source\xzs\target\classes\com\mindskip\xzs\service\impl\CourseServiceImpl.class]: Unsatisfied dependency expressed through constructor parameter 0; nested exception is org.springframework.beans.factory.BeanCreationException: Error creating bean with name 'courseMapper': FactoryBean threw exception on object creation; nested exception is java.lang.Error: Unresolved compilation problems: 
	Syntax error, insert "}" to complete Block
	Syntax error, insert ";" to complete FieldDeclaration
	Syntax error, insert ";" to complete MethodDeclaration
	Syntax error on token "}", delete this token

2024-12-10 19:31:32.306  INFO 31208 --- [restartedMain] ConditionEvaluationReportLoggingListener : 

Error starting ApplicationContext. To display the conditions report re-run your application with 'debug' enabled.
2024-12-10 19:31:32.306 ERROR 31208 --- [restartedMain] o.s.boot.SpringApplication               : Application run failed

org.springframework.beans.factory.UnsatisfiedDependencyException: Error creating bean with name 'courseServiceImpl' defined in file [D:\Workshop\week19\hdt\week18\xzs-mysql-master\source\xzs\target\classes\com\mindskip\xzs\service\impl\CourseServiceImpl.class]: Unsatisfied dependency expressed through constructor parameter 0; nested exception is org.springframework.beans.factory.BeanCreationException: Error creating bean with name 'courseMapper': FactoryBean threw exception on object creation; nested exception is java.lang.Error: Unresolved compilation problems: 
	Syntax error, insert "}" to complete Block
	Syntax error, insert ";" to complete FieldDeclaration
	Syntax error, insert ";" to complete MethodDeclaration
	Syntax error on token "}", delete this token

	at org.springframework.beans.factory.support.ConstructorResolver.createArgumentArray(ConstructorResolver.java:769)
	at org.springframework.beans.factory.support.ConstructorResolver.autowireConstructor(ConstructorResolver.java:218)
	at org.springframework.beans.factory.support.AbstractAutowireCapableBeanFactory.autowireConstructor(AbstractAutowireCapableBeanFactory.java:1341)
	at org.springframework.beans.factory.support.AbstractAutowireCapableBeanFactory.createBeanInstance(AbstractAutowireCapableBeanFactory.java:1187)
	at org.springframework.beans.factory.support.AbstractAutowireCapableBeanFactory.doCreateBean(AbstractAutowireCapableBeanFactory.java:555)
	at org.springframework.beans.factory.support.AbstractAutowireCapableBeanFactory.createBean(AbstractAutowireCapableBeanFactory.java:515)
	at org.springframework.beans.factory.support.AbstractBeanFactory.lambda$doGetBean$0(AbstractBeanFactory.java:320)
	at org.springframework.beans.factory.support.DefaultSingletonBeanRegistry.getSingleton(DefaultSingletonBeanRegistry.java:222)
	at org.springframework.beans.factory.support.AbstractBeanFactory.doGetBean(AbstractBeanFactory.java:318)
	at org.springframework.beans.factory.support.AbstractBeanFactory.getBean(AbstractBeanFactory.java:199)
	at org.springframework.beans.factory.support.DefaultListableBeanFactory.preInstantiateSingletons(DefaultListableBeanFactory.java:845)
	at org.springframework.context.support.AbstractApplicationContext.finishBeanFactoryInitialization(AbstractApplicationContext.java:877)
	at org.springframework.context.support.AbstractApplicationContext.refresh(AbstractApplicationContext.java:549)
	at org.springframework.boot.web.servlet.context.ServletWebServerApplicationContext.refresh(ServletWebServerApplicationContext.java:140)
	at org.springframework.boot.SpringApplication.refresh(SpringApplication.java:742)
	at org.springframework.boot.SpringApplication.refreshContext(SpringApplication.java:389)
	at org.springframework.boot.SpringApplication.run(SpringApplication.java:311)
	at org.springframework.boot.SpringApplication.run(SpringApplication.java:1213)
	at org.springframework.boot.SpringApplication.run(SpringApplication.java:1202)
	at com.mindskip.xzs.XzsApplication.main(XzsApplication.java:26)
	at sun.reflect.NativeMethodAccessorImpl.invoke0(Native Method)
	at sun.reflect.NativeMethodAccessorImpl.invoke(NativeMethodAccessorImpl.java:62)
	at sun.reflect.DelegatingMethodAccessorImpl.invoke(DelegatingMethodAccessorImpl.java:43)
	at java.lang.reflect.Method.invoke(Method.java:498)
	at org.springframework.boot.devtools.restart.RestartLauncher.run(RestartLauncher.java:49)
Caused by: org.springframework.beans.factory.BeanCreationException: Error creating bean with name 'courseMapper': FactoryBean threw exception on object creation; nested exception is java.lang.Error: Unresolved compilation problems: 
	Syntax error, insert "}" to complete Block
	Syntax error, insert ";" to complete FieldDeclaration
	Syntax error, insert ";" to complete MethodDeclaration
	Syntax error on token "}", delete this token

	at org.springframework.beans.factory.support.FactoryBeanRegistrySupport.doGetObjectFromFactoryBean(FactoryBeanRegistrySupport.java:178)
	at org.springframework.beans.factory.support.FactoryBeanRegistrySupport.getObjectFromFactoryBean(FactoryBeanRegistrySupport.java:101)
	at org.springframework.beans.factory.support.AbstractBeanFactory.getObjectForBeanInstance(AbstractBeanFactory.java:1674)
	at org.springframework.beans.factory.support.AbstractAutowireCapableBeanFactory.getObjectForBeanInstance(AbstractAutowireCapableBeanFactory.java:1249)
	at org.springframework.beans.factory.support.AbstractBeanFactory.doGetBean(AbstractBeanFactory.java:330)
	at org.springframework.beans.factory.support.AbstractBeanFactory.getBean(AbstractBeanFactory.java:199)
	at org.springframework.beans.factory.config.DependencyDescriptor.resolveCandidate(DependencyDescriptor.java:277)
	at org.springframework.beans.factory.support.DefaultListableBeanFactory.doResolveDependency(DefaultListableBeanFactory.java:1251)
	at org.springframework.beans.factory.support.DefaultListableBeanFactory.resolveDependency(DefaultListableBeanFactory.java:1171)
	at org.springframework.beans.factory.support.ConstructorResolver.resolveAutowiredArgument(ConstructorResolver.java:857)
	at org.springframework.beans.factory.support.ConstructorResolver.createArgumentArray(ConstructorResolver.java:760)
	... 24 common frames omitted
Caused by: java.lang.Error: Unresolved compilation problems: 
	Syntax error, insert "}" to complete Block
	Syntax error, insert ";" to complete FieldDeclaration
	Syntax error, insert ";" to complete MethodDeclaration
	Syntax error on token "}", delete this token

	at com.mindskip.xzs.repository.CourseMapper.<clinit>(CourseMapper.java:9)
	at java.lang.Class.forName0(Native Method)
	at java.lang.Class.forName(Class.java:264)
	at com.sun.proxy.$Proxy417.<clinit>(Unknown Source)
	at sun.reflect.NativeConstructorAccessorImpl.newInstance0(Native Method)
	at sun.reflect.NativeConstructorAccessorImpl.newInstance(NativeConstructorAccessorImpl.java:62)
	at sun.reflect.DelegatingConstructorAccessorImpl.newInstance(DelegatingConstructorAccessorImpl.java:45)
	at java.lang.reflect.Constructor.newInstance(Constructor.java:423)
	at java.lang.reflect.Proxy.newProxyInstance(Proxy.java:739)
	at org.apache.ibatis.binding.MapperProxyFactory.newInstance(MapperProxyFactory.java:47)
	at org.apache.ibatis.binding.MapperProxyFactory.newInstance(MapperProxyFactory.java:52)
	at org.apache.ibatis.binding.MapperRegistry.getMapper(MapperRegistry.java:50)
	at org.apache.ibatis.session.Configuration.getMapper(Configuration.java:779)
	at org.mybatis.spring.SqlSessionTemplate.getMapper(SqlSessionTemplate.java:311)
	at org.mybatis.spring.mapper.MapperFactoryBean.getObject(MapperFactoryBean.java:95)
	at org.springframework.beans.factory.support.FactoryBeanRegistrySupport.doGetObjectFromFactoryBean(FactoryBeanRegistrySupport.java:171)
	... 34 common frames omitted

2024-12-10 19:32:12.180  INFO 31208 --- [restartedMain] com.mindskip.xzs.XzsApplication          : Starting XzsApplication on acerro with PID 31208 (D:\Workshop\week19\hdt\week18\xzs-mysql-master\source\xzs\target\classes started by 86190 in D:\Workshop\week19\hdt\week18\xzs-mysql-master\source\xzs)
2024-12-10 19:32:12.180  INFO 31208 --- [restartedMain] com.mindskip.xzs.XzsApplication          : The following profiles are active: dev
2024-12-10 19:32:12.966  WARN 31208 --- [restartedMain] io.undertow.websockets.jsr               : UT026010: Buffer pool was not set on WebSocketDeploymentInfo, the default pool will be used
2024-12-10 19:32:12.967  INFO 31208 --- [restartedMain] io.undertow.servlet                      : Initializing Spring embedded WebApplicationContext
2024-12-10 19:32:12.967  INFO 31208 --- [restartedMain] o.s.web.context.ContextLoader            : Root WebApplicationContext: initialization completed in 783 ms
2024-12-10 19:32:13.351  INFO 31208 --- [restartedMain] o.s.s.web.DefaultSecurityFilterChain     : Creating filter chain: any request, [org.springframework.security.web.context.request.async.WebAsyncManagerIntegrationFilter@695fe9e4, org.springframework.security.web.context.SecurityContextPersistenceFilter@d7c740b, org.springframework.security.web.header.HeaderWriterFilter@48a304c7, org.springframework.web.filter.CorsFilter@44511aa, org.springframework.security.web.authentication.logout.LogoutFilter@134ee178, com.mindskip.xzs.configuration.spring.security.RestLoginAuthenticationFilter@4a060821, org.springframework.security.web.authentication.UsernamePasswordAuthenticationFilter@6b935266, org.springframework.security.web.savedrequest.RequestCacheAwareFilter@2c7e4df7, org.springframework.security.web.servletapi.SecurityContextHolderAwareRequestFilter@7c2bf183, org.springframework.security.web.authentication.rememberme.RememberMeAuthenticationFilter@bdf7739, org.springframework.security.web.authentication.AnonymousAuthenticationFilter@75347326, org.springframework.security.web.session.SessionManagementFilter@61e1dd7b, org.springframework.security.web.access.ExceptionTranslationFilter@6bf95b48, org.springframework.security.web.access.intercept.FilterSecurityInterceptor@48a4aa77]
2024-12-10 19:32:13.526  INFO 31208 --- [restartedMain] o.s.b.d.a.OptionalLiveReloadServer       : LiveReload server is running on port 35729
2024-12-10 19:32:13.554  INFO 31208 --- [restartedMain] o.s.b.w.e.u.UndertowServletWebServer     : Undertow started on port(s) 8000 (http) with context path ''
2024-12-10 19:32:13.555  INFO 31208 --- [restartedMain] com.mindskip.xzs.XzsApplication          : Started XzsApplication in 1.409 seconds (JVM running for 21681.199)
2024-12-10 19:32:13.557  INFO 31208 --- [restartedMain] .ConditionEvaluationDeltaLoggingListener : Condition evaluation unchanged
2024-12-10 19:32:39.162  INFO 31208 --- [restartedMain] com.mindskip.xzs.XzsApplication          : Starting XzsApplication on acerro with PID 31208 (D:\Workshop\week19\hdt\week18\xzs-mysql-master\source\xzs\target\classes started by 86190 in D:\Workshop\week19\hdt\week18\xzs-mysql-master\source\xzs)
2024-12-10 19:32:39.162  INFO 31208 --- [restartedMain] com.mindskip.xzs.XzsApplication          : The following profiles are active: dev
2024-12-10 19:32:40.020  WARN 31208 --- [restartedMain] io.undertow.websockets.jsr               : UT026010: Buffer pool was not set on WebSocketDeploymentInfo, the default pool will be used
2024-12-10 19:32:40.021  INFO 31208 --- [restartedMain] io.undertow.servlet                      : Initializing Spring embedded WebApplicationContext
2024-12-10 19:32:40.021  INFO 31208 --- [restartedMain] o.s.web.context.ContextLoader            : Root WebApplicationContext: initialization completed in 850 ms
2024-12-10 19:32:40.418  INFO 31208 --- [restartedMain] o.s.s.web.DefaultSecurityFilterChain     : Creating filter chain: any request, [org.springframework.security.web.context.request.async.WebAsyncManagerIntegrationFilter@2a574783, org.springframework.security.web.context.SecurityContextPersistenceFilter@7cba79c0, org.springframework.security.web.header.HeaderWriterFilter@62c83cec, org.springframework.web.filter.CorsFilter@9f3ebb7, org.springframework.security.web.authentication.logout.LogoutFilter@1402fefa, com.mindskip.xzs.configuration.spring.security.RestLoginAuthenticationFilter@33378efd, org.springframework.security.web.authentication.UsernamePasswordAuthenticationFilter@755f5ad, org.springframework.security.web.savedrequest.RequestCacheAwareFilter@f2af708, org.springframework.security.web.servletapi.SecurityContextHolderAwareRequestFilter@2c26855d, org.springframework.security.web.authentication.rememberme.RememberMeAuthenticationFilter@53eea75f, org.springframework.security.web.authentication.AnonymousAuthenticationFilter@21239fb9, org.springframework.security.web.session.SessionManagementFilter@6fcaeac1, org.springframework.security.web.access.ExceptionTranslationFilter@47b69aad, org.springframework.security.web.access.intercept.FilterSecurityInterceptor@a753e40]
2024-12-10 19:32:40.609  INFO 31208 --- [restartedMain] o.s.b.d.a.OptionalLiveReloadServer       : LiveReload server is running on port 35729
2024-12-10 19:32:40.641  INFO 31208 --- [restartedMain] o.s.b.w.e.u.UndertowServletWebServer     : Undertow started on port(s) 8000 (http) with context path ''
2024-12-10 19:32:40.643  INFO 31208 --- [restartedMain] com.mindskip.xzs.XzsApplication          : Started XzsApplication in 1.526 seconds (JVM running for 21708.287)
2024-12-10 19:32:40.645  INFO 31208 --- [restartedMain] .ConditionEvaluationDeltaLoggingListener : Condition evaluation unchanged
2024-12-10 19:32:43.905  INFO 31208 --- [restartedMain] com.mindskip.xzs.XzsApplication          : Starting XzsApplication on acerro with PID 31208 (D:\Workshop\week19\hdt\week18\xzs-mysql-master\source\xzs\target\classes started by 86190 in D:\Workshop\week19\hdt\week18\xzs-mysql-master\source\xzs)
2024-12-10 19:32:43.906  INFO 31208 --- [restartedMain] com.mindskip.xzs.XzsApplication          : The following profiles are active: dev
2024-12-10 19:32:44.546  WARN 31208 --- [restartedMain] io.undertow.websockets.jsr               : UT026010: Buffer pool was not set on WebSocketDeploymentInfo, the default pool will be used
2024-12-10 19:32:44.547  INFO 31208 --- [restartedMain] io.undertow.servlet                      : Initializing Spring embedded WebApplicationContext
2024-12-10 19:32:44.547  INFO 31208 --- [restartedMain] o.s.web.context.ContextLoader            : Root WebApplicationContext: initialization completed in 634 ms
2024-12-10 19:32:44.866  INFO 31208 --- [restartedMain] o.s.s.web.DefaultSecurityFilterChain     : Creating filter chain: any request, [org.springframework.security.web.context.request.async.WebAsyncManagerIntegrationFilter@7e2befb2, org.springframework.security.web.context.SecurityContextPersistenceFilter@79ce62cb, org.springframework.security.web.header.HeaderWriterFilter@404d462d, org.springframework.web.filter.CorsFilter@62470d91, org.springframework.security.web.authentication.logout.LogoutFilter@79dcdf50, com.mindskip.xzs.configuration.spring.security.RestLoginAuthenticationFilter@2cf45e77, org.springframework.security.web.authentication.UsernamePasswordAuthenticationFilter@391e06a, org.springframework.security.web.savedrequest.RequestCacheAwareFilter@7adbfa4a, org.springframework.security.web.servletapi.SecurityContextHolderAwareRequestFilter@500db712, org.springframework.security.web.authentication.rememberme.RememberMeAuthenticationFilter@ebb989b, org.springframework.security.web.authentication.AnonymousAuthenticationFilter@6ed92303, org.springframework.security.web.session.SessionManagementFilter@7fead259, org.springframework.security.web.access.ExceptionTranslationFilter@5ddbc9b9, org.springframework.security.web.access.intercept.FilterSecurityInterceptor@665f55eb]
2024-12-10 19:32:45.052  INFO 31208 --- [restartedMain] o.s.b.d.a.OptionalLiveReloadServer       : LiveReload server is running on port 35729
2024-12-10 19:32:45.087  INFO 31208 --- [restartedMain] o.s.b.w.e.u.UndertowServletWebServer     : Undertow started on port(s) 8000 (http) with context path ''
2024-12-10 19:32:45.088  INFO 31208 --- [restartedMain] com.mindskip.xzs.XzsApplication          : Started XzsApplication in 1.221 seconds (JVM running for 21712.732)
2024-12-10 19:32:45.090  INFO 31208 --- [restartedMain] .ConditionEvaluationDeltaLoggingListener : Condition evaluation unchanged
2024-12-10 19:32:59.148  INFO 49380 --- [restartedMain] com.mindskip.xzs.XzsApplication          : Starting XzsApplication on acerro with PID 49380 (D:\Workshop\week19\hdt\week18\xzs-mysql-master\source\xzs\target\classes started by 86190 in D:\Workshop\week19\hdt\week18\xzs-mysql-master\source\xzs)
2024-12-10 19:32:59.151  INFO 49380 --- [restartedMain] com.mindskip.xzs.XzsApplication          : The following profiles are active: dev
2024-12-10 19:32:59.205  INFO 49380 --- [restartedMain] .e.DevToolsPropertyDefaultsPostProcessor : Devtools property defaults active! Set 'spring.devtools.add-properties' to 'false' to disable
2024-12-10 19:32:59.205  INFO 49380 --- [restartedMain] .e.DevToolsPropertyDefaultsPostProcessor : For additional web related logging consider setting the 'logging.level.web' property to 'DEBUG'
2024-12-10 19:33:00.904  WARN 49380 --- [restartedMain] io.undertow.websockets.jsr               : UT026010: Buffer pool was not set on WebSocketDeploymentInfo, the default pool will be used
2024-12-10 19:33:00.932  INFO 49380 --- [restartedMain] io.undertow.servlet                      : Initializing Spring embedded WebApplicationContext
2024-12-10 19:33:00.933  INFO 49380 --- [restartedMain] o.s.web.context.ContextLoader            : Root WebApplicationContext: initialization completed in 1728 ms
2024-12-10 19:33:01.907  INFO 49380 --- [restartedMain] o.s.s.web.DefaultSecurityFilterChain     : Creating filter chain: any request, [org.springframework.security.web.context.request.async.WebAsyncManagerIntegrationFilter@439ef3b1, org.springframework.security.web.context.SecurityContextPersistenceFilter@332fa39f, org.springframework.security.web.header.HeaderWriterFilter@7540509c, org.springframework.web.filter.CorsFilter@78430026, org.springframework.security.web.authentication.logout.LogoutFilter@183f4bf9, com.mindskip.xzs.configuration.spring.security.RestLoginAuthenticationFilter@7c023375, org.springframework.security.web.authentication.UsernamePasswordAuthenticationFilter@8cdbff7, org.springframework.security.web.savedrequest.RequestCacheAwareFilter@13042e9f, org.springframework.security.web.servletapi.SecurityContextHolderAwareRequestFilter@76346048, org.springframework.security.web.authentication.rememberme.RememberMeAuthenticationFilter@3c52709b, org.springframework.security.web.authentication.AnonymousAuthenticationFilter@6e2e0766, org.springframework.security.web.session.SessionManagementFilter@7e600e8a, org.springframework.security.web.access.ExceptionTranslationFilter@2b1f32e, org.springframework.security.web.access.intercept.FilterSecurityInterceptor@65b268a4]
2024-12-10 19:33:02.307  INFO 49380 --- [restartedMain] o.s.b.d.a.OptionalLiveReloadServer       : LiveReload server is running on port 35729
2024-12-10 19:33:02.365  INFO 49380 --- [restartedMain] org.xnio                                 : XNIO version 3.3.8.Final
2024-12-10 19:33:02.377  INFO 49380 --- [restartedMain] org.xnio.nio                             : XNIO NIO Implementation Version 3.3.8.Final
2024-12-10 19:33:02.444  INFO 49380 --- [restartedMain] o.s.b.w.e.u.UndertowServletWebServer     : Undertow started on port(s) 8000 (http) with context path ''
2024-12-10 19:33:02.448  INFO 49380 --- [restartedMain] com.mindskip.xzs.XzsApplication          : Started XzsApplication in 3.804 seconds (JVM running for 5.022)
2024-12-10 20:03:50.258  INFO 49380 --- [restartedMain] com.mindskip.xzs.XzsApplication          : Starting XzsApplication on acerro with PID 49380 (D:\Workshop\week19\hdt\week18\xzs-mysql-master\source\xzs\target\classes started by 86190 in D:\Workshop\week19\hdt\week18\xzs-mysql-master\source\xzs)
2024-12-10 20:03:50.259  INFO 49380 --- [restartedMain] com.mindskip.xzs.XzsApplication          : The following profiles are active: dev
2024-12-10 20:03:51.059  WARN 49380 --- [restartedMain] io.undertow.websockets.jsr               : UT026010: Buffer pool was not set on WebSocketDeploymentInfo, the default pool will be used
2024-12-10 20:03:51.061  INFO 49380 --- [restartedMain] io.undertow.servlet                      : Initializing Spring embedded WebApplicationContext
2024-12-10 20:03:51.061  INFO 49380 --- [restartedMain] o.s.web.context.ContextLoader            : Root WebApplicationContext: initialization completed in 799 ms
2024-12-10 20:03:51.457  INFO 49380 --- [restartedMain] o.s.s.web.DefaultSecurityFilterChain     : Creating filter chain: any request, [org.springframework.security.web.context.request.async.WebAsyncManagerIntegrationFilter@432ccb62, org.springframework.security.web.context.SecurityContextPersistenceFilter@62563d16, org.springframework.security.web.header.HeaderWriterFilter@3e761572, org.springframework.web.filter.CorsFilter@2167562c, org.springframework.security.web.authentication.logout.LogoutFilter@4e38fa59, com.mindskip.xzs.configuration.spring.security.RestLoginAuthenticationFilter@25cbc846, org.springframework.security.web.authentication.UsernamePasswordAuthenticationFilter@34a235eb, org.springframework.security.web.savedrequest.RequestCacheAwareFilter@3ca528bd, org.springframework.security.web.servletapi.SecurityContextHolderAwareRequestFilter@327677de, org.springframework.security.web.authentication.rememberme.RememberMeAuthenticationFilter@1a6380b, org.springframework.security.web.authentication.AnonymousAuthenticationFilter@4cf2286, org.springframework.security.web.session.SessionManagementFilter@117db9f0, org.springframework.security.web.access.ExceptionTranslationFilter@264f1c55, org.springframework.security.web.access.intercept.FilterSecurityInterceptor@2e898417]
2024-12-10 20:03:51.665  INFO 49380 --- [restartedMain] o.s.b.d.a.OptionalLiveReloadServer       : LiveReload server is running on port 35729
2024-12-10 20:03:51.697  INFO 49380 --- [restartedMain] o.s.b.w.e.u.UndertowServletWebServer     : Undertow started on port(s) 8000 (http) with context path ''
2024-12-10 20:03:51.697  INFO 49380 --- [restartedMain] com.mindskip.xzs.XzsApplication          : Started XzsApplication in 1.477 seconds (JVM running for 1854.271)
2024-12-10 20:03:51.700  INFO 49380 --- [restartedMain] .ConditionEvaluationDeltaLoggingListener : Condition evaluation unchanged
2024-12-10 20:04:35.451  INFO 49380 --- [restartedMain] com.mindskip.xzs.XzsApplication          : Starting XzsApplication on acerro with PID 49380 (D:\Workshop\week19\hdt\week18\xzs-mysql-master\source\xzs\target\classes started by 86190 in D:\Workshop\week19\hdt\week18\xzs-mysql-master\source\xzs)
2024-12-10 20:04:35.453  INFO 49380 --- [restartedMain] com.mindskip.xzs.XzsApplication          : The following profiles are active: dev
2024-12-10 20:04:36.180  WARN 49380 --- [restartedMain] io.undertow.websockets.jsr               : UT026010: Buffer pool was not set on WebSocketDeploymentInfo, the default pool will be used
2024-12-10 20:04:36.181  INFO 49380 --- [restartedMain] io.undertow.servlet                      : Initializing Spring embedded WebApplicationContext
2024-12-10 20:04:36.181  INFO 49380 --- [restartedMain] o.s.web.context.ContextLoader            : Root WebApplicationContext: initialization completed in 724 ms
2024-12-10 20:04:36.577  INFO 49380 --- [restartedMain] o.s.s.web.DefaultSecurityFilterChain     : Creating filter chain: any request, [org.springframework.security.web.context.request.async.WebAsyncManagerIntegrationFilter@739f9f80, org.springframework.security.web.context.SecurityContextPersistenceFilter@295c284e, org.springframework.security.web.header.HeaderWriterFilter@1b5efb98, org.springframework.web.filter.CorsFilter@3f34fe30, org.springframework.security.web.authentication.logout.LogoutFilter@174d1a4a, com.mindskip.xzs.configuration.spring.security.RestLoginAuthenticationFilter@6b6cf1b8, org.springframework.security.web.authentication.UsernamePasswordAuthenticationFilter@19ffe572, org.springframework.security.web.savedrequest.RequestCacheAwareFilter@5e600dd5, org.springframework.security.web.servletapi.SecurityContextHolderAwareRequestFilter@320ebfba, org.springframework.security.web.authentication.rememberme.RememberMeAuthenticationFilter@3d428879, org.springframework.security.web.authentication.AnonymousAuthenticationFilter@590648d1, org.springframework.security.web.session.SessionManagementFilter@6e4975e4, org.springframework.security.web.access.ExceptionTranslationFilter@7ad1a34b, org.springframework.security.web.access.intercept.FilterSecurityInterceptor@66e5405b]
2024-12-10 20:04:36.777  INFO 49380 --- [restartedMain] o.s.b.d.a.OptionalLiveReloadServer       : LiveReload server is running on port 35729
2024-12-10 20:04:36.808  INFO 49380 --- [restartedMain] o.s.b.w.e.u.UndertowServletWebServer     : Undertow started on port(s) 8000 (http) with context path ''
2024-12-10 20:04:36.809  INFO 49380 --- [restartedMain] com.mindskip.xzs.XzsApplication          : Started XzsApplication in 1.394 seconds (JVM running for 1899.383)
2024-12-10 20:04:36.812  INFO 49380 --- [restartedMain] .ConditionEvaluationDeltaLoggingListener : Condition evaluation unchanged
2024-12-10 20:21:19.294  INFO 49380 --- [restartedMain] com.mindskip.xzs.XzsApplication          : Starting XzsApplication on acerro with PID 49380 (D:\Workshop\week19\hdt\week18\xzs-mysql-master\source\xzs\target\classes started by 86190 in D:\Workshop\week19\hdt\week18\xzs-mysql-master\source\xzs)
2024-12-10 20:21:19.294  INFO 49380 --- [restartedMain] com.mindskip.xzs.XzsApplication          : The following profiles are active: dev
2024-12-10 20:21:20.007  WARN 49380 --- [restartedMain] io.undertow.websockets.jsr               : UT026010: Buffer pool was not set on WebSocketDeploymentInfo, the default pool will be used
2024-12-10 20:21:20.008  INFO 49380 --- [restartedMain] io.undertow.servlet                      : Initializing Spring embedded WebApplicationContext
2024-12-10 20:21:20.009  INFO 49380 --- [restartedMain] o.s.web.context.ContextLoader            : Root WebApplicationContext: initialization completed in 711 ms
2024-12-10 20:21:20.391  INFO 49380 --- [restartedMain] o.s.s.web.DefaultSecurityFilterChain     : Creating filter chain: any request, [org.springframework.security.web.context.request.async.WebAsyncManagerIntegrationFilter@7b2340f3, org.springframework.security.web.context.SecurityContextPersistenceFilter@26471322, org.springframework.security.web.header.HeaderWriterFilter@7fc2abc7, org.springframework.web.filter.CorsFilter@4c699a31, org.springframework.security.web.authentication.logout.LogoutFilter@5687d7a7, com.mindskip.xzs.configuration.spring.security.RestLoginAuthenticationFilter@43bbd291, org.springframework.security.web.authentication.UsernamePasswordAuthenticationFilter@498e716a, org.springframework.security.web.savedrequest.RequestCacheAwareFilter@381d9592, org.springframework.security.web.servletapi.SecurityContextHolderAwareRequestFilter@526b8dc5, org.springframework.security.web.authentication.rememberme.RememberMeAuthenticationFilter@4a3e7e60, org.springframework.security.web.authentication.AnonymousAuthenticationFilter@7656a7f7, org.springframework.security.web.session.SessionManagementFilter@40688017, org.springframework.security.web.access.ExceptionTranslationFilter@1371a6ae, org.springframework.security.web.access.intercept.FilterSecurityInterceptor@5d3d481e]
2024-12-10 20:21:20.575  INFO 49380 --- [restartedMain] o.s.b.d.a.OptionalLiveReloadServer       : LiveReload server is running on port 35729
2024-12-10 20:21:20.607  INFO 49380 --- [restartedMain] o.s.b.w.e.u.UndertowServletWebServer     : Undertow started on port(s) 8000 (http) with context path ''
2024-12-10 20:21:20.608  INFO 49380 --- [restartedMain] com.mindskip.xzs.XzsApplication          : Started XzsApplication in 1.347 seconds (JVM running for 2903.182)
2024-12-10 20:21:20.610  INFO 49380 --- [restartedMain] .ConditionEvaluationDeltaLoggingListener : Condition evaluation unchanged
2024-12-10 20:22:27.424  INFO 49380 --- [restartedMain] com.mindskip.xzs.XzsApplication          : Starting XzsApplication on acerro with PID 49380 (D:\Workshop\week19\hdt\week18\xzs-mysql-master\source\xzs\target\classes started by 86190 in D:\Workshop\week19\hdt\week18\xzs-mysql-master\source\xzs)
2024-12-10 20:22:27.424  INFO 49380 --- [restartedMain] com.mindskip.xzs.XzsApplication          : The following profiles are active: dev
2024-12-10 20:22:28.084  WARN 49380 --- [restartedMain] io.undertow.websockets.jsr               : UT026010: Buffer pool was not set on WebSocketDeploymentInfo, the default pool will be used
2024-12-10 20:22:28.085  INFO 49380 --- [restartedMain] io.undertow.servlet                      : Initializing Spring embedded WebApplicationContext
2024-12-10 20:22:28.085  INFO 49380 --- [restartedMain] o.s.web.context.ContextLoader            : Root WebApplicationContext: initialization completed in 657 ms
2024-12-10 20:22:28.406  INFO 49380 --- [restartedMain] o.s.s.web.DefaultSecurityFilterChain     : Creating filter chain: any request, [org.springframework.security.web.context.request.async.WebAsyncManagerIntegrationFilter@5c5e26db, org.springframework.security.web.context.SecurityContextPersistenceFilter@7d02f7cf, org.springframework.security.web.header.HeaderWriterFilter@5d1b71a8, org.springframework.web.filter.CorsFilter@4e181015, org.springframework.security.web.authentication.logout.LogoutFilter@2096bd1f, com.mindskip.xzs.configuration.spring.security.RestLoginAuthenticationFilter@4905be6a, org.springframework.security.web.authentication.UsernamePasswordAuthenticationFilter@1ac10599, org.springframework.security.web.savedrequest.RequestCacheAwareFilter@62c58663, org.springframework.security.web.servletapi.SecurityContextHolderAwareRequestFilter@64552da2, org.springframework.security.web.authentication.rememberme.RememberMeAuthenticationFilter@561c48f0, org.springframework.security.web.authentication.AnonymousAuthenticationFilter@5ce73982, org.springframework.security.web.session.SessionManagementFilter@13dafbac, org.springframework.security.web.access.ExceptionTranslationFilter@706df6aa, org.springframework.security.web.access.intercept.FilterSecurityInterceptor@7a1d092c]
2024-12-10 20:22:28.584  INFO 49380 --- [restartedMain] o.s.b.d.a.OptionalLiveReloadServer       : LiveReload server is running on port 35729
2024-12-10 20:22:28.609  INFO 49380 --- [restartedMain] o.s.b.w.e.u.UndertowServletWebServer     : Undertow started on port(s) 8000 (http) with context path ''
2024-12-10 20:22:28.609  INFO 49380 --- [restartedMain] com.mindskip.xzs.XzsApplication          : Started XzsApplication in 1.218 seconds (JVM running for 2971.184)
2024-12-10 20:22:28.611  INFO 49380 --- [restartedMain] .ConditionEvaluationDeltaLoggingListener : Condition evaluation unchanged
2024-12-10 20:23:12.212  INFO 49380 --- [restartedMain] com.mindskip.xzs.XzsApplication          : Starting XzsApplication on acerro with PID 49380 (D:\Workshop\week19\hdt\week18\xzs-mysql-master\source\xzs\target\classes started by 86190 in D:\Workshop\week19\hdt\week18\xzs-mysql-master\source\xzs)
2024-12-10 20:23:12.212  INFO 49380 --- [restartedMain] com.mindskip.xzs.XzsApplication          : The following profiles are active: dev
2024-12-10 20:23:12.876  WARN 49380 --- [restartedMain] io.undertow.websockets.jsr               : UT026010: Buffer pool was not set on WebSocketDeploymentInfo, the default pool will be used
2024-12-10 20:23:12.878  INFO 49380 --- [restartedMain] io.undertow.servlet                      : Initializing Spring embedded WebApplicationContext
2024-12-10 20:23:12.878  INFO 49380 --- [restartedMain] o.s.web.context.ContextLoader            : Root WebApplicationContext: initialization completed in 661 ms
2024-12-10 20:23:13.234  INFO 49380 --- [restartedMain] o.s.s.web.DefaultSecurityFilterChain     : Creating filter chain: any request, [org.springframework.security.web.context.request.async.WebAsyncManagerIntegrationFilter@7c869e74, org.springframework.security.web.context.SecurityContextPersistenceFilter@5b8bafde, org.springframework.security.web.header.HeaderWriterFilter@3f916b36, org.springframework.web.filter.CorsFilter@5daaf556, org.springframework.security.web.authentication.logout.LogoutFilter@7e132151, com.mindskip.xzs.configuration.spring.security.RestLoginAuthenticationFilter@47728548, org.springframework.security.web.authentication.UsernamePasswordAuthenticationFilter@5827fdb2, org.springframework.security.web.savedrequest.RequestCacheAwareFilter@154bd895, org.springframework.security.web.servletapi.SecurityContextHolderAwareRequestFilter@2137c9d1, org.springframework.security.web.authentication.rememberme.RememberMeAuthenticationFilter@4e8073ab, org.springframework.security.web.authentication.AnonymousAuthenticationFilter@3a87493c, org.springframework.security.web.session.SessionManagementFilter@4b028f21, org.springframework.security.web.access.ExceptionTranslationFilter@b18b2c8, org.springframework.security.web.access.intercept.FilterSecurityInterceptor@380321cb]
2024-12-10 20:23:13.421  INFO 49380 --- [restartedMain] o.s.b.d.a.OptionalLiveReloadServer       : LiveReload server is running on port 35729
2024-12-10 20:23:13.448  INFO 49380 --- [restartedMain] o.s.b.w.e.u.UndertowServletWebServer     : Undertow started on port(s) 8000 (http) with context path ''
2024-12-10 20:23:13.449  INFO 49380 --- [restartedMain] com.mindskip.xzs.XzsApplication          : Started XzsApplication in 1.265 seconds (JVM running for 3016.023)
2024-12-10 20:23:13.451  INFO 49380 --- [restartedMain] .ConditionEvaluationDeltaLoggingListener : Condition evaluation unchanged
