2024-11-28 16:13:28.383  INFO 34048 --- [restartedMain] com.mindskip.xzs.XzsApplication          : Starting XzsApplication on acerro with PID 34048 (D:\Workshop\week18\xzs-mysql-master\source\xzs\target\classes started by 86190 in D:\Workshop\week18\xzs-mysql-master\source\xzs)
2024-11-28 16:13:28.386  INFO 34048 --- [restartedMain] com.mindskip.xzs.XzsApplication          : The following profiles are active: dev
2024-11-28 16:13:28.433  INFO 34048 --- [restartedMain] .e.DevToolsPropertyDefaultsPostProcessor : Devtools property defaults active! Set 'spring.devtools.add-properties' to 'false' to disable
2024-11-28 16:13:28.433  INFO 34048 --- [restartedMain] .e.DevToolsPropertyDefaultsPostProcessor : For additional web related logging consider setting the 'logging.level.web' property to 'DEBUG'
2024-11-28 16:13:30.051  WARN 34048 --- [restartedMain] io.undertow.websockets.jsr               : UT026010: Buffer pool was not set on WebSocketDeploymentInfo, the default pool will be used
2024-11-28 16:13:30.082  INFO 34048 --- [restartedMain] io.undertow.servlet                      : Initializing Spring embedded WebApplicationContext
2024-11-28 16:13:30.083  INFO 34048 --- [restartedMain] o.s.web.context.ContextLoader            : Root WebApplicationContext: initialization completed in 1650 ms
2024-11-28 16:13:31.211  INFO 34048 --- [restartedMain] o.s.s.web.DefaultSecurityFilterChain     : Creating filter chain: any request, [org.springframework.security.web.context.request.async.WebAsyncManagerIntegrationFilter@497ab442, org.springframework.security.web.context.SecurityContextPersistenceFilter@75e8499b, org.springframework.security.web.header.HeaderWriterFilter@2f7626fb, org.springframework.web.filter.CorsFilter@7b1095ca, org.springframework.security.web.authentication.logout.LogoutFilter@478a0bb1, com.mindskip.xzs.configuration.spring.security.RestLoginAuthenticationFilter@305902be, org.springframework.security.web.authentication.UsernamePasswordAuthenticationFilter@2f50c99b, org.springframework.security.web.savedrequest.RequestCacheAwareFilter@65b268a4, org.springframework.security.web.servletapi.SecurityContextHolderAwareRequestFilter@27a62bbb, org.springframework.security.web.authentication.rememberme.RememberMeAuthenticationFilter@6564e09e, org.springframework.security.web.authentication.AnonymousAuthenticationFilter@5238c11c, org.springframework.security.web.session.SessionManagementFilter@4a9fecbf, org.springframework.security.web.access.ExceptionTranslationFilter@2f569f88, org.springframework.security.web.access.intercept.FilterSecurityInterceptor@5ae4c6dd]
2024-11-28 16:13:31.594  INFO 34048 --- [restartedMain] o.s.b.d.a.OptionalLiveReloadServer       : LiveReload server is running on port 35729
2024-11-28 16:13:31.670  INFO 34048 --- [restartedMain] org.xnio                                 : XNIO version 3.3.8.Final
2024-11-28 16:13:31.682  INFO 34048 --- [restartedMain] org.xnio.nio                             : XNIO NIO Implementation Version 3.3.8.Final
2024-11-28 16:13:31.754  INFO 34048 --- [restartedMain] o.s.b.w.e.u.UndertowServletWebServer     : Undertow started on port(s) 8000 (http) with context path ''
2024-11-28 16:13:31.759  INFO 34048 --- [restartedMain] com.mindskip.xzs.XzsApplication          : Started XzsApplication in 3.951 seconds (JVM running for 5.024)
2024-11-28 16:14:53.477  INFO 34048 --- [XNIO-1 task-1] io.undertow.servlet                      : Initializing Spring DispatcherServlet 'dispatcherServlet'
2024-11-28 16:14:53.477  INFO 34048 --- [XNIO-1 task-1] o.s.web.servlet.DispatcherServlet        : Initializing Servlet 'dispatcherServlet'
2024-11-28 16:14:53.484  INFO 34048 --- [XNIO-1 task-1] o.s.web.servlet.DispatcherServlet        : Completed initialization in 7 ms
2024-11-28 16:15:06.873  INFO 34048 --- [XNIO-1 task-5] com.zaxxer.hikari.HikariDataSource       : HikariPool-1 - Starting...
2024-11-28 16:15:07.052  INFO 34048 --- [XNIO-1 task-5] com.zaxxer.hikari.HikariDataSource       : HikariPool-1 - Start completed.
2024-11-28 16:15:07.060 DEBUG 34048 --- [XNIO-1 task-5] r.c.m.x.r.UserMapper.getUserByUserName   : ==>  Preparing: select id, user_uuid, user_name, password, real_name, age, sex, birth_day, user_level, phone, role, status, image_path, create_time, modify_time, last_active_time, deleted, wx_open_id from t_user where deleted=0 and user_name=? limit 1 
2024-11-28 16:15:07.091 DEBUG 34048 --- [XNIO-1 task-5] r.c.m.x.r.UserMapper.getUserByUserName   : ==> Parameters: student(String)
2024-11-28 16:15:07.116 DEBUG 34048 --- [XNIO-1 task-5] r.c.m.x.r.UserMapper.getUserByUserName   : <==      Total: 1
2024-11-28 16:15:07.766 DEBUG 34048 --- [XNIO-1 task-5] r.c.m.x.r.UserMapper.getUserByUserName   : ==>  Preparing: select id, user_uuid, user_name, password, real_name, age, sex, birth_day, user_level, phone, role, status, image_path, create_time, modify_time, last_active_time, deleted, wx_open_id from t_user where deleted=0 and user_name=? limit 1 
2024-11-28 16:15:07.766 DEBUG 34048 --- [XNIO-1 task-5] r.c.m.x.r.UserMapper.getUserByUserName   : ==> Parameters: student(String)
2024-11-28 16:15:07.769 DEBUG 34048 --- [XNIO-1 task-5] r.c.m.x.r.UserMapper.getUserByUserName   : <==      Total: 1
2024-11-28 16:15:07.789 DEBUG 34048 --- [XNIO-1 task-5] r.c.m.x.r.U.insertSelective              : ==>  Preparing: insert into t_user_event_log ( user_id, user_name, real_name, content, create_time ) values ( ?, ?, ?, ?, ? ) 
2024-11-28 16:15:07.792 DEBUG 34048 --- [XNIO-1 task-5] r.c.m.x.r.U.insertSelective              : ==> Parameters: 1(Integer), student(String), 学生(String), student 登录了学之思开源考试系统(String), 2024-11-28 16:15:07.769(Timestamp)
2024-11-28 16:15:07.816 DEBUG 34048 --- [XNIO-1 task-5] r.c.m.x.r.U.insertSelective              : <==    Updates: 1
2024-11-28 16:15:07.877 DEBUG 34048 --- [XNIO-1 task-6] r.c.m.x.r.UserMapper.getUserByUserName   : ==>  Preparing: select id, user_uuid, user_name, password, real_name, age, sex, birth_day, user_level, phone, role, status, image_path, create_time, modify_time, last_active_time, deleted, wx_open_id from t_user where deleted=0 and user_name=? limit 1 
2024-11-28 16:15:07.878 DEBUG 34048 --- [XNIO-1 task-6] r.c.m.x.r.UserMapper.getUserByUserName   : ==> Parameters: student(String)
2024-11-28 16:15:07.881 DEBUG 34048 --- [XNIO-1 task-6] r.c.m.x.r.UserMapper.getUserByUserName   : <==      Total: 1
2024-11-28 16:15:07.882 DEBUG 34048 --- [XNIO-1 task-6] r.c.m.x.r.MessageUserMapper.unReadCount  : ==>  Preparing: select count(*) from t_message_user where readed='f' and receive_user_id = ? 
2024-11-28 16:15:07.882 DEBUG 34048 --- [XNIO-1 task-6] r.c.m.x.r.MessageUserMapper.unReadCount  : ==> Parameters: 1(Integer)
2024-11-28 16:15:07.888 DEBUG 34048 --- [XNIO-1 task-6] r.c.m.x.r.MessageUserMapper.unReadCount  : <==      Total: 1
2024-11-28 16:15:08.182 DEBUG 34048 --- [XNIO-1 task-8] r.c.m.x.r.UserMapper.getUserByUserName   : ==>  Preparing: select id, user_uuid, user_name, password, real_name, age, sex, birth_day, user_level, phone, role, status, image_path, create_time, modify_time, last_active_time, deleted, wx_open_id from t_user where deleted=0 and user_name=? limit 1 
2024-11-28 16:15:08.183 DEBUG 34048 --- [XNIO-1 task-8] r.c.m.x.r.UserMapper.getUserByUserName   : ==> Parameters: student(String)
2024-11-28 16:15:08.184 DEBUG 34048 --- [XNIO-1 task-9] r.c.m.x.r.UserMapper.getUserByUserName   : ==>  Preparing: select id, user_uuid, user_name, password, real_name, age, sex, birth_day, user_level, phone, role, status, image_path, create_time, modify_time, last_active_time, deleted, wx_open_id from t_user where deleted=0 and user_name=? limit 1 
2024-11-28 16:15:08.185 DEBUG 34048 --- [XNIO-1 task-9] r.c.m.x.r.UserMapper.getUserByUserName   : ==> Parameters: student(String)
2024-11-28 16:15:08.190 DEBUG 34048 --- [XNIO-1 task-8] r.c.m.x.r.UserMapper.getUserByUserName   : <==      Total: 1
2024-11-28 16:15:08.190 DEBUG 34048 --- [XNIO-1 task-7] r.c.m.x.r.UserMapper.getUserByUserName   : ==>  Preparing: select id, user_uuid, user_name, password, real_name, age, sex, birth_day, user_level, phone, role, status, image_path, create_time, modify_time, last_active_time, deleted, wx_open_id from t_user where deleted=0 and user_name=? limit 1 
2024-11-28 16:15:08.189 DEBUG 34048 --- [XNIO-1 task-9] r.c.m.x.r.UserMapper.getUserByUserName   : <==      Total: 1
2024-11-28 16:15:08.190 DEBUG 34048 --- [XNIO-1 task-7] r.c.m.x.r.UserMapper.getUserByUserName   : ==> Parameters: student(String)
2024-11-28 16:15:08.195 DEBUG 34048 --- [XNIO-1 task-9] r.c.m.x.r.ExamPaperMapper.indexPaper     : ==>  Preparing: SELECT id,name,limit_start_time,limit_end_time FROM t_exam_paper WHERE deleted=0 and paper_type= ? and grade_level=? ORDER BY id desc limit 5 
2024-11-28 16:15:08.196 DEBUG 34048 --- [XNIO-1 task-9] r.c.m.x.r.ExamPaperMapper.indexPaper     : ==> Parameters: 1(Integer), 1(Integer)
2024-11-28 16:15:08.196 DEBUG 34048 --- [XNIO-1 task-7] r.c.m.x.r.UserMapper.getUserByUserName   : <==      Total: 1
2024-11-28 16:15:08.197 DEBUG 34048 --- [XNIO-1 task-7] r.c.m.x.r.T.getByGradeLevel              : ==>  Preparing: select id, title, grade_level, frame_text_content_id, create_user, create_time, deleted, create_user_name from t_task_exam where deleted=0 and grade_level = ? 
2024-11-28 16:15:08.198 DEBUG 34048 --- [XNIO-1 task-7] r.c.m.x.r.T.getByGradeLevel              : ==> Parameters: 1(Integer)
2024-11-28 16:15:08.204 DEBUG 34048 --- [XNIO-1 task-9] r.c.m.x.r.ExamPaperMapper.indexPaper     : <==      Total: 0
2024-11-28 16:15:08.205 DEBUG 34048 --- [XNIO-1 task-7] r.c.m.x.r.T.getByGradeLevel              : <==      Total: 0
2024-11-28 16:15:08.206 DEBUG 34048 --- [XNIO-1 task-9] r.c.m.x.r.ExamPaperMapper.indexPaper     : ==>  Preparing: SELECT id,name,limit_start_time,limit_end_time FROM t_exam_paper WHERE deleted=0 and paper_type= ? and grade_level=? and ? between limit_start_time and limit_end_time ORDER BY id desc limit 5 
2024-11-28 16:15:08.206 DEBUG 34048 --- [XNIO-1 task-9] r.c.m.x.r.ExamPaperMapper.indexPaper     : ==> Parameters: 4(Integer), 1(Integer), 2024-11-28 16:15:08.205(Timestamp)
2024-11-28 16:15:08.218 DEBUG 34048 --- [XNIO-1 task-9] r.c.m.x.r.ExamPaperMapper.indexPaper     : <==      Total: 0
2024-11-28 16:15:12.542 DEBUG 34048 --- [XNIO-1 task-10] r.c.m.x.r.UserMapper.getUserByUserName   : ==>  Preparing: select id, user_uuid, user_name, password, real_name, age, sex, birth_day, user_level, phone, role, status, image_path, create_time, modify_time, last_active_time, deleted, wx_open_id from t_user where deleted=0 and user_name=? limit 1 
2024-11-28 16:15:12.542 DEBUG 34048 --- [XNIO-1 task-11] r.c.m.x.r.UserMapper.getUserByUserName   : ==>  Preparing: select id, user_uuid, user_name, password, real_name, age, sex, birth_day, user_level, phone, role, status, image_path, create_time, modify_time, last_active_time, deleted, wx_open_id from t_user where deleted=0 and user_name=? limit 1 
2024-11-28 16:15:12.542 DEBUG 34048 --- [XNIO-1 task-11] r.c.m.x.r.UserMapper.getUserByUserName   : ==> Parameters: student(String)
2024-11-28 16:15:12.542 DEBUG 34048 --- [XNIO-1 task-10] r.c.m.x.r.UserMapper.getUserByUserName   : ==> Parameters: student(String)
2024-11-28 16:15:12.544 DEBUG 34048 --- [XNIO-1 task-10] r.c.m.x.r.UserMapper.getUserByUserName   : <==      Total: 1
2024-11-28 16:15:12.544 DEBUG 34048 --- [XNIO-1 task-11] r.c.m.x.r.UserMapper.getUserByUserName   : <==      Total: 1
2024-11-28 16:15:12.546 DEBUG 34048 --- [XNIO-1 task-11] r.c.m.x.r.U.getUserEventLogByUserId      : ==>  Preparing: select id, user_id, user_name, real_name, content, create_time from t_user_event_log where user_id=? order by id desc limit 10 
2024-11-28 16:15:12.547 DEBUG 34048 --- [XNIO-1 task-11] r.c.m.x.r.U.getUserEventLogByUserId      : ==> Parameters: 1(Integer)
2024-11-28 16:15:12.551 DEBUG 34048 --- [XNIO-1 task-11] r.c.m.x.r.U.getUserEventLogByUserId      : <==      Total: 1
2024-11-28 16:15:26.547 DEBUG 34048 --- [XNIO-1 task-12] r.c.m.x.r.UserMapper.getUserByUserName   : ==>  Preparing: select id, user_uuid, user_name, password, real_name, age, sex, birth_day, user_level, phone, role, status, image_path, create_time, modify_time, last_active_time, deleted, wx_open_id from t_user where deleted=0 and user_name=? limit 1 
2024-11-28 16:15:26.548 DEBUG 34048 --- [XNIO-1 task-12] r.c.m.x.r.UserMapper.getUserByUserName   : ==> Parameters: student(String)
2024-11-28 16:15:26.551 DEBUG 34048 --- [XNIO-1 task-12] r.c.m.x.r.UserMapper.getUserByUserName   : <==      Total: 1
2024-11-28 16:15:26.571 DEBUG 34048 --- [XNIO-1 task-12] r.c.m.x.r.U.updateByPrimaryKeySelective  : ==>  Preparing: update t_user SET image_path = ? where id = ? 
2024-11-28 16:15:26.572 DEBUG 34048 --- [XNIO-1 task-12] r.c.m.x.r.U.updateByPrimaryKeySelective  : ==> Parameters: http://snngl141b.hn-bkt.clouddn.com/FtzOStXx4to_EjnUxyCmkN0gBhjl(String), 1(Integer)
2024-11-28 16:15:26.576 DEBUG 34048 --- [XNIO-1 task-12] r.c.m.x.r.U.updateByPrimaryKeySelective  : <==    Updates: 1
2024-11-28 16:15:27.305 DEBUG 34048 --- [XNIO-1 task-17] r.c.m.x.r.UserMapper.getUserByUserName   : ==>  Preparing: select id, user_uuid, user_name, password, real_name, age, sex, birth_day, user_level, phone, role, status, image_path, create_time, modify_time, last_active_time, deleted, wx_open_id from t_user where deleted=0 and user_name=? limit 1 
2024-11-28 16:15:27.305 DEBUG 34048 --- [XNIO-1 task-16] r.c.m.x.r.UserMapper.getUserByUserName   : ==>  Preparing: select id, user_uuid, user_name, password, real_name, age, sex, birth_day, user_level, phone, role, status, image_path, create_time, modify_time, last_active_time, deleted, wx_open_id from t_user where deleted=0 and user_name=? limit 1 
2024-11-28 16:15:27.305 DEBUG 34048 --- [XNIO-1 task-15] r.c.m.x.r.UserMapper.getUserByUserName   : ==>  Preparing: select id, user_uuid, user_name, password, real_name, age, sex, birth_day, user_level, phone, role, status, image_path, create_time, modify_time, last_active_time, deleted, wx_open_id from t_user where deleted=0 and user_name=? limit 1 
2024-11-28 16:15:27.306 DEBUG 34048 --- [XNIO-1 task-14] r.c.m.x.r.UserMapper.getUserByUserName   : ==>  Preparing: select id, user_uuid, user_name, password, real_name, age, sex, birth_day, user_level, phone, role, status, image_path, create_time, modify_time, last_active_time, deleted, wx_open_id from t_user where deleted=0 and user_name=? limit 1 
2024-11-28 16:15:27.308 DEBUG 34048 --- [XNIO-1 task-16] r.c.m.x.r.UserMapper.getUserByUserName   : ==> Parameters: student(String)
2024-11-28 16:15:27.308 DEBUG 34048 --- [XNIO-1 task-17] r.c.m.x.r.UserMapper.getUserByUserName   : ==> Parameters: student(String)
2024-11-28 16:15:27.308 DEBUG 34048 --- [XNIO-1 task-15] r.c.m.x.r.UserMapper.getUserByUserName   : ==> Parameters: student(String)
2024-11-28 16:15:27.308 DEBUG 34048 --- [XNIO-1 task-14] r.c.m.x.r.UserMapper.getUserByUserName   : ==> Parameters: student(String)
2024-11-28 16:15:27.309 DEBUG 34048 --- [XNIO-1 task-16] r.c.m.x.r.UserMapper.getUserByUserName   : <==      Total: 1
2024-11-28 16:15:27.310 DEBUG 34048 --- [XNIO-1 task-14] r.c.m.x.r.UserMapper.getUserByUserName   : <==      Total: 1
2024-11-28 16:15:27.310 DEBUG 34048 --- [XNIO-1 task-15] r.c.m.x.r.UserMapper.getUserByUserName   : <==      Total: 1
2024-11-28 16:15:27.311 DEBUG 34048 --- [XNIO-1 task-17] r.c.m.x.r.UserMapper.getUserByUserName   : <==      Total: 1
2024-11-28 16:15:27.312 DEBUG 34048 --- [XNIO-1 task-16] r.c.m.x.r.U.getUserEventLogByUserId      : ==>  Preparing: select id, user_id, user_name, real_name, content, create_time from t_user_event_log where user_id=? order by id desc limit 10 
2024-11-28 16:15:27.312 DEBUG 34048 --- [XNIO-1 task-16] r.c.m.x.r.U.getUserEventLogByUserId      : ==> Parameters: 1(Integer)
2024-11-28 16:15:27.313 DEBUG 34048 --- [XNIO-1 task-15] r.c.m.x.r.MessageUserMapper.unReadCount  : ==>  Preparing: select count(*) from t_message_user where readed='f' and receive_user_id = ? 
2024-11-28 16:15:27.313 DEBUG 34048 --- [XNIO-1 task-15] r.c.m.x.r.MessageUserMapper.unReadCount  : ==> Parameters: 1(Integer)
2024-11-28 16:15:27.315 DEBUG 34048 --- [XNIO-1 task-15] r.c.m.x.r.MessageUserMapper.unReadCount  : <==      Total: 1
2024-11-28 16:15:27.315 DEBUG 34048 --- [XNIO-1 task-16] r.c.m.x.r.U.getUserEventLogByUserId      : <==      Total: 1
2024-11-28 16:27:19.261 DEBUG 34048 --- [XNIO-1 task-20] r.c.m.x.r.UserMapper.selectByWxOpenId    : ==>  Preparing: select id, user_uuid, user_name, password, real_name, age, sex, birth_day, user_level, phone, role, status, image_path, create_time, modify_time, last_active_time, deleted, wx_open_id from t_user where deleted=0 and wx_open_id = ? limit 1 
2024-11-28 16:27:19.261 DEBUG 34048 --- [XNIO-1 task-20] r.c.m.x.r.UserMapper.selectByWxOpenId    : ==> Parameters: oeIHv6wR7OI7bl4DlUq3nIzdn-Tk(String)
2024-11-28 16:27:19.263 DEBUG 34048 --- [XNIO-1 task-20] r.c.m.x.r.UserMapper.selectByWxOpenId    : <==      Total: 0
2024-11-28 16:27:30.088 DEBUG 34048 --- [XNIO-1 task-21] r.c.m.x.r.UserMapper.getUserByUserName   : ==>  Preparing: select id, user_uuid, user_name, password, real_name, age, sex, birth_day, user_level, phone, role, status, image_path, create_time, modify_time, last_active_time, deleted, wx_open_id from t_user where deleted=0 and user_name=? limit 1 
2024-11-28 16:27:30.088 DEBUG 34048 --- [XNIO-1 task-21] r.c.m.x.r.UserMapper.getUserByUserName   : ==> Parameters: student(String)
2024-11-28 16:27:30.089 DEBUG 34048 --- [XNIO-1 task-21] r.c.m.x.r.UserMapper.getUserByUserName   : <==      Total: 1
2024-11-28 16:27:30.399 DEBUG 34048 --- [XNIO-1 task-21] r.c.m.x.r.U.updateByPrimaryKeySelective  : ==>  Preparing: update t_user SET user_uuid = ?, user_name = ?, password = ?, real_name = ?, age = ?, sex = ?, birth_day = ?, user_level = ?, phone = ?, role = ?, status = ?, image_path = ?, create_time = ?, modify_time = ?, deleted = ?, wx_open_id = ? where id = ? 
2024-11-28 16:27:30.400 DEBUG 34048 --- [XNIO-1 task-21] r.c.m.x.r.U.updateByPrimaryKeySelective  : ==> Parameters: d2d29da2-dcb3-4013-b874-727626236f47(String), student(String), D1AGFL+Gx37t0NPG4d6biYP5Z31cNbwhK5w1lUeiHB2zagqbk8efYfSjYoh1Z/j1dkiRjHU+b0EpwzCh8IGsksJjzD65ci5LsnodQVf4Uj6D3pwoscXGqmkjjpzvSJbx42swwNTA+QoDU8YLo7JhtbUK2X0qCjFGpd+8eJ5BGvk=(String), 学生(String), 18(Integer), 1(Integer), 2019-09-01 16:00:00.0(Timestamp), 1(Integer), 19171171610(String), 1(Integer), 1(Integer), http://snngl141b.hn-bkt.clouddn.com/FtzOStXx4to_EjnUxyCmkN0gBhjl(String), 2019-09-07 18:55:02.0(Timestamp), 2024-11-28 16:27:30.398(Timestamp), false(Boolean), oeIHv6wR7OI7bl4DlUq3nIzdn-Tk(String), 1(Integer)
2024-11-28 16:27:30.401 DEBUG 34048 --- [XNIO-1 task-21] r.c.m.x.r.U.updateByPrimaryKeySelective  : <==    Updates: 1
2024-11-28 16:27:30.402 DEBUG 34048 --- [XNIO-1 task-21] r.c.m.x.r.U.updateByPrimaryKeySelective  : ==>  Preparing: update t_user SET user_uuid = ?, user_name = ?, password = ?, real_name = ?, age = ?, sex = ?, birth_day = ?, user_level = ?, phone = ?, role = ?, status = ?, image_path = ?, create_time = ?, modify_time = ?, deleted = ?, wx_open_id = ? where id = ? 
2024-11-28 16:27:30.404 DEBUG 34048 --- [XNIO-1 task-21] r.c.m.x.r.U.updateByPrimaryKeySelective  : ==> Parameters: d2d29da2-dcb3-4013-b874-727626236f47(String), student(String), D1AGFL+Gx37t0NPG4d6biYP5Z31cNbwhK5w1lUeiHB2zagqbk8efYfSjYoh1Z/j1dkiRjHU+b0EpwzCh8IGsksJjzD65ci5LsnodQVf4Uj6D3pwoscXGqmkjjpzvSJbx42swwNTA+QoDU8YLo7JhtbUK2X0qCjFGpd+8eJ5BGvk=(String), 学生(String), 18(Integer), 1(Integer), 2019-09-01 16:00:00.0(Timestamp), 1(Integer), 19171171610(String), 1(Integer), 1(Integer), http://snngl141b.hn-bkt.clouddn.com/FtzOStXx4to_EjnUxyCmkN0gBhjl(String), 2019-09-07 18:55:02.0(Timestamp), 2024-11-28 16:27:30.398(Timestamp), false(Boolean), oeIHv6wR7OI7bl4DlUq3nIzdn-Tk(String), 1(Integer)
2024-11-28 16:27:30.405 DEBUG 34048 --- [XNIO-1 task-21] r.c.m.x.r.U.updateByPrimaryKeySelective  : <==    Updates: 1
2024-11-28 16:27:30.406 DEBUG 34048 --- [XNIO-1 task-21] r.c.m.x.r.U.insertSelective              : ==>  Preparing: insert into t_user_token ( token, user_id, wx_open_id, create_time, end_time, user_name ) values ( ?, ?, ?, ?, ?, ? ) 
2024-11-28 16:27:30.407 DEBUG 34048 --- [XNIO-1 task-21] r.c.m.x.r.U.insertSelective              : ==> Parameters: 8f4b3f27-25f7-4520-8fe4-ede04ea8f1ef(String), 1(Integer), oeIHv6wR7OI7bl4DlUq3nIzdn-Tk(String), 2024-11-28 16:27:30.401(Timestamp), 2024-11-29 04:27:30.401(Timestamp), student(String)
2024-11-28 16:27:30.430 DEBUG 34048 --- [XNIO-1 task-21] r.c.m.x.r.U.insertSelective              : <==    Updates: 1
2024-11-28 16:31:00.802 DEBUG 34048 --- [XNIO-1 task-25] r.c.m.x.r.UserMapper.getUserByUserName   : ==>  Preparing: select id, user_uuid, user_name, password, real_name, age, sex, birth_day, user_level, phone, role, status, image_path, create_time, modify_time, last_active_time, deleted, wx_open_id from t_user where deleted=0 and user_name=? limit 1 
2024-11-28 16:31:00.802 DEBUG 34048 --- [XNIO-1 task-25] r.c.m.x.r.UserMapper.getUserByUserName   : ==> Parameters: student(String)
2024-11-28 16:31:00.803 DEBUG 34048 --- [XNIO-1 task-25] r.c.m.x.r.UserMapper.getUserByUserName   : <==      Total: 1
2024-11-28 16:31:00.804 DEBUG 34048 --- [XNIO-1 task-25] r.c.m.x.r.T.getByGradeLevel              : ==>  Preparing: select id, title, grade_level, frame_text_content_id, create_user, create_time, deleted, create_user_name from t_task_exam where deleted=0 and grade_level = ? 
2024-11-28 16:31:00.804 DEBUG 34048 --- [XNIO-1 task-25] r.c.m.x.r.T.getByGradeLevel              : ==> Parameters: 1(Integer)
2024-11-28 16:31:00.805 DEBUG 34048 --- [XNIO-1 task-25] r.c.m.x.r.T.getByGradeLevel              : <==      Total: 0
2024-11-28 16:31:00.810 DEBUG 34048 --- [XNIO-1 task-22] r.c.m.x.r.UserMapper.getUserByUserName   : ==>  Preparing: select id, user_uuid, user_name, password, real_name, age, sex, birth_day, user_level, phone, role, status, image_path, create_time, modify_time, last_active_time, deleted, wx_open_id from t_user where deleted=0 and user_name=? limit 1 
2024-11-28 16:31:00.810 DEBUG 34048 --- [XNIO-1 task-22] r.c.m.x.r.UserMapper.getUserByUserName   : ==> Parameters: student(String)
2024-11-28 16:31:00.814 DEBUG 34048 --- [XNIO-1 task-24] r.c.m.x.r.UserMapper.getUserByUserName   : ==>  Preparing: select id, user_uuid, user_name, password, real_name, age, sex, birth_day, user_level, phone, role, status, image_path, create_time, modify_time, last_active_time, deleted, wx_open_id from t_user where deleted=0 and user_name=? limit 1 
2024-11-28 16:31:00.815 DEBUG 34048 --- [XNIO-1 task-24] r.c.m.x.r.UserMapper.getUserByUserName   : ==> Parameters: student(String)
2024-11-28 16:31:00.826 DEBUG 34048 --- [XNIO-1 task-23] r.c.m.x.r.UserMapper.getUserByUserName   : ==>  Preparing: select id, user_uuid, user_name, password, real_name, age, sex, birth_day, user_level, phone, role, status, image_path, create_time, modify_time, last_active_time, deleted, wx_open_id from t_user where deleted=0 and user_name=? limit 1 
2024-11-28 16:31:00.826 DEBUG 34048 --- [XNIO-1 task-23] r.c.m.x.r.UserMapper.getUserByUserName   : ==> Parameters: student(String)
2024-11-28 16:31:00.827 DEBUG 34048 --- [XNIO-1 task-22] r.c.m.x.r.UserMapper.getUserByUserName   : <==      Total: 1
2024-11-28 16:31:00.827 DEBUG 34048 --- [XNIO-1 task-24] r.c.m.x.r.UserMapper.getUserByUserName   : <==      Total: 1
2024-11-28 16:31:00.827 DEBUG 34048 --- [XNIO-1 task-22] r.c.m.x.r.MessageUserMapper.unReadCount  : ==>  Preparing: select count(*) from t_message_user where readed='f' and receive_user_id = ? 
2024-11-28 16:31:00.828 DEBUG 34048 --- [XNIO-1 task-24] r.c.m.x.r.ExamPaperMapper.indexPaper     : ==>  Preparing: SELECT id,name,limit_start_time,limit_end_time FROM t_exam_paper WHERE deleted=0 and paper_type= ? and grade_level=? ORDER BY id desc limit 5 
2024-11-28 16:31:00.828 DEBUG 34048 --- [XNIO-1 task-23] r.c.m.x.r.UserMapper.getUserByUserName   : <==      Total: 1
2024-11-28 16:31:00.828 DEBUG 34048 --- [XNIO-1 task-22] r.c.m.x.r.MessageUserMapper.unReadCount  : ==> Parameters: 1(Integer)
2024-11-28 16:31:00.828 DEBUG 34048 --- [XNIO-1 task-24] r.c.m.x.r.ExamPaperMapper.indexPaper     : ==> Parameters: 1(Integer), 1(Integer)
2024-11-28 16:31:00.828 DEBUG 34048 --- [XNIO-1 task-22] r.c.m.x.r.MessageUserMapper.unReadCount  : <==      Total: 1
2024-11-28 16:31:00.828 DEBUG 34048 --- [XNIO-1 task-24] r.c.m.x.r.ExamPaperMapper.indexPaper     : <==      Total: 0
2024-11-28 16:31:00.829 DEBUG 34048 --- [XNIO-1 task-24] r.c.m.x.r.ExamPaperMapper.indexPaper     : ==>  Preparing: SELECT id,name,limit_start_time,limit_end_time FROM t_exam_paper WHERE deleted=0 and paper_type= ? and grade_level=? and ? between limit_start_time and limit_end_time ORDER BY id desc limit 5 
2024-11-28 16:31:00.830 DEBUG 34048 --- [XNIO-1 task-24] r.c.m.x.r.ExamPaperMapper.indexPaper     : ==> Parameters: 4(Integer), 1(Integer), 2024-11-28 16:31:00.828(Timestamp)
2024-11-28 16:31:00.830 DEBUG 34048 --- [XNIO-1 task-24] r.c.m.x.r.ExamPaperMapper.indexPaper     : <==      Total: 0
2024-11-28 16:31:06.255 DEBUG 34048 --- [XNIO-1 task-26] r.c.m.x.r.UserMapper.getUserByUserName   : ==>  Preparing: select id, user_uuid, user_name, password, real_name, age, sex, birth_day, user_level, phone, role, status, image_path, create_time, modify_time, last_active_time, deleted, wx_open_id from t_user where deleted=0 and user_name=? limit 1 
2024-11-28 16:31:06.256 DEBUG 34048 --- [XNIO-1 task-26] r.c.m.x.r.UserMapper.getUserByUserName   : ==> Parameters: student(String)
2024-11-28 16:31:06.257 DEBUG 34048 --- [XNIO-1 task-26] r.c.m.x.r.UserMapper.getUserByUserName   : <==      Total: 1
2024-11-28 16:31:06.258 DEBUG 34048 --- [XNIO-1 task-26] r.c.m.x.r.S.getSubjectByLevel            : ==>  Preparing: select id, name, level, level_name, item_order, deleted from t_subject where level= ? order by item_order 
2024-11-28 16:31:06.258 DEBUG 34048 --- [XNIO-1 task-26] r.c.m.x.r.S.getSubjectByLevel            : ==> Parameters: 1(Integer)
2024-11-28 16:31:06.278 DEBUG 34048 --- [XNIO-1 task-26] r.c.m.x.r.S.getSubjectByLevel            : <==      Total: 0
2024-11-28 16:31:07.472 DEBUG 34048 --- [XNIO-1 task-27] r.c.m.x.r.UserMapper.getUserByUserName   : ==>  Preparing: select id, user_uuid, user_name, password, real_name, age, sex, birth_day, user_level, phone, role, status, image_path, create_time, modify_time, last_active_time, deleted, wx_open_id from t_user where deleted=0 and user_name=? limit 1 
2024-11-28 16:31:07.473 DEBUG 34048 --- [XNIO-1 task-27] r.c.m.x.r.UserMapper.getUserByUserName   : ==> Parameters: student(String)
2024-11-28 16:31:07.474 DEBUG 34048 --- [XNIO-1 task-27] r.c.m.x.r.UserMapper.getUserByUserName   : <==      Total: 1
2024-11-28 16:31:07.515 DEBUG 34048 --- [XNIO-1 task-27] r.c.m.x.r.E.studentPage_COUNT            : ==>  Preparing: SELECT count(0) FROM t_exam_paper_answer WHERE create_user = ? 
2024-11-28 16:31:07.515 DEBUG 34048 --- [XNIO-1 task-27] r.c.m.x.r.E.studentPage_COUNT            : ==> Parameters: 1(Integer)
2024-11-28 16:31:07.520 DEBUG 34048 --- [XNIO-1 task-27] r.c.m.x.r.E.studentPage_COUNT            : <==      Total: 1
2024-11-28 16:31:11.224 DEBUG 34048 --- [XNIO-1 task-28] r.c.m.x.r.UserMapper.getUserByUserName   : ==>  Preparing: select id, user_uuid, user_name, password, real_name, age, sex, birth_day, user_level, phone, role, status, image_path, create_time, modify_time, last_active_time, deleted, wx_open_id from t_user where deleted=0 and user_name=? limit 1 
2024-11-28 16:31:11.224 DEBUG 34048 --- [XNIO-1 task-28] r.c.m.x.r.UserMapper.getUserByUserName   : ==> Parameters: student(String)
2024-11-28 16:31:11.225 DEBUG 34048 --- [XNIO-1 task-28] r.c.m.x.r.UserMapper.getUserByUserName   : <==      Total: 1
2024-11-28 16:31:11.230 DEBUG 34048 --- [XNIO-1 task-28] r.c.m.x.r.E.studentPage_COUNT            : ==>  Preparing: SELECT count(0) FROM t_exam_paper_question_customer_answer WHERE do_right = FALSE AND create_user = ? 
2024-11-28 16:31:11.230 DEBUG 34048 --- [XNIO-1 task-28] r.c.m.x.r.E.studentPage_COUNT            : ==> Parameters: 1(Integer)
2024-11-28 16:31:11.236 DEBUG 34048 --- [XNIO-1 task-28] r.c.m.x.r.E.studentPage_COUNT            : <==      Total: 1
2024-11-28 16:31:13.273 DEBUG 34048 --- [XNIO-1 task-29] r.c.m.x.r.UserMapper.getUserByUserName   : ==>  Preparing: select id, user_uuid, user_name, password, real_name, age, sex, birth_day, user_level, phone, role, status, image_path, create_time, modify_time, last_active_time, deleted, wx_open_id from t_user where deleted=0 and user_name=? limit 1 
2024-11-28 16:31:13.274 DEBUG 34048 --- [XNIO-1 task-29] r.c.m.x.r.UserMapper.getUserByUserName   : ==> Parameters: student(String)
2024-11-28 16:31:13.275 DEBUG 34048 --- [XNIO-1 task-29] r.c.m.x.r.UserMapper.getUserByUserName   : <==      Total: 1
2024-11-28 16:31:13.276 DEBUG 34048 --- [XNIO-1 task-29] r.c.m.x.r.U.getUserEventLogByUserId      : ==>  Preparing: select id, user_id, user_name, real_name, content, create_time from t_user_event_log where user_id=? order by id desc limit 10 
2024-11-28 16:31:13.276 DEBUG 34048 --- [XNIO-1 task-29] r.c.m.x.r.U.getUserEventLogByUserId      : ==> Parameters: 1(Integer)
2024-11-28 16:31:13.278 DEBUG 34048 --- [XNIO-1 task-29] r.c.m.x.r.U.getUserEventLogByUserId      : <==      Total: 1
2024-11-28 16:31:13.591 DEBUG 34048 --- [XNIO-1 task-30] r.c.m.x.r.UserMapper.getUserByUserName   : ==>  Preparing: select id, user_uuid, user_name, password, real_name, age, sex, birth_day, user_level, phone, role, status, image_path, create_time, modify_time, last_active_time, deleted, wx_open_id from t_user where deleted=0 and user_name=? limit 1 
2024-11-28 16:31:13.592 DEBUG 34048 --- [XNIO-1 task-30] r.c.m.x.r.UserMapper.getUserByUserName   : ==> Parameters: student(String)
2024-11-28 16:31:13.593 DEBUG 34048 --- [XNIO-1 task-30] r.c.m.x.r.UserMapper.getUserByUserName   : <==      Total: 1
2024-11-28 19:11:33.970 DEBUG 34048 --- [XNIO-1 task-33] r.c.m.x.r.UserMapper.getUserByUserName   : ==>  Preparing: select id, user_uuid, user_name, password, real_name, age, sex, birth_day, user_level, phone, role, status, image_path, create_time, modify_time, last_active_time, deleted, wx_open_id from t_user where deleted=0 and user_name=? limit 1 
2024-11-28 19:11:33.970 DEBUG 34048 --- [XNIO-1 task-32] r.c.m.x.r.UserMapper.getUserByUserName   : ==>  Preparing: select id, user_uuid, user_name, password, real_name, age, sex, birth_day, user_level, phone, role, status, image_path, create_time, modify_time, last_active_time, deleted, wx_open_id from t_user where deleted=0 and user_name=? limit 1 
2024-11-28 19:11:33.970 DEBUG 34048 --- [XNIO-1 task-31] r.c.m.x.r.UserMapper.getUserByUserName   : ==>  Preparing: select id, user_uuid, user_name, password, real_name, age, sex, birth_day, user_level, phone, role, status, image_path, create_time, modify_time, last_active_time, deleted, wx_open_id from t_user where deleted=0 and user_name=? limit 1 
2024-11-28 19:11:33.971 DEBUG 34048 --- [XNIO-1 task-33] r.c.m.x.r.UserMapper.getUserByUserName   : ==> Parameters: student(String)
2024-11-28 19:11:33.971 DEBUG 34048 --- [XNIO-1 task-32] r.c.m.x.r.UserMapper.getUserByUserName   : ==> Parameters: student(String)
2024-11-28 19:11:33.971 DEBUG 34048 --- [XNIO-1 task-31] r.c.m.x.r.UserMapper.getUserByUserName   : ==> Parameters: student(String)
2024-11-28 19:11:33.972 DEBUG 34048 --- [XNIO-1 task-31] r.c.m.x.r.UserMapper.getUserByUserName   : <==      Total: 1
2024-11-28 19:11:33.972 DEBUG 34048 --- [XNIO-1 task-33] r.c.m.x.r.UserMapper.getUserByUserName   : <==      Total: 1
2024-11-28 19:11:33.972 DEBUG 34048 --- [XNIO-1 task-32] r.c.m.x.r.UserMapper.getUserByUserName   : <==      Total: 1
2024-11-28 19:11:33.972 DEBUG 34048 --- [XNIO-1 task-32] r.c.m.x.r.MessageUserMapper.unReadCount  : ==>  Preparing: select count(*) from t_message_user where readed='f' and receive_user_id = ? 
2024-11-28 19:11:33.972 DEBUG 34048 --- [XNIO-1 task-33] r.c.m.x.r.U.getUserEventLogByUserId      : ==>  Preparing: select id, user_id, user_name, real_name, content, create_time from t_user_event_log where user_id=? order by id desc limit 10 
2024-11-28 19:11:33.973 DEBUG 34048 --- [XNIO-1 task-32] r.c.m.x.r.MessageUserMapper.unReadCount  : ==> Parameters: 1(Integer)
2024-11-28 19:11:33.973 DEBUG 34048 --- [XNIO-1 task-33] r.c.m.x.r.U.getUserEventLogByUserId      : ==> Parameters: 1(Integer)
2024-11-28 19:11:33.974 DEBUG 34048 --- [XNIO-1 task-32] r.c.m.x.r.MessageUserMapper.unReadCount  : <==      Total: 1
2024-11-28 19:11:33.974 DEBUG 34048 --- [XNIO-1 task-33] r.c.m.x.r.U.getUserEventLogByUserId      : <==      Total: 1
2024-11-28 19:11:33.986 DEBUG 34048 --- [XNIO-1 task-34] r.c.m.x.r.UserMapper.getUserByUserName   : ==>  Preparing: select id, user_uuid, user_name, password, real_name, age, sex, birth_day, user_level, phone, role, status, image_path, create_time, modify_time, last_active_time, deleted, wx_open_id from t_user where deleted=0 and user_name=? limit 1 
2024-11-28 19:11:33.987 DEBUG 34048 --- [XNIO-1 task-34] r.c.m.x.r.UserMapper.getUserByUserName   : ==> Parameters: student(String)
2024-11-28 19:11:33.988 DEBUG 34048 --- [XNIO-1 task-34] r.c.m.x.r.UserMapper.getUserByUserName   : <==      Total: 1
2024-11-28 19:11:37.530  WARN 34048 --- [HikariPool-1 housekeeper] com.zaxxer.hikari.pool.HikariPool        : HikariPool-1 - Thread starvation or clock leap detected (housekeeper delta=2h40m587ms877µs100ns).
2024-11-28 19:13:36.978 DEBUG 34048 --- [XNIO-1 task-36] r.c.m.x.r.UserMapper.getUserByUserName   : ==>  Preparing: select id, user_uuid, user_name, password, real_name, age, sex, birth_day, user_level, phone, role, status, image_path, create_time, modify_time, last_active_time, deleted, wx_open_id from t_user where deleted=0 and user_name=? limit 1 
2024-11-28 19:13:36.978 DEBUG 34048 --- [XNIO-1 task-36] r.c.m.x.r.UserMapper.getUserByUserName   : ==> Parameters: admin(String)
2024-11-28 19:13:36.979 DEBUG 34048 --- [XNIO-1 task-36] r.c.m.x.r.UserMapper.getUserByUserName   : <==      Total: 1
2024-11-28 19:13:36.983 DEBUG 34048 --- [XNIO-1 task-36] r.c.m.x.r.UserMapper.getUserByUserName   : ==>  Preparing: select id, user_uuid, user_name, password, real_name, age, sex, birth_day, user_level, phone, role, status, image_path, create_time, modify_time, last_active_time, deleted, wx_open_id from t_user where deleted=0 and user_name=? limit 1 
2024-11-28 19:13:36.984 DEBUG 34048 --- [XNIO-1 task-36] r.c.m.x.r.UserMapper.getUserByUserName   : ==> Parameters: admin(String)
2024-11-28 19:13:36.985 DEBUG 34048 --- [XNIO-1 task-36] r.c.m.x.r.UserMapper.getUserByUserName   : <==      Total: 1
2024-11-28 19:13:36.986 DEBUG 34048 --- [XNIO-1 task-36] r.c.m.x.r.U.insertSelective              : ==>  Preparing: insert into t_user_event_log ( user_id, user_name, real_name, content, create_time ) values ( ?, ?, ?, ?, ? ) 
2024-11-28 19:13:36.986 DEBUG 34048 --- [XNIO-1 task-36] r.c.m.x.r.U.insertSelective              : ==> Parameters: 2(Integer), admin(String), 管理员(String), admin 登录了学之思开源考试系统(String), 2024-11-28 19:13:36.985(Timestamp)
2024-11-28 19:13:37.019 DEBUG 34048 --- [XNIO-1 task-36] r.c.m.x.r.U.insertSelective              : <==    Updates: 1
2024-11-28 19:13:37.239 DEBUG 34048 --- [XNIO-1 task-38] r.c.m.x.r.E.selectAllCount               : ==>  Preparing: SELECT count(*) from t_exam_paper where deleted=0 
2024-11-28 19:13:37.239 DEBUG 34048 --- [XNIO-1 task-38] r.c.m.x.r.E.selectAllCount               : ==> Parameters: 
2024-11-28 19:13:37.242 DEBUG 34048 --- [XNIO-1 task-38] r.c.m.x.r.E.selectAllCount               : <==      Total: 1
2024-11-28 19:13:37.243 DEBUG 34048 --- [XNIO-1 task-38] r.c.m.x.r.QuestionMapper.selectAllCount  : ==>  Preparing: SELECT count(*) from t_question where deleted=0 
2024-11-28 19:13:37.243 DEBUG 34048 --- [XNIO-1 task-38] r.c.m.x.r.QuestionMapper.selectAllCount  : ==> Parameters: 
2024-11-28 19:13:37.250 DEBUG 34048 --- [XNIO-1 task-38] r.c.m.x.r.QuestionMapper.selectAllCount  : <==      Total: 1
2024-11-28 19:13:37.251 DEBUG 34048 --- [XNIO-1 task-38] r.c.m.x.r.E.selectAllCount               : ==>  Preparing: SELECT count(*) from t_exam_paper_answer 
2024-11-28 19:13:37.251 DEBUG 34048 --- [XNIO-1 task-38] r.c.m.x.r.E.selectAllCount               : ==> Parameters: 
2024-11-28 19:13:37.254 DEBUG 34048 --- [XNIO-1 task-38] r.c.m.x.r.E.selectAllCount               : <==      Total: 1
2024-11-28 19:13:37.255 DEBUG 34048 --- [XNIO-1 task-38] r.c.m.x.r.E.selectAllCount               : ==>  Preparing: SELECT count(*) from t_exam_paper_question_customer_answer 
2024-11-28 19:13:37.255 DEBUG 34048 --- [XNIO-1 task-38] r.c.m.x.r.E.selectAllCount               : ==> Parameters: 
2024-11-28 19:13:37.256 DEBUG 34048 --- [XNIO-1 task-38] r.c.m.x.r.E.selectAllCount               : <==      Total: 1
2024-11-28 19:13:37.259 DEBUG 34048 --- [XNIO-1 task-38] r.c.m.x.r.U.selectCountByDate            : ==>  Preparing: SELECT create_time as name,COUNT(create_time) as value from ( SELECT DATE_FORMAT(create_time,'%Y-%m-%d') as create_time from t_user_event_log WHERE create_time between ? and ? ) a GROUP BY create_time 
2024-11-28 19:13:37.260 DEBUG 34048 --- [XNIO-1 task-38] r.c.m.x.r.U.selectCountByDate            : ==> Parameters: 2024-11-01 00:00:00.0(Timestamp), 2024-11-30 23:59:59.0(Timestamp)
2024-11-28 19:13:37.263 DEBUG 34048 --- [XNIO-1 task-38] r.c.m.x.r.U.selectCountByDate            : <==      Total: 1
2024-11-28 19:13:37.267 DEBUG 34048 --- [XNIO-1 task-38] r.c.m.x.r.E.selectCountByDate            : ==>  Preparing: SELECT create_time as name,COUNT(create_time) as value from ( SELECT DATE_FORMAT(create_time,'%Y-%m-%d') as create_time from t_exam_paper_question_customer_answer WHERE create_time between ? and ? ) a GROUP BY create_time 
2024-11-28 19:13:37.268 DEBUG 34048 --- [XNIO-1 task-38] r.c.m.x.r.E.selectCountByDate            : ==> Parameters: 2024-11-01 00:00:00.0(Timestamp), 2024-11-30 23:59:59.0(Timestamp)
2024-11-28 19:13:37.268 DEBUG 34048 --- [XNIO-1 task-38] r.c.m.x.r.E.selectCountByDate            : <==      Total: 0
2024-11-28 19:13:42.083 DEBUG 34048 --- [XNIO-1 task-39] r.c.m.x.r.UserMapper.userPage_COUNT      : ==>  Preparing: SELECT count(0) FROM t_user WHERE deleted = 0 AND role = ? 
2024-11-28 19:13:42.084 DEBUG 34048 --- [XNIO-1 task-39] r.c.m.x.r.UserMapper.userPage_COUNT      : ==> Parameters: 1(Integer)
2024-11-28 19:13:42.085 DEBUG 34048 --- [XNIO-1 task-39] r.c.m.x.r.UserMapper.userPage_COUNT      : <==      Total: 1
2024-11-28 19:13:42.090 DEBUG 34048 --- [XNIO-1 task-39] r.c.m.x.repository.UserMapper.userPage   : ==>  Preparing: SELECT id, user_uuid, user_name, password, real_name, age, sex, birth_day, user_level, phone, role, status, image_path, create_time, modify_time, last_active_time, deleted, wx_open_id FROM t_user WHERE deleted = 0 AND role = ? order by id desc LIMIT ? 
2024-11-28 19:13:42.091 DEBUG 34048 --- [XNIO-1 task-39] r.c.m.x.repository.UserMapper.userPage   : ==> Parameters: 1(Integer), 10(Integer)
2024-11-28 19:13:42.091 DEBUG 34048 --- [XNIO-1 task-39] r.c.m.x.repository.UserMapper.userPage   : <==      Total: 1
2024-11-28 19:13:48.930 DEBUG 34048 --- [XNIO-1 task-40] r.c.m.x.r.UserMapper.getUserById         : ==>  Preparing: select id, user_uuid, user_name, password, real_name, age, sex, birth_day, user_level, phone, role, status, image_path, create_time, modify_time, last_active_time, deleted, wx_open_id from t_user where id=? 
2024-11-28 19:13:48.932 DEBUG 34048 --- [XNIO-1 task-40] r.c.m.x.r.UserMapper.getUserById         : ==> Parameters: 1(Integer)
2024-11-28 19:13:48.932 DEBUG 34048 --- [XNIO-1 task-40] r.c.m.x.r.UserMapper.getUserById         : <==      Total: 1
2024-11-28 19:13:48.933 DEBUG 34048 --- [XNIO-1 task-40] r.c.m.x.r.U.updateByPrimaryKeySelective  : ==>  Preparing: update t_user SET user_uuid = ?, user_name = ?, password = ?, real_name = ?, age = ?, sex = ?, birth_day = ?, user_level = ?, phone = ?, role = ?, status = ?, image_path = ?, create_time = ?, modify_time = ?, deleted = ?, wx_open_id = ? where id = ? 
2024-11-28 19:13:48.934 DEBUG 34048 --- [XNIO-1 task-40] r.c.m.x.r.U.updateByPrimaryKeySelective  : ==> Parameters: d2d29da2-dcb3-4013-b874-727626236f47(String), student(String), D1AGFL+Gx37t0NPG4d6biYP5Z31cNbwhK5w1lUeiHB2zagqbk8efYfSjYoh1Z/j1dkiRjHU+b0EpwzCh8IGsksJjzD65ci5LsnodQVf4Uj6D3pwoscXGqmkjjpzvSJbx42swwNTA+QoDU8YLo7JhtbUK2X0qCjFGpd+8eJ5BGvk=(String), 学生(String), 18(Integer), 1(Integer), 2019-09-01 16:00:00.0(Timestamp), 1(Integer), 19171171610(String), 1(Integer), 2(Integer), http://snngl141b.hn-bkt.clouddn.com/FtzOStXx4to_EjnUxyCmkN0gBhjl(String), 2019-09-07 18:55:02.0(Timestamp), 2024-11-28 19:13:48.933(Timestamp), false(Boolean), oeIHv6wR7OI7bl4DlUq3nIzdn-Tk(String), 1(Integer)
2024-11-28 19:13:48.946 DEBUG 34048 --- [XNIO-1 task-40] r.c.m.x.r.U.updateByPrimaryKeySelective  : <==    Updates: 1
2024-11-28 19:13:52.798 DEBUG 34048 --- [XNIO-1 task-41] r.c.m.x.r.UserMapper.getUserById         : ==>  Preparing: select id, user_uuid, user_name, password, real_name, age, sex, birth_day, user_level, phone, role, status, image_path, create_time, modify_time, last_active_time, deleted, wx_open_id from t_user where id=? 
2024-11-28 19:13:52.798 DEBUG 34048 --- [XNIO-1 task-41] r.c.m.x.r.UserMapper.getUserById         : ==> Parameters: 1(Integer)
2024-11-28 19:13:52.800 DEBUG 34048 --- [XNIO-1 task-41] r.c.m.x.r.UserMapper.getUserById         : <==      Total: 1
2024-11-28 19:13:52.800 DEBUG 34048 --- [XNIO-1 task-41] r.c.m.x.r.U.updateByPrimaryKeySelective  : ==>  Preparing: update t_user SET user_uuid = ?, user_name = ?, password = ?, real_name = ?, age = ?, sex = ?, birth_day = ?, user_level = ?, phone = ?, role = ?, status = ?, image_path = ?, create_time = ?, modify_time = ?, deleted = ?, wx_open_id = ? where id = ? 
2024-11-28 19:13:52.801 DEBUG 34048 --- [XNIO-1 task-41] r.c.m.x.r.U.updateByPrimaryKeySelective  : ==> Parameters: d2d29da2-dcb3-4013-b874-727626236f47(String), student(String), D1AGFL+Gx37t0NPG4d6biYP5Z31cNbwhK5w1lUeiHB2zagqbk8efYfSjYoh1Z/j1dkiRjHU+b0EpwzCh8IGsksJjzD65ci5LsnodQVf4Uj6D3pwoscXGqmkjjpzvSJbx42swwNTA+QoDU8YLo7JhtbUK2X0qCjFGpd+8eJ5BGvk=(String), 学生(String), 18(Integer), 1(Integer), 2019-09-01 16:00:00.0(Timestamp), 1(Integer), 19171171610(String), 1(Integer), 1(Integer), http://snngl141b.hn-bkt.clouddn.com/FtzOStXx4to_EjnUxyCmkN0gBhjl(String), 2019-09-07 18:55:02.0(Timestamp), 2024-11-28 19:13:52.8(Timestamp), false(Boolean), oeIHv6wR7OI7bl4DlUq3nIzdn-Tk(String), 1(Integer)
2024-11-28 19:13:52.816 DEBUG 34048 --- [XNIO-1 task-41] r.c.m.x.r.U.updateByPrimaryKeySelective  : <==    Updates: 1
2024-11-28 19:13:54.802 DEBUG 34048 --- [XNIO-1 task-42] r.c.m.x.r.UserMapper.getUserById         : ==>  Preparing: select id, user_uuid, user_name, password, real_name, age, sex, birth_day, user_level, phone, role, status, image_path, create_time, modify_time, last_active_time, deleted, wx_open_id from t_user where id=? 
2024-11-28 19:13:54.803 DEBUG 34048 --- [XNIO-1 task-42] r.c.m.x.r.UserMapper.getUserById         : ==> Parameters: 1(Integer)
2024-11-28 19:13:54.803 DEBUG 34048 --- [XNIO-1 task-42] r.c.m.x.r.UserMapper.getUserById         : <==      Total: 1
2024-11-28 19:14:00.340 DEBUG 34048 --- [XNIO-1 task-43] r.c.m.x.r.E.selectAllCount               : ==>  Preparing: SELECT count(*) from t_exam_paper where deleted=0 
2024-11-28 19:14:00.340 DEBUG 34048 --- [XNIO-1 task-43] r.c.m.x.r.E.selectAllCount               : ==> Parameters: 
2024-11-28 19:14:00.341 DEBUG 34048 --- [XNIO-1 task-43] r.c.m.x.r.E.selectAllCount               : <==      Total: 1
2024-11-28 19:14:00.342 DEBUG 34048 --- [XNIO-1 task-43] r.c.m.x.r.QuestionMapper.selectAllCount  : ==>  Preparing: SELECT count(*) from t_question where deleted=0 
2024-11-28 19:14:00.342 DEBUG 34048 --- [XNIO-1 task-43] r.c.m.x.r.QuestionMapper.selectAllCount  : ==> Parameters: 
2024-11-28 19:14:00.342 DEBUG 34048 --- [XNIO-1 task-43] r.c.m.x.r.QuestionMapper.selectAllCount  : <==      Total: 1
2024-11-28 19:14:00.343 DEBUG 34048 --- [XNIO-1 task-43] r.c.m.x.r.E.selectAllCount               : ==>  Preparing: SELECT count(*) from t_exam_paper_answer 
2024-11-28 19:14:00.343 DEBUG 34048 --- [XNIO-1 task-43] r.c.m.x.r.E.selectAllCount               : ==> Parameters: 
2024-11-28 19:14:00.343 DEBUG 34048 --- [XNIO-1 task-43] r.c.m.x.r.E.selectAllCount               : <==      Total: 1
2024-11-28 19:14:00.344 DEBUG 34048 --- [XNIO-1 task-43] r.c.m.x.r.E.selectAllCount               : ==>  Preparing: SELECT count(*) from t_exam_paper_question_customer_answer 
2024-11-28 19:14:00.344 DEBUG 34048 --- [XNIO-1 task-43] r.c.m.x.r.E.selectAllCount               : ==> Parameters: 
2024-11-28 19:14:00.344 DEBUG 34048 --- [XNIO-1 task-43] r.c.m.x.r.E.selectAllCount               : <==      Total: 1
2024-11-28 19:14:00.345 DEBUG 34048 --- [XNIO-1 task-43] r.c.m.x.r.U.selectCountByDate            : ==>  Preparing: SELECT create_time as name,COUNT(create_time) as value from ( SELECT DATE_FORMAT(create_time,'%Y-%m-%d') as create_time from t_user_event_log WHERE create_time between ? and ? ) a GROUP BY create_time 
2024-11-28 19:14:00.345 DEBUG 34048 --- [XNIO-1 task-43] r.c.m.x.r.U.selectCountByDate            : ==> Parameters: 2024-11-01 00:00:00.0(Timestamp), 2024-11-30 23:59:59.0(Timestamp)
2024-11-28 19:14:00.346 DEBUG 34048 --- [XNIO-1 task-43] r.c.m.x.r.U.selectCountByDate            : <==      Total: 1
2024-11-28 19:14:00.347 DEBUG 34048 --- [XNIO-1 task-43] r.c.m.x.r.E.selectCountByDate            : ==>  Preparing: SELECT create_time as name,COUNT(create_time) as value from ( SELECT DATE_FORMAT(create_time,'%Y-%m-%d') as create_time from t_exam_paper_question_customer_answer WHERE create_time between ? and ? ) a GROUP BY create_time 
2024-11-28 19:14:00.349 DEBUG 34048 --- [XNIO-1 task-43] r.c.m.x.r.E.selectCountByDate            : ==> Parameters: 2024-11-01 00:00:00.0(Timestamp), 2024-11-30 23:59:59.0(Timestamp)
2024-11-28 19:14:00.350 DEBUG 34048 --- [XNIO-1 task-43] r.c.m.x.r.E.selectCountByDate            : <==      Total: 0
2024-11-28 19:14:08.240 DEBUG 34048 --- [XNIO-1 task-44] r.c.m.x.r.UserMapper.getUserByUserName   : ==>  Preparing: select id, user_uuid, user_name, password, real_name, age, sex, birth_day, user_level, phone, role, status, image_path, create_time, modify_time, last_active_time, deleted, wx_open_id from t_user where deleted=0 and user_name=? limit 1 
2024-11-28 19:14:08.241 DEBUG 34048 --- [XNIO-1 task-44] r.c.m.x.r.UserMapper.getUserByUserName   : ==> Parameters: admin(String)
2024-11-28 19:14:08.242 DEBUG 34048 --- [XNIO-1 task-44] r.c.m.x.r.UserMapper.getUserByUserName   : <==      Total: 1
2024-11-28 19:14:20.367 DEBUG 34048 --- [XNIO-1 task-45] r.c.m.x.r.SubjectMapper.allSubject       : ==>  Preparing: select id, name, level, level_name, item_order, deleted from t_subject 
2024-11-28 19:14:20.368 DEBUG 34048 --- [XNIO-1 task-45] r.c.m.x.r.SubjectMapper.allSubject       : ==> Parameters: 
2024-11-28 19:14:20.368 DEBUG 34048 --- [XNIO-1 task-45] r.c.m.x.r.SubjectMapper.allSubject       : <==      Total: 0
2024-11-28 19:14:20.676 DEBUG 34048 --- [XNIO-1 task-46] r.c.m.x.r.ExamPaperMapper.page_COUNT     : ==>  Preparing: SELECT count(0) FROM t_exam_paper WHERE deleted = 0 
2024-11-28 19:14:20.676 DEBUG 34048 --- [XNIO-1 task-46] r.c.m.x.r.ExamPaperMapper.page_COUNT     : ==> Parameters: 
2024-11-28 19:14:20.676 DEBUG 34048 --- [XNIO-1 task-46] r.c.m.x.r.ExamPaperMapper.page_COUNT     : <==      Total: 1
2024-11-28 19:14:22.464 DEBUG 34048 --- [XNIO-1 task-47] r.c.m.x.r.SubjectMapper.allSubject       : ==>  Preparing: select id, name, level, level_name, item_order, deleted from t_subject 
2024-11-28 19:14:22.464 DEBUG 34048 --- [XNIO-1 task-47] r.c.m.x.r.SubjectMapper.allSubject       : ==> Parameters: 
2024-11-28 19:14:22.469 DEBUG 34048 --- [XNIO-1 task-47] r.c.m.x.r.SubjectMapper.allSubject       : <==      Total: 0
2024-11-28 19:14:22.472 DEBUG 34048 --- [XNIO-1 task-48] r.c.m.x.r.QuestionMapper.page_COUNT      : ==>  Preparing: SELECT count(0) FROM t_question WHERE deleted = 0 
2024-11-28 19:14:22.473 DEBUG 34048 --- [XNIO-1 task-48] r.c.m.x.r.QuestionMapper.page_COUNT      : ==> Parameters: 
2024-11-28 19:14:22.475 DEBUG 34048 --- [XNIO-1 task-48] r.c.m.x.r.QuestionMapper.page_COUNT      : <==      Total: 1
2024-11-28 19:14:25.092 DEBUG 34048 --- [XNIO-1 task-49] r.c.m.x.r.TaskExamMapper.page_COUNT      : ==>  Preparing: SELECT count(0) FROM t_task_exam WHERE deleted = 0 
2024-11-28 19:14:25.092 DEBUG 34048 --- [XNIO-1 task-49] r.c.m.x.r.TaskExamMapper.page_COUNT      : ==> Parameters: 
2024-11-28 19:14:25.093 DEBUG 34048 --- [XNIO-1 task-49] r.c.m.x.r.TaskExamMapper.page_COUNT      : <==      Total: 1
2024-11-28 19:14:26.812 DEBUG 34048 --- [XNIO-1 task-50] r.c.m.x.r.SubjectMapper.allSubject       : ==>  Preparing: select id, name, level, level_name, item_order, deleted from t_subject 
2024-11-28 19:14:26.812 DEBUG 34048 --- [XNIO-1 task-50] r.c.m.x.r.SubjectMapper.allSubject       : ==> Parameters: 
2024-11-28 19:14:26.812 DEBUG 34048 --- [XNIO-1 task-50] r.c.m.x.r.SubjectMapper.allSubject       : <==      Total: 0
2024-11-28 19:20:36.224 DEBUG 34048 --- [XNIO-1 task-51] r.c.m.x.r.UserTokenMapper.getToken       : ==>  Preparing: select id, token, user_id, wx_open_id, create_time, end_time, user_name from t_user_token where token = ? order by id desc limit 1 
2024-11-28 19:20:36.224 DEBUG 34048 --- [XNIO-1 task-51] r.c.m.x.r.UserTokenMapper.getToken       : ==> Parameters: 8f4b3f27-25f7-4520-8fe4-ede04ea8f1ef(String)
2024-11-28 19:20:36.226 DEBUG 34048 --- [XNIO-1 task-51] r.c.m.x.r.UserTokenMapper.getToken       : <==      Total: 1
2024-11-28 19:20:36.226 DEBUG 34048 --- [XNIO-1 task-51] r.c.m.x.r.UserMapper.getUserByUserName   : ==>  Preparing: select id, user_uuid, user_name, password, real_name, age, sex, birth_day, user_level, phone, role, status, image_path, create_time, modify_time, last_active_time, deleted, wx_open_id from t_user where deleted=0 and user_name=? limit 1 
2024-11-28 19:20:36.226 DEBUG 34048 --- [XNIO-1 task-51] r.c.m.x.r.UserMapper.getUserByUserName   : ==> Parameters: student(String)
2024-11-28 19:20:36.228 DEBUG 34048 --- [XNIO-1 task-51] r.c.m.x.r.UserMapper.getUserByUserName   : <==      Total: 1
2024-11-28 19:20:36.229 DEBUG 34048 --- [XNIO-1 task-51] r.c.m.x.r.ExamPaperMapper.indexPaper     : ==>  Preparing: SELECT id,name,limit_start_time,limit_end_time FROM t_exam_paper WHERE deleted=0 and paper_type= ? and grade_level=? ORDER BY id desc limit 5 
2024-11-28 19:20:36.229 DEBUG 34048 --- [XNIO-1 task-51] r.c.m.x.r.ExamPaperMapper.indexPaper     : ==> Parameters: 1(Integer), 1(Integer)
2024-11-28 19:20:36.230 DEBUG 34048 --- [XNIO-1 task-51] r.c.m.x.r.ExamPaperMapper.indexPaper     : <==      Total: 0
2024-11-28 19:20:36.231 DEBUG 34048 --- [XNIO-1 task-51] r.c.m.x.r.ExamPaperMapper.indexPaper     : ==>  Preparing: SELECT id,name,limit_start_time,limit_end_time FROM t_exam_paper WHERE deleted=0 and paper_type= ? and grade_level=? and ? between limit_start_time and limit_end_time ORDER BY id desc limit 5 
2024-11-28 19:20:36.231 DEBUG 34048 --- [XNIO-1 task-52] r.c.m.x.r.UserTokenMapper.getToken       : ==>  Preparing: select id, token, user_id, wx_open_id, create_time, end_time, user_name from t_user_token where token = ? order by id desc limit 1 
2024-11-28 19:20:36.231 DEBUG 34048 --- [XNIO-1 task-52] r.c.m.x.r.UserTokenMapper.getToken       : ==> Parameters: 8f4b3f27-25f7-4520-8fe4-ede04ea8f1ef(String)
2024-11-28 19:20:36.231 DEBUG 34048 --- [XNIO-1 task-51] r.c.m.x.r.ExamPaperMapper.indexPaper     : ==> Parameters: 4(Integer), 1(Integer), 2024-11-28 19:20:36.231(Timestamp)
2024-11-28 19:20:36.232 DEBUG 34048 --- [XNIO-1 task-51] r.c.m.x.r.ExamPaperMapper.indexPaper     : <==      Total: 0
2024-11-28 19:20:36.232 DEBUG 34048 --- [XNIO-1 task-52] r.c.m.x.r.UserTokenMapper.getToken       : <==      Total: 1
2024-11-28 19:20:36.233 DEBUG 34048 --- [XNIO-1 task-52] r.c.m.x.r.UserMapper.getUserByUserName   : ==>  Preparing: select id, user_uuid, user_name, password, real_name, age, sex, birth_day, user_level, phone, role, status, image_path, create_time, modify_time, last_active_time, deleted, wx_open_id from t_user where deleted=0 and user_name=? limit 1 
2024-11-28 19:20:36.233 DEBUG 34048 --- [XNIO-1 task-52] r.c.m.x.r.UserMapper.getUserByUserName   : ==> Parameters: student(String)
2024-11-28 19:20:36.235 DEBUG 34048 --- [XNIO-1 task-52] r.c.m.x.r.UserMapper.getUserByUserName   : <==      Total: 1
2024-11-28 19:20:36.235 DEBUG 34048 --- [XNIO-1 task-52] r.c.m.x.r.T.getByGradeLevel              : ==>  Preparing: select id, title, grade_level, frame_text_content_id, create_user, create_time, deleted, create_user_name from t_task_exam where deleted=0 and grade_level = ? 
2024-11-28 19:20:36.236 DEBUG 34048 --- [XNIO-1 task-52] r.c.m.x.r.T.getByGradeLevel              : ==> Parameters: 1(Integer)
2024-11-28 19:20:36.237 DEBUG 34048 --- [XNIO-1 task-52] r.c.m.x.r.T.getByGradeLevel              : <==      Total: 0
2024-11-28 19:21:59.316 DEBUG 34048 --- [XNIO-1 task-53] r.c.m.x.r.UserTokenMapper.getToken       : ==>  Preparing: select id, token, user_id, wx_open_id, create_time, end_time, user_name from t_user_token where token = ? order by id desc limit 1 
2024-11-28 19:21:59.316 DEBUG 34048 --- [XNIO-1 task-53] r.c.m.x.r.UserTokenMapper.getToken       : ==> Parameters: 8f4b3f27-25f7-4520-8fe4-ede04ea8f1ef(String)
2024-11-28 19:21:59.317 DEBUG 34048 --- [XNIO-1 task-53] r.c.m.x.r.UserTokenMapper.getToken       : <==      Total: 1
2024-11-28 19:21:59.317 DEBUG 34048 --- [XNIO-1 task-53] r.c.m.x.r.UserMapper.getUserByUserName   : ==>  Preparing: select id, user_uuid, user_name, password, real_name, age, sex, birth_day, user_level, phone, role, status, image_path, create_time, modify_time, last_active_time, deleted, wx_open_id from t_user where deleted=0 and user_name=? limit 1 
2024-11-28 19:21:59.317 DEBUG 34048 --- [XNIO-1 task-53] r.c.m.x.r.UserMapper.getUserByUserName   : ==> Parameters: student(String)
2024-11-28 19:21:59.319 DEBUG 34048 --- [XNIO-1 task-53] r.c.m.x.r.UserMapper.getUserByUserName   : <==      Total: 1
2024-11-28 19:21:59.336 DEBUG 34048 --- [XNIO-1 task-53] r.c.m.x.r.E.studentPage_COUNT            : ==>  Preparing: SELECT count(0) FROM t_exam_paper WHERE deleted = 0 AND grade_level = ? AND paper_type = ? 
2024-11-28 19:21:59.336 DEBUG 34048 --- [XNIO-1 task-53] r.c.m.x.r.E.studentPage_COUNT            : ==> Parameters: 1(Integer), 1(Integer)
2024-11-28 19:21:59.337 DEBUG 34048 --- [XNIO-1 task-53] r.c.m.x.r.E.studentPage_COUNT            : <==      Total: 1
2024-11-28 19:22:01.213 DEBUG 34048 --- [XNIO-1 task-54] r.c.m.x.r.UserTokenMapper.getToken       : ==>  Preparing: select id, token, user_id, wx_open_id, create_time, end_time, user_name from t_user_token where token = ? order by id desc limit 1 
2024-11-28 19:22:01.213 DEBUG 34048 --- [XNIO-1 task-54] r.c.m.x.r.UserTokenMapper.getToken       : ==> Parameters: 8f4b3f27-25f7-4520-8fe4-ede04ea8f1ef(String)
2024-11-28 19:22:01.214 DEBUG 34048 --- [XNIO-1 task-54] r.c.m.x.r.UserTokenMapper.getToken       : <==      Total: 1
2024-11-28 19:22:01.215 DEBUG 34048 --- [XNIO-1 task-54] r.c.m.x.r.UserMapper.getUserByUserName   : ==>  Preparing: select id, user_uuid, user_name, password, real_name, age, sex, birth_day, user_level, phone, role, status, image_path, create_time, modify_time, last_active_time, deleted, wx_open_id from t_user where deleted=0 and user_name=? limit 1 
2024-11-28 19:22:01.215 DEBUG 34048 --- [XNIO-1 task-54] r.c.m.x.r.UserMapper.getUserByUserName   : ==> Parameters: student(String)
2024-11-28 19:22:01.215 DEBUG 34048 --- [XNIO-1 task-54] r.c.m.x.r.UserMapper.getUserByUserName   : <==      Total: 1
2024-11-28 19:22:01.218 DEBUG 34048 --- [XNIO-1 task-54] r.c.m.x.r.E.studentPage_COUNT            : ==>  Preparing: SELECT count(0) FROM t_exam_paper WHERE deleted = 0 AND grade_level = ? AND paper_type = ? 
2024-11-28 19:22:01.218 DEBUG 34048 --- [XNIO-1 task-54] r.c.m.x.r.E.studentPage_COUNT            : ==> Parameters: 1(Integer), 4(Integer)
2024-11-28 19:22:01.219 DEBUG 34048 --- [XNIO-1 task-54] r.c.m.x.r.E.studentPage_COUNT            : <==      Total: 1
2024-11-28 19:22:03.257 DEBUG 34048 --- [XNIO-1 task-55] r.c.m.x.r.UserTokenMapper.getToken       : ==>  Preparing: select id, token, user_id, wx_open_id, create_time, end_time, user_name from t_user_token where token = ? order by id desc limit 1 
2024-11-28 19:22:03.257 DEBUG 34048 --- [XNIO-1 task-55] r.c.m.x.r.UserTokenMapper.getToken       : ==> Parameters: 8f4b3f27-25f7-4520-8fe4-ede04ea8f1ef(String)
2024-11-28 19:22:03.258 DEBUG 34048 --- [XNIO-1 task-55] r.c.m.x.r.UserTokenMapper.getToken       : <==      Total: 1
2024-11-28 19:22:03.259 DEBUG 34048 --- [XNIO-1 task-55] r.c.m.x.r.UserMapper.getUserByUserName   : ==>  Preparing: select id, user_uuid, user_name, password, real_name, age, sex, birth_day, user_level, phone, role, status, image_path, create_time, modify_time, last_active_time, deleted, wx_open_id from t_user where deleted=0 and user_name=? limit 1 
2024-11-28 19:22:03.260 DEBUG 34048 --- [XNIO-1 task-55] r.c.m.x.r.UserMapper.getUserByUserName   : ==> Parameters: student(String)
2024-11-28 19:22:03.261 DEBUG 34048 --- [XNIO-1 task-55] r.c.m.x.r.UserMapper.getUserByUserName   : <==      Total: 1
2024-11-28 19:22:03.271 DEBUG 34048 --- [XNIO-1 task-55] r.c.m.x.r.E.studentPage_COUNT            : ==>  Preparing: SELECT count(0) FROM t_exam_paper_answer WHERE create_user = ? 
2024-11-28 19:22:03.271 DEBUG 34048 --- [XNIO-1 task-55] r.c.m.x.r.E.studentPage_COUNT            : ==> Parameters: 1(Integer)
2024-11-28 19:22:03.271 DEBUG 34048 --- [XNIO-1 task-55] r.c.m.x.r.E.studentPage_COUNT            : <==      Total: 1
2024-11-28 19:22:06.309 DEBUG 34048 --- [XNIO-1 task-56] r.c.m.x.r.UserTokenMapper.getToken       : ==>  Preparing: select id, token, user_id, wx_open_id, create_time, end_time, user_name from t_user_token where token = ? order by id desc limit 1 
2024-11-28 19:22:06.309 DEBUG 34048 --- [XNIO-1 task-56] r.c.m.x.r.UserTokenMapper.getToken       : ==> Parameters: 8f4b3f27-25f7-4520-8fe4-ede04ea8f1ef(String)
2024-11-28 19:22:06.310 DEBUG 34048 --- [XNIO-1 task-56] r.c.m.x.r.UserTokenMapper.getToken       : <==      Total: 1
2024-11-28 19:22:06.311 DEBUG 34048 --- [XNIO-1 task-56] r.c.m.x.r.UserMapper.getUserByUserName   : ==>  Preparing: select id, user_uuid, user_name, password, real_name, age, sex, birth_day, user_level, phone, role, status, image_path, create_time, modify_time, last_active_time, deleted, wx_open_id from t_user where deleted=0 and user_name=? limit 1 
2024-11-28 19:22:06.311 DEBUG 34048 --- [XNIO-1 task-56] r.c.m.x.r.UserMapper.getUserByUserName   : ==> Parameters: student(String)
2024-11-28 19:22:06.312 DEBUG 34048 --- [XNIO-1 task-56] r.c.m.x.r.UserMapper.getUserByUserName   : <==      Total: 1
2024-11-28 19:22:10.208 DEBUG 34048 --- [XNIO-1 task-57] r.c.m.x.r.UserTokenMapper.getToken       : ==>  Preparing: select id, token, user_id, wx_open_id, create_time, end_time, user_name from t_user_token where token = ? order by id desc limit 1 
2024-11-28 19:22:10.209 DEBUG 34048 --- [XNIO-1 task-57] r.c.m.x.r.UserTokenMapper.getToken       : ==> Parameters: 8f4b3f27-25f7-4520-8fe4-ede04ea8f1ef(String)
2024-11-28 19:22:10.210 DEBUG 34048 --- [XNIO-1 task-57] r.c.m.x.r.UserTokenMapper.getToken       : <==      Total: 1
2024-11-28 19:22:10.211 DEBUG 34048 --- [XNIO-1 task-57] r.c.m.x.r.UserMapper.getUserByUserName   : ==>  Preparing: select id, user_uuid, user_name, password, real_name, age, sex, birth_day, user_level, phone, role, status, image_path, create_time, modify_time, last_active_time, deleted, wx_open_id from t_user where deleted=0 and user_name=? limit 1 
2024-11-28 19:22:10.211 DEBUG 34048 --- [XNIO-1 task-57] r.c.m.x.r.UserMapper.getUserByUserName   : ==> Parameters: student(String)
2024-11-28 19:22:10.212 DEBUG 34048 --- [XNIO-1 task-57] r.c.m.x.r.UserMapper.getUserByUserName   : <==      Total: 1
2024-11-28 20:05:07.058  INFO 34048 --- [Thread-16] com.zaxxer.hikari.HikariDataSource       : HikariPool-1 - Shutdown initiated...
2024-11-28 20:05:07.061  INFO 34048 --- [Thread-16] com.zaxxer.hikari.HikariDataSource       : HikariPool-1 - Shutdown completed.
2024-11-28 20:05:07.065  INFO 34048 --- [Thread-16] io.undertow.servlet                      : Destroying Spring FrameworkServlet 'dispatcherServlet'
