2024-12-24 08:01:28.846  INFO 4496 --- [restartedMain] com.mindskip.xzs.XzsApplication          : Starting XzsApplication on acerro with PID 4496 (D:\Workshop\week19\hdt\week18\xzs-mysql-master\source\xzs\target\classes started by 86190 in D:\Workshop\week19\hdt\week18\xzs-mysql-master\source\xzs)
2024-12-24 08:01:28.850  INFO 4496 --- [restartedMain] com.mindskip.xzs.XzsApplication          : The following profiles are active: dev
2024-12-24 08:01:28.914  INFO 4496 --- [restartedMain] .e.DevToolsPropertyDefaultsPostProcessor : Devtools property defaults active! Set 'spring.devtools.add-properties' to 'false' to disable
2024-12-24 08:01:28.914  INFO 4496 --- [restartedMain] .e.DevToolsPropertyDefaultsPostProcessor : For additional web related logging consider setting the 'logging.level.web' property to 'DEBUG'
2024-12-24 08:01:30.270  INFO 4496 --- [restartedMain] .s.d.r.c.RepositoryConfigurationDelegate : Bootstrapping Spring Data repositories in DEFAULT mode.
2024-12-24 08:01:30.360  INFO 4496 --- [restartedMain] .s.d.r.c.RepositoryConfigurationDelegate : Finished Spring Data repository scanning in 73ms. Found 0 repository interfaces.
2024-12-24 08:01:30.942  INFO 4496 --- [restartedMain] trationDelegate$BeanPostProcessorChecker : Bean 'org.springframework.transaction.annotation.ProxyTransactionManagementConfiguration' of type [org.springframework.transaction.annotation.ProxyTransactionManagementConfiguration$$EnhancerBySpringCGLIB$$ec370787] is not eligible for getting processed by all BeanPostProcessors (for example: not eligible for auto-proxying)
2024-12-24 08:01:31.307  INFO 4496 --- [restartedMain] o.s.b.w.embedded.tomcat.TomcatWebServer  : Tomcat initialized with port(s): 8000 (http)
2024-12-24 08:01:31.324  INFO 4496 --- [restartedMain] o.a.coyote.http11.Http11NioProtocol      : Initializing ProtocolHandler ["http-nio-8000"]
2024-12-24 08:01:31.332  INFO 4496 --- [restartedMain] o.apache.catalina.core.StandardService   : Starting service [Tomcat]
2024-12-24 08:01:31.332  INFO 4496 --- [restartedMain] org.apache.catalina.core.StandardEngine  : Starting Servlet engine: [Apache Tomcat/9.0.21]
2024-12-24 08:01:31.457  INFO 4496 --- [restartedMain] o.a.c.c.C.[Tomcat].[localhost].[/]       : Initializing Spring embedded WebApplicationContext
2024-12-24 08:01:31.457  INFO 4496 --- [restartedMain] o.s.web.context.ContextLoader            : Root WebApplicationContext: initialization completed in 2543 ms
2024-12-24 08:01:32.292  INFO 4496 --- [restartedMain] com.zaxxer.hikari.HikariDataSource       : HikariPool-1 - Starting...
2024-12-24 08:01:32.432  INFO 4496 --- [restartedMain] com.zaxxer.hikari.HikariDataSource       : HikariPool-1 - Start completed.
2024-12-24 08:01:32.508  INFO 4496 --- [restartedMain] o.hibernate.jpa.internal.util.LogHelper  : HHH000204: Processing PersistenceUnitInfo [name: default]
2024-12-24 08:01:32.587  INFO 4496 --- [restartedMain] org.hibernate.Version                    : HHH000412: Hibernate ORM core version 5.5.7.Final
2024-12-24 08:01:32.775  INFO 4496 --- [restartedMain] o.hibernate.annotations.common.Version   : HCANN000001: Hibernate Commons Annotations {5.1.2.Final}
2024-12-24 08:01:33.141  INFO 4496 --- [restartedMain] org.hibernate.dialect.Dialect            : HHH000400: Using dialect: org.hibernate.dialect.MySQL5Dialect
2024-12-24 08:01:33.342  INFO 4496 --- [restartedMain] o.h.e.t.j.p.i.JtaPlatformInitiator       : HHH000490: Using JtaPlatform implementation: [org.hibernate.engine.transaction.jta.platform.internal.NoJtaPlatform]
2024-12-24 08:01:33.355  INFO 4496 --- [restartedMain] j.LocalContainerEntityManagerFactoryBean : Initialized JPA EntityManagerFactory for persistence unit 'default'
2024-12-24 08:01:33.833  INFO 4496 --- [restartedMain] o.s.s.web.DefaultSecurityFilterChain     : Creating filter chain: any request, [org.springframework.security.web.context.request.async.WebAsyncManagerIntegrationFilter@6bac92f3, org.springframework.security.web.context.SecurityContextPersistenceFilter@7871ac58, org.springframework.security.web.header.HeaderWriterFilter@5d72972a, org.springframework.web.filter.CorsFilter@6d4e8824, org.springframework.security.web.authentication.logout.LogoutFilter@b54a41e, com.mindskip.xzs.configuration.spring.security.RestLoginAuthenticationFilter@daa3432, org.springframework.security.web.authentication.UsernamePasswordAuthenticationFilter@7a4bc38a, org.springframework.security.web.savedrequest.RequestCacheAwareFilter@4418565, org.springframework.security.web.servletapi.SecurityContextHolderAwareRequestFilter@4a3aac52, org.springframework.security.web.authentication.rememberme.RememberMeAuthenticationFilter@5d8f1c09, org.springframework.security.web.authentication.AnonymousAuthenticationFilter@30d86e41, org.springframework.security.web.session.SessionManagementFilter@77caa010, org.springframework.security.web.access.ExceptionTranslationFilter@4197b415, org.springframework.security.web.access.intercept.FilterSecurityInterceptor@2eec990b]
2024-12-24 08:01:33.933  WARN 4496 --- [restartedMain] aWebConfiguration$JpaWebMvcConfiguration : spring.jpa.open-in-view is enabled by default. Therefore, database queries may be performed during view rendering. Explicitly configure spring.jpa.open-in-view to disable this warning
2024-12-24 08:01:34.155  WARN 4496 --- [restartedMain] ion$DefaultTemplateResolverConfiguration : Cannot find template location: classpath:/templates/ (please add some templates or check your Thymeleaf configuration)
2024-12-24 08:01:34.378  INFO 4496 --- [restartedMain] o.s.b.d.a.OptionalLiveReloadServer       : LiveReload server is running on port 35729
2024-12-24 08:01:34.431  INFO 4496 --- [restartedMain] o.a.coyote.http11.Http11NioProtocol      : Starting ProtocolHandler ["http-nio-8000"]
2024-12-24 08:01:34.474  INFO 4496 --- [restartedMain] o.s.b.w.embedded.tomcat.TomcatWebServer  : Tomcat started on port(s): 8000 (http) with context path ''
2024-12-24 08:01:34.479  INFO 4496 --- [restartedMain] com.mindskip.xzs.XzsApplication          : Started XzsApplication in 6.446 seconds (JVM running for 8.436)
2024-12-24 08:02:11.849  INFO 4496 --- [http-nio-8000-exec-4] o.apache.tomcat.util.http.parser.Cookie  : A cookie header was received [1734653322,1734912426,1734998531; Hm_lpvt_cd8218cd51f800ed2b73e5751cb3f4f9=1734998531; HMACCOUNT=89D315031E4AEB17] that contained an invalid cookie. That cookie will be ignored.
 Note: further occurrences of this error will be logged at DEBUG level.
2024-12-24 08:02:11.849  INFO 4496 --- [http-nio-8000-exec-1] o.apache.tomcat.util.http.parser.Cookie  : A cookie header was received [1734653322,1734912426,1734998531; Hm_lpvt_cd8218cd51f800ed2b73e5751cb3f4f9=1734998531; HMACCOUNT=89D315031E4AEB17] that contained an invalid cookie. That cookie will be ignored.
 Note: further occurrences of this error will be logged at DEBUG level.
2024-12-24 08:02:11.858  INFO 4496 --- [http-nio-8000-exec-2] o.a.c.c.C.[Tomcat].[localhost].[/]       : Initializing Spring DispatcherServlet 'dispatcherServlet'
2024-12-24 08:02:11.858  INFO 4496 --- [http-nio-8000-exec-2] o.s.web.servlet.DispatcherServlet        : Initializing Servlet 'dispatcherServlet'
2024-12-24 08:02:11.869  INFO 4496 --- [http-nio-8000-exec-2] o.s.web.servlet.DispatcherServlet        : Completed initialization in 10 ms
2024-12-24 09:35:51.547  INFO 4496 --- [Thread-21] j.LocalContainerEntityManagerFactoryBean : Closing JPA EntityManagerFactory for persistence unit 'default'
2024-12-24 09:35:51.551  INFO 4496 --- [Thread-21] com.zaxxer.hikari.HikariDataSource       : HikariPool-1 - Shutdown initiated...
2024-12-24 09:35:51.561  INFO 4496 --- [Thread-21] com.zaxxer.hikari.HikariDataSource       : HikariPool-1 - Shutdown completed.
