2024-11-27 20:06:40.222  INFO 31580 --- [restartedMain] com.mindskip.xzs.XzsApplication          : Starting XzsApplication on acerro with PID 31580 (D:\Workshop\week18\xzs-mysql-master\source\xzs\target\classes started by 86190 in D:\Workshop\week18\xzs-mysql-master\source\xzs)
2024-11-27 20:06:40.225  INFO 31580 --- [restartedMain] com.mindskip.xzs.XzsApplication          : The following profiles are active: dev
2024-11-27 20:06:40.324  INFO 31580 --- [restartedMain] .e.DevToolsPropertyDefaultsPostProcessor : Devtools property defaults active! Set 'spring.devtools.add-properties' to 'false' to disable
2024-11-27 20:06:40.324  INFO 31580 --- [restartedMain] .e.DevToolsPropertyDefaultsPostProcessor : For additional web related logging consider setting the 'logging.level.web' property to 'DEBUG'
2024-11-27 20:06:42.057  WARN 31580 --- [restartedMain] io.undertow.websockets.jsr               : UT026010: Buffer pool was not set on WebSocketDeploymentInfo, the default pool will be used
2024-11-27 20:06:42.083  INFO 31580 --- [restartedMain] io.undertow.servlet                      : Initializing Spring embedded WebApplicationContext
2024-11-27 20:06:42.084  INFO 31580 --- [restartedMain] o.s.web.context.ContextLoader            : Root WebApplicationContext: initialization completed in 1759 ms
2024-11-27 20:06:43.279  INFO 31580 --- [restartedMain] o.s.s.web.DefaultSecurityFilterChain     : Creating filter chain: any request, [org.springframework.security.web.context.request.async.WebAsyncManagerIntegrationFilter@5a9a7da0, org.springframework.security.web.context.SecurityContextPersistenceFilter@68497013, org.springframework.security.web.header.HeaderWriterFilter@609262d8, org.springframework.web.filter.CorsFilter@59680aba, org.springframework.security.web.authentication.logout.LogoutFilter@4428a36a, com.mindskip.xzs.configuration.spring.security.RestLoginAuthenticationFilter@55f97420, org.springframework.security.web.authentication.UsernamePasswordAuthenticationFilter@6f194f98, org.springframework.security.web.savedrequest.RequestCacheAwareFilter@6885b3d3, org.springframework.security.web.servletapi.SecurityContextHolderAwareRequestFilter@7e516b8b, org.springframework.security.web.authentication.rememberme.RememberMeAuthenticationFilter@3e4d4c20, org.springframework.security.web.authentication.AnonymousAuthenticationFilter@7ee298bc, org.springframework.security.web.session.SessionManagementFilter@6917a347, org.springframework.security.web.access.ExceptionTranslationFilter@513c95f4, org.springframework.security.web.access.intercept.FilterSecurityInterceptor@d6fd898]
2024-11-27 20:06:43.701  INFO 31580 --- [restartedMain] o.s.b.d.a.OptionalLiveReloadServer       : LiveReload server is running on port 35729
2024-11-27 20:06:43.758  INFO 31580 --- [restartedMain] org.xnio                                 : XNIO version 3.3.8.Final
2024-11-27 20:06:43.770  INFO 31580 --- [restartedMain] org.xnio.nio                             : XNIO NIO Implementation Version 3.3.8.Final
2024-11-27 20:06:43.837  INFO 31580 --- [restartedMain] o.s.b.w.e.u.UndertowServletWebServer     : Undertow started on port(s) 8000 (http) with context path ''
2024-11-27 20:06:43.842  INFO 31580 --- [restartedMain] com.mindskip.xzs.XzsApplication          : Started XzsApplication in 4.26 seconds (JVM running for 6.463)
2024-11-27 20:07:11.941  INFO 31580 --- [restartedMain] com.mindskip.xzs.XzsApplication          : Starting XzsApplication on acerro with PID 31580 (D:\Workshop\week18\xzs-mysql-master\source\xzs\target\classes started by 86190 in D:\Workshop\week18\xzs-mysql-master\source\xzs)
2024-11-27 20:07:11.941  INFO 31580 --- [restartedMain] com.mindskip.xzs.XzsApplication          : The following profiles are active: dev
2024-11-27 20:07:11.946  INFO 31580 --- [restartedMain] o.s.core.annotation.AnnotationUtils      : Failed to introspect annotations on class com.mindskip.xzs.XzsApplication: java.lang.ArrayStoreException: sun.reflect.annotation.TypeNotPresentExceptionProxy
2024-11-27 20:07:11.957 ERROR 31580 --- [restartedMain] o.s.boot.SpringApplication               : Application run failed

java.lang.ArrayStoreException: sun.reflect.annotation.TypeNotPresentExceptionProxy
	at sun.reflect.annotation.AnnotationParser.parseClassArray(AnnotationParser.java:724)
	at sun.reflect.annotation.AnnotationParser.parseArray(AnnotationParser.java:531)
	at sun.reflect.annotation.AnnotationParser.parseMemberValue(AnnotationParser.java:355)
	at sun.reflect.annotation.AnnotationParser.parseAnnotation2(AnnotationParser.java:286)
	at sun.reflect.annotation.AnnotationParser.parseAnnotations2(AnnotationParser.java:120)
	at sun.reflect.annotation.AnnotationParser.parseAnnotations(AnnotationParser.java:72)
	at java.lang.Class.createAnnotationData(Class.java:3521)
	at java.lang.Class.annotationData(Class.java:3510)
	at java.lang.Class.getAnnotations(Class.java:3446)
	at org.springframework.core.type.StandardAnnotationMetadata.<init>(StandardAnnotationMetadata.java:70)
	at org.springframework.beans.factory.annotation.AnnotatedGenericBeanDefinition.<init>(AnnotatedGenericBeanDefinition.java:58)
	at org.springframework.context.annotation.AnnotatedBeanDefinitionReader.doRegisterBean(AnnotatedBeanDefinitionReader.java:216)
	at org.springframework.context.annotation.AnnotatedBeanDefinitionReader.registerBean(AnnotatedBeanDefinitionReader.java:145)
	at org.springframework.context.annotation.AnnotatedBeanDefinitionReader.register(AnnotatedBeanDefinitionReader.java:135)
	at org.springframework.boot.BeanDefinitionLoader.load(BeanDefinitionLoader.java:156)
	at org.springframework.boot.BeanDefinitionLoader.load(BeanDefinitionLoader.java:135)
	at org.springframework.boot.BeanDefinitionLoader.load(BeanDefinitionLoader.java:127)
	at org.springframework.boot.SpringApplication.load(SpringApplication.java:686)
	at org.springframework.boot.SpringApplication.prepareContext(SpringApplication.java:384)
	at org.springframework.boot.SpringApplication.run(SpringApplication.java:310)
	at org.springframework.boot.SpringApplication.run(SpringApplication.java:1213)
	at org.springframework.boot.SpringApplication.run(SpringApplication.java:1202)
	at com.mindskip.xzs.XzsApplication.main(XzsApplication.java:26)
	at sun.reflect.NativeMethodAccessorImpl.invoke0(Native Method)
	at sun.reflect.NativeMethodAccessorImpl.invoke(NativeMethodAccessorImpl.java:62)
	at sun.reflect.DelegatingMethodAccessorImpl.invoke(DelegatingMethodAccessorImpl.java:43)
	at java.lang.reflect.Method.invoke(Method.java:498)
	at org.springframework.boot.devtools.restart.RestartLauncher.run(RestartLauncher.java:49)

2024-11-27 20:07:17.270  INFO 31580 --- [restartedMain] com.mindskip.xzs.XzsApplication          : Starting XzsApplication on acerro with PID 31580 (D:\Workshop\week18\xzs-mysql-master\source\xzs\target\classes started by 86190 in D:\Workshop\week18\xzs-mysql-master\source\xzs)
2024-11-27 20:07:17.271  INFO 31580 --- [restartedMain] com.mindskip.xzs.XzsApplication          : The following profiles are active: dev
2024-11-27 20:07:18.066  WARN 31580 --- [restartedMain] io.undertow.websockets.jsr               : UT026010: Buffer pool was not set on WebSocketDeploymentInfo, the default pool will be used
2024-11-27 20:07:18.067  INFO 31580 --- [restartedMain] io.undertow.servlet                      : Initializing Spring embedded WebApplicationContext
2024-11-27 20:07:18.067  INFO 31580 --- [restartedMain] o.s.web.context.ContextLoader            : Root WebApplicationContext: initialization completed in 792 ms
2024-11-27 20:07:18.580  INFO 31580 --- [restartedMain] o.s.s.web.DefaultSecurityFilterChain     : Creating filter chain: any request, [org.springframework.security.web.context.request.async.WebAsyncManagerIntegrationFilter@2d5296c4, org.springframework.security.web.context.SecurityContextPersistenceFilter@3f40c521, org.springframework.security.web.header.HeaderWriterFilter@4ac974b2, org.springframework.web.filter.CorsFilter@289465de, org.springframework.security.web.authentication.logout.LogoutFilter@5c245e64, com.mindskip.xzs.configuration.spring.security.RestLoginAuthenticationFilter@4502b6d8, org.springframework.security.web.authentication.UsernamePasswordAuthenticationFilter@3007558a, org.springframework.security.web.savedrequest.RequestCacheAwareFilter@a2ca631, org.springframework.security.web.servletapi.SecurityContextHolderAwareRequestFilter@bc12f22, org.springframework.security.web.authentication.rememberme.RememberMeAuthenticationFilter@7c50a445, org.springframework.security.web.authentication.AnonymousAuthenticationFilter@22b5ce43, org.springframework.security.web.session.SessionManagementFilter@5ea1326c, org.springframework.security.web.access.ExceptionTranslationFilter@df715c5, org.springframework.security.web.access.intercept.FilterSecurityInterceptor@7d2f1d85]
2024-11-27 20:07:18.844  INFO 31580 --- [restartedMain] o.s.b.d.a.OptionalLiveReloadServer       : LiveReload server is running on port 35729
2024-11-27 20:07:18.881  INFO 31580 --- [restartedMain] o.s.b.w.e.u.UndertowServletWebServer     : Undertow started on port(s) 8000 (http) with context path ''
2024-11-27 20:07:18.882  INFO 31580 --- [restartedMain] com.mindskip.xzs.XzsApplication          : Started XzsApplication in 1.653 seconds (JVM running for 41.504)
2024-11-27 20:07:18.885  INFO 31580 --- [restartedMain] .ConditionEvaluationDeltaLoggingListener : Condition evaluation unchanged
2024-11-27 20:08:14.764  INFO 31580 --- [restartedMain] com.mindskip.xzs.XzsApplication          : Starting XzsApplication on acerro with PID 31580 (D:\Workshop\week18\xzs-mysql-master\source\xzs\target\classes started by 86190 in D:\Workshop\week18\xzs-mysql-master\source\xzs)
2024-11-27 20:08:14.764  INFO 31580 --- [restartedMain] com.mindskip.xzs.XzsApplication          : The following profiles are active: dev
2024-11-27 20:08:15.367  WARN 31580 --- [restartedMain] io.undertow.websockets.jsr               : UT026010: Buffer pool was not set on WebSocketDeploymentInfo, the default pool will be used
2024-11-27 20:08:15.368  INFO 31580 --- [restartedMain] io.undertow.servlet                      : Initializing Spring embedded WebApplicationContext
2024-11-27 20:08:15.368  INFO 31580 --- [restartedMain] o.s.web.context.ContextLoader            : Root WebApplicationContext: initialization completed in 600 ms
2024-11-27 20:08:15.722  INFO 31580 --- [restartedMain] o.s.s.web.DefaultSecurityFilterChain     : Creating filter chain: any request, [org.springframework.security.web.context.request.async.WebAsyncManagerIntegrationFilter@7866422e, org.springframework.security.web.context.SecurityContextPersistenceFilter@4f2774d5, org.springframework.security.web.header.HeaderWriterFilter@4fde7aa0, org.springframework.web.filter.CorsFilter@2a593595, org.springframework.security.web.authentication.logout.LogoutFilter@16596f51, com.mindskip.xzs.configuration.spring.security.RestLoginAuthenticationFilter@459ef47b, org.springframework.security.web.authentication.UsernamePasswordAuthenticationFilter@40759e97, org.springframework.security.web.savedrequest.RequestCacheAwareFilter@58d10b10, org.springframework.security.web.servletapi.SecurityContextHolderAwareRequestFilter@64e661d0, org.springframework.security.web.authentication.rememberme.RememberMeAuthenticationFilter@7a5b7a38, org.springframework.security.web.authentication.AnonymousAuthenticationFilter@4634976f, org.springframework.security.web.session.SessionManagementFilter@48374f42, org.springframework.security.web.access.ExceptionTranslationFilter@5258a736, org.springframework.security.web.access.intercept.FilterSecurityInterceptor@72441532]
2024-11-27 20:08:15.929  INFO 31580 --- [restartedMain] o.s.b.d.a.OptionalLiveReloadServer       : LiveReload server is running on port 35729
2024-11-27 20:08:15.960  INFO 31580 --- [restartedMain] o.s.b.w.e.u.UndertowServletWebServer     : Undertow started on port(s) 8000 (http) with context path ''
2024-11-27 20:08:15.961  INFO 31580 --- [restartedMain] com.mindskip.xzs.XzsApplication          : Started XzsApplication in 1.245 seconds (JVM running for 98.583)
2024-11-27 20:08:15.964  INFO 31580 --- [restartedMain] .ConditionEvaluationDeltaLoggingListener : Condition evaluation unchanged
2024-11-27 20:08:42.438  INFO 40060 --- [restartedMain] com.mindskip.xzs.XzsApplication          : Starting XzsApplication on acerro with PID 40060 (D:\Workshop\week18\xzs-mysql-master\source\xzs\target\classes started by 86190 in D:\Workshop\week18\xzs-mysql-master\source\xzs)
2024-11-27 20:08:42.441  INFO 40060 --- [restartedMain] com.mindskip.xzs.XzsApplication          : The following profiles are active: dev
2024-11-27 20:08:42.483  INFO 40060 --- [restartedMain] .e.DevToolsPropertyDefaultsPostProcessor : Devtools property defaults active! Set 'spring.devtools.add-properties' to 'false' to disable
2024-11-27 20:08:42.483  INFO 40060 --- [restartedMain] .e.DevToolsPropertyDefaultsPostProcessor : For additional web related logging consider setting the 'logging.level.web' property to 'DEBUG'
2024-11-27 20:08:43.987  WARN 40060 --- [restartedMain] io.undertow.websockets.jsr               : UT026010: Buffer pool was not set on WebSocketDeploymentInfo, the default pool will be used
2024-11-27 20:08:44.014  INFO 40060 --- [restartedMain] io.undertow.servlet                      : Initializing Spring embedded WebApplicationContext
2024-11-27 20:08:44.014  INFO 40060 --- [restartedMain] o.s.web.context.ContextLoader            : Root WebApplicationContext: initialization completed in 1531 ms
2024-11-27 20:08:45.044  INFO 40060 --- [restartedMain] o.s.s.web.DefaultSecurityFilterChain     : Creating filter chain: any request, [org.springframework.security.web.context.request.async.WebAsyncManagerIntegrationFilter@3f030057, org.springframework.security.web.context.SecurityContextPersistenceFilter@3fb11a0c, org.springframework.security.web.header.HeaderWriterFilter@3073fdb7, org.springframework.web.filter.CorsFilter@4317f062, org.springframework.security.web.authentication.logout.LogoutFilter@71c6a274, com.mindskip.xzs.configuration.spring.security.RestLoginAuthenticationFilter@3018a773, org.springframework.security.web.authentication.UsernamePasswordAuthenticationFilter@3e0f3e3f, org.springframework.security.web.savedrequest.RequestCacheAwareFilter@5f6f868c, org.springframework.security.web.servletapi.SecurityContextHolderAwareRequestFilter@4e58b1fd, org.springframework.security.web.authentication.rememberme.RememberMeAuthenticationFilter@5e177303, org.springframework.security.web.authentication.AnonymousAuthenticationFilter@3f329958, org.springframework.security.web.session.SessionManagementFilter@5a7da201, org.springframework.security.web.access.ExceptionTranslationFilter@4e1d3840, org.springframework.security.web.access.intercept.FilterSecurityInterceptor@b39a41d]
2024-11-27 20:08:45.435  INFO 40060 --- [restartedMain] o.s.b.d.a.OptionalLiveReloadServer       : LiveReload server is running on port 35729
2024-11-27 20:08:45.496  INFO 40060 --- [restartedMain] org.xnio                                 : XNIO version 3.3.8.Final
2024-11-27 20:08:45.508  INFO 40060 --- [restartedMain] org.xnio.nio                             : XNIO NIO Implementation Version 3.3.8.Final
2024-11-27 20:08:45.583  INFO 40060 --- [restartedMain] o.s.b.w.e.u.UndertowServletWebServer     : Undertow started on port(s) 8000 (http) with context path ''
2024-11-27 20:08:45.586  INFO 40060 --- [restartedMain] com.mindskip.xzs.XzsApplication          : Started XzsApplication in 3.706 seconds (JVM running for 4.886)
